[2022-07-06 19:40:35,745] {taskinstance.py:1159} INFO - Dependencies all met for <TaskInstance: example_bash_operator.runme_1 manual__2022-07-06T16:40:10.887839+00:00 [queued]>
[2022-07-06 19:40:35,762] {taskinstance.py:1159} INFO - Dependencies all met for <TaskInstance: example_bash_operator.runme_1 manual__2022-07-06T16:40:10.887839+00:00 [queued]>
[2022-07-06 19:40:35,763] {taskinstance.py:1356} INFO - 
--------------------------------------------------------------------------------
[2022-07-06 19:40:35,763] {taskinstance.py:1357} INFO - Starting attempt 1 of 1
[2022-07-06 19:40:35,763] {taskinstance.py:1358} INFO - 
--------------------------------------------------------------------------------
[2022-07-06 19:40:35,792] {taskinstance.py:1377} INFO - Executing <Task(BashOperator): runme_1> on 2022-07-06 16:40:10.887839+00:00
[2022-07-06 19:40:35,795] {standard_task_runner.py:52} INFO - Started process 50437 to run task
[2022-07-06 19:40:35,800] {standard_task_runner.py:79} INFO - Running: ['airflow', 'tasks', 'run', 'example_bash_operator', 'runme_1', 'manual__2022-07-06T16:40:10.887839+00:00', '--job-id', '7', '--raw', '--subdir', '/home/hat/dev-env/10Acadamy/week_9/Speech_to_text_data_collector/venv/lib/python3.10/site-packages/airflow/example_dags/example_bash_operator.py', '--cfg-path', '/tmp/tmp_kevf7tx', '--error-file', '/tmp/tmpld1r0nad']
[2022-07-06 19:40:35,802] {standard_task_runner.py:80} INFO - Job 7: Subtask runme_1
[2022-07-06 19:40:35,887] {task_command.py:370} INFO - Running <TaskInstance: example_bash_operator.runme_1 manual__2022-07-06T16:40:10.887839+00:00 [running]> on host hat
[2022-07-06 19:40:36,001] {taskinstance.py:1569} INFO - Exporting the following env vars:
AIRFLOW_CTX_DAG_OWNER=airflow
AIRFLOW_CTX_DAG_ID=example_bash_operator
AIRFLOW_CTX_TASK_ID=runme_1
AIRFLOW_CTX_EXECUTION_DATE=2022-07-06T16:40:10.887839+00:00
AIRFLOW_CTX_TRY_NUMBER=1
AIRFLOW_CTX_DAG_RUN_ID=manual__2022-07-06T16:40:10.887839+00:00
[2022-07-06 19:40:36,002] {subprocess.py:62} INFO - Tmp dir root location: 
 /tmp
[2022-07-06 19:40:36,005] {subprocess.py:74} INFO - Running command: ['bash', '-c', 'echo "example_bash_operator__runme_1__20220706" && sleep 1']
[2022-07-06 19:40:36,024] {subprocess.py:85} INFO - Output:
[2022-07-06 19:40:36,026] {subprocess.py:92} INFO - example_bash_operator__runme_1__20220706
[2022-07-06 19:40:37,029] {subprocess.py:96} INFO - Command exited with return code 0
[2022-07-06 19:40:37,075] {taskinstance.py:1395} INFO - Marking task as SUCCESS. dag_id=example_bash_operator, task_id=runme_1, execution_date=20220706T164010, start_date=20220706T164035, end_date=20220706T164037
[2022-07-06 19:40:37,141] {local_task_job.py:156} INFO - Task exited with return code 0
[2022-07-06 19:40:37,248] {local_task_job.py:273} INFO - 0 downstream tasks scheduled from follow-on schedule check
