[2022-07-06 19:41:02,208] {taskinstance.py:1159} INFO - Dependencies all met for <TaskInstance: example_bash_operator.run_after_loop manual__2022-07-06T16:40:10.887839+00:00 [queued]>
[2022-07-06 19:41:02,219] {taskinstance.py:1159} INFO - Dependencies all met for <TaskInstance: example_bash_operator.run_after_loop manual__2022-07-06T16:40:10.887839+00:00 [queued]>
[2022-07-06 19:41:02,219] {taskinstance.py:1356} INFO - 
--------------------------------------------------------------------------------
[2022-07-06 19:41:02,219] {taskinstance.py:1357} INFO - Starting attempt 1 of 1
[2022-07-06 19:41:02,219] {taskinstance.py:1358} INFO - 
--------------------------------------------------------------------------------
[2022-07-06 19:41:02,241] {taskinstance.py:1377} INFO - Executing <Task(BashOperator): run_after_loop> on 2022-07-06 16:40:10.887839+00:00
[2022-07-06 19:41:02,246] {standard_task_runner.py:52} INFO - Started process 50787 to run task
[2022-07-06 19:41:02,262] {standard_task_runner.py:79} INFO - Running: ['airflow', 'tasks', 'run', 'example_bash_operator', 'run_after_loop', 'manual__2022-07-06T16:40:10.887839+00:00', '--job-id', '14', '--raw', '--subdir', '/home/hat/dev-env/10Acadamy/week_9/Speech_to_text_data_collector/venv/lib/python3.10/site-packages/airflow/example_dags/example_bash_operator.py', '--cfg-path', '/tmp/tmp0bpnz9wp', '--error-file', '/tmp/tmper83tg2_']
[2022-07-06 19:41:02,263] {standard_task_runner.py:80} INFO - Job 14: Subtask run_after_loop
[2022-07-06 19:41:02,357] {task_command.py:370} INFO - Running <TaskInstance: example_bash_operator.run_after_loop manual__2022-07-06T16:40:10.887839+00:00 [running]> on host hat
[2022-07-06 19:41:02,508] {taskinstance.py:1569} INFO - Exporting the following env vars:
AIRFLOW_CTX_DAG_OWNER=airflow
AIRFLOW_CTX_DAG_ID=example_bash_operator
AIRFLOW_CTX_TASK_ID=run_after_loop
AIRFLOW_CTX_EXECUTION_DATE=2022-07-06T16:40:10.887839+00:00
AIRFLOW_CTX_TRY_NUMBER=1
AIRFLOW_CTX_DAG_RUN_ID=manual__2022-07-06T16:40:10.887839+00:00
[2022-07-06 19:41:02,510] {subprocess.py:62} INFO - Tmp dir root location: 
 /tmp
[2022-07-06 19:41:02,511] {subprocess.py:74} INFO - Running command: ['bash', '-c', 'echo 1']
[2022-07-06 19:41:02,520] {subprocess.py:85} INFO - Output:
[2022-07-06 19:41:02,523] {subprocess.py:92} INFO - 1
[2022-07-06 19:41:02,523] {subprocess.py:96} INFO - Command exited with return code 0
[2022-07-06 19:41:02,580] {taskinstance.py:1395} INFO - Marking task as SUCCESS. dag_id=example_bash_operator, task_id=run_after_loop, execution_date=20220706T164010, start_date=20220706T164102, end_date=20220706T164102
[2022-07-06 19:41:02,633] {local_task_job.py:156} INFO - Task exited with return code 0
[2022-07-06 19:41:02,733] {local_task_job.py:273} INFO - 0 downstream tasks scheduled from follow-on schedule check
