[2022-07-06 19:40:21,941] {taskinstance.py:1159} INFO - Dependencies all met for <TaskInstance: example_bash_operator.runme_1 scheduled__2022-07-05T00:00:00+00:00 [queued]>
[2022-07-06 19:40:21,950] {taskinstance.py:1159} INFO - Dependencies all met for <TaskInstance: example_bash_operator.runme_1 scheduled__2022-07-05T00:00:00+00:00 [queued]>
[2022-07-06 19:40:21,951] {taskinstance.py:1356} INFO - 
--------------------------------------------------------------------------------
[2022-07-06 19:40:21,951] {taskinstance.py:1357} INFO - Starting attempt 1 of 1
[2022-07-06 19:40:21,951] {taskinstance.py:1358} INFO - 
--------------------------------------------------------------------------------
[2022-07-06 19:40:21,967] {taskinstance.py:1377} INFO - Executing <Task(BashOperator): runme_1> on 2022-07-05 00:00:00+00:00
[2022-07-06 19:40:21,969] {standard_task_runner.py:52} INFO - Started process 50232 to run task
[2022-07-06 19:40:21,974] {standard_task_runner.py:79} INFO - Running: ['airflow', 'tasks', 'run', 'example_bash_operator', 'runme_1', 'scheduled__2022-07-05T00:00:00+00:00', '--job-id', '4', '--raw', '--subdir', '/home/hat/dev-env/10Acadamy/week_9/Speech_to_text_data_collector/venv/lib/python3.10/site-packages/airflow/example_dags/example_bash_operator.py', '--cfg-path', '/tmp/tmpuhlrne2z', '--error-file', '/tmp/tmp64wtx98k']
[2022-07-06 19:40:21,975] {standard_task_runner.py:80} INFO - Job 4: Subtask runme_1
[2022-07-06 19:40:22,029] {task_command.py:370} INFO - Running <TaskInstance: example_bash_operator.runme_1 scheduled__2022-07-05T00:00:00+00:00 [running]> on host hat
[2022-07-06 19:40:22,092] {taskinstance.py:1569} INFO - Exporting the following env vars:
AIRFLOW_CTX_DAG_OWNER=airflow
AIRFLOW_CTX_DAG_ID=example_bash_operator
AIRFLOW_CTX_TASK_ID=runme_1
AIRFLOW_CTX_EXECUTION_DATE=2022-07-05T00:00:00+00:00
AIRFLOW_CTX_TRY_NUMBER=1
AIRFLOW_CTX_DAG_RUN_ID=scheduled__2022-07-05T00:00:00+00:00
[2022-07-06 19:40:22,094] {subprocess.py:62} INFO - Tmp dir root location: 
 /tmp
[2022-07-06 19:40:22,095] {subprocess.py:74} INFO - Running command: ['bash', '-c', 'echo "example_bash_operator__runme_1__20220705" && sleep 1']
[2022-07-06 19:40:22,104] {subprocess.py:85} INFO - Output:
[2022-07-06 19:40:22,106] {subprocess.py:92} INFO - example_bash_operator__runme_1__20220705
[2022-07-06 19:40:23,108] {subprocess.py:96} INFO - Command exited with return code 0
[2022-07-06 19:40:23,175] {taskinstance.py:1395} INFO - Marking task as SUCCESS. dag_id=example_bash_operator, task_id=runme_1, execution_date=20220705T000000, start_date=20220706T164021, end_date=20220706T164023
[2022-07-06 19:40:23,229] {local_task_job.py:156} INFO - Task exited with return code 0
[2022-07-06 19:40:23,288] {local_task_job.py:273} INFO - 0 downstream tasks scheduled from follow-on schedule check
