[2022-07-06 19:29:38,048] {processor.py:153} INFO - Started process (PID=46306) to work on /home/hat/dev-env/10Acadamy/week_9/Speech_to_text_data_collector/venv/lib/python3.10/site-packages/airflow/example_dags/subdags/subdag.py
[2022-07-06 19:29:38,049] {processor.py:641} INFO - Processing file /home/hat/dev-env/10Acadamy/week_9/Speech_to_text_data_collector/venv/lib/python3.10/site-packages/airflow/example_dags/subdags/subdag.py for tasks to queue
[2022-07-06 19:29:38,049] {logging_mixin.py:115} INFO - [2022-07-06 19:29:38,049] {dagbag.py:507} INFO - Filling up the DagBag from /home/hat/dev-env/10Acadamy/week_9/Speech_to_text_data_collector/venv/lib/python3.10/site-packages/airflow/example_dags/subdags/subdag.py
[2022-07-06 19:29:38,052] {processor.py:653} WARNING - No viable dags retrieved from /home/hat/dev-env/10Acadamy/week_9/Speech_to_text_data_collector/venv/lib/python3.10/site-packages/airflow/example_dags/subdags/subdag.py
[2022-07-06 19:29:38,067] {processor.py:161} INFO - Processing /home/hat/dev-env/10Acadamy/week_9/Speech_to_text_data_collector/venv/lib/python3.10/site-packages/airflow/example_dags/subdags/subdag.py took 0.023 seconds
[2022-07-06 19:30:16,226] {processor.py:153} INFO - Started process (PID=46722) to work on /home/hat/dev-env/10Acadamy/week_9/Speech_to_text_data_collector/venv/lib/python3.10/site-packages/airflow/example_dags/subdags/subdag.py
[2022-07-06 19:30:16,229] {processor.py:641} INFO - Processing file /home/hat/dev-env/10Acadamy/week_9/Speech_to_text_data_collector/venv/lib/python3.10/site-packages/airflow/example_dags/subdags/subdag.py for tasks to queue
[2022-07-06 19:30:16,238] {logging_mixin.py:115} INFO - [2022-07-06 19:30:16,237] {dagbag.py:507} INFO - Filling up the DagBag from /home/hat/dev-env/10Acadamy/week_9/Speech_to_text_data_collector/venv/lib/python3.10/site-packages/airflow/example_dags/subdags/subdag.py
[2022-07-06 19:30:16,239] {processor.py:653} WARNING - No viable dags retrieved from /home/hat/dev-env/10Acadamy/week_9/Speech_to_text_data_collector/venv/lib/python3.10/site-packages/airflow/example_dags/subdags/subdag.py
[2022-07-06 19:30:16,277] {processor.py:161} INFO - Processing /home/hat/dev-env/10Acadamy/week_9/Speech_to_text_data_collector/venv/lib/python3.10/site-packages/airflow/example_dags/subdags/subdag.py took 0.059 seconds
[2022-07-06 19:30:53,505] {processor.py:153} INFO - Started process (PID=46930) to work on /home/hat/dev-env/10Acadamy/week_9/Speech_to_text_data_collector/venv/lib/python3.10/site-packages/airflow/example_dags/subdags/subdag.py
[2022-07-06 19:30:53,509] {processor.py:641} INFO - Processing file /home/hat/dev-env/10Acadamy/week_9/Speech_to_text_data_collector/venv/lib/python3.10/site-packages/airflow/example_dags/subdags/subdag.py for tasks to queue
[2022-07-06 19:30:53,511] {logging_mixin.py:115} INFO - [2022-07-06 19:30:53,511] {dagbag.py:507} INFO - Filling up the DagBag from /home/hat/dev-env/10Acadamy/week_9/Speech_to_text_data_collector/venv/lib/python3.10/site-packages/airflow/example_dags/subdags/subdag.py
[2022-07-06 19:30:53,514] {processor.py:653} WARNING - No viable dags retrieved from /home/hat/dev-env/10Acadamy/week_9/Speech_to_text_data_collector/venv/lib/python3.10/site-packages/airflow/example_dags/subdags/subdag.py
[2022-07-06 19:30:53,528] {processor.py:161} INFO - Processing /home/hat/dev-env/10Acadamy/week_9/Speech_to_text_data_collector/venv/lib/python3.10/site-packages/airflow/example_dags/subdags/subdag.py took 0.028 seconds
[2022-07-06 19:31:26,837] {processor.py:153} INFO - Started process (PID=47440) to work on /home/hat/dev-env/10Acadamy/week_9/Speech_to_text_data_collector/venv/lib/python3.10/site-packages/airflow/example_dags/subdags/subdag.py
[2022-07-06 19:31:26,840] {processor.py:641} INFO - Processing file /home/hat/dev-env/10Acadamy/week_9/Speech_to_text_data_collector/venv/lib/python3.10/site-packages/airflow/example_dags/subdags/subdag.py for tasks to queue
[2022-07-06 19:31:26,841] {logging_mixin.py:115} INFO - [2022-07-06 19:31:26,841] {dagbag.py:507} INFO - Filling up the DagBag from /home/hat/dev-env/10Acadamy/week_9/Speech_to_text_data_collector/venv/lib/python3.10/site-packages/airflow/example_dags/subdags/subdag.py
[2022-07-06 19:31:26,842] {processor.py:653} WARNING - No viable dags retrieved from /home/hat/dev-env/10Acadamy/week_9/Speech_to_text_data_collector/venv/lib/python3.10/site-packages/airflow/example_dags/subdags/subdag.py
[2022-07-06 19:31:26,854] {processor.py:161} INFO - Processing /home/hat/dev-env/10Acadamy/week_9/Speech_to_text_data_collector/venv/lib/python3.10/site-packages/airflow/example_dags/subdags/subdag.py took 0.020 seconds
[2022-07-06 19:31:59,756] {processor.py:153} INFO - Started process (PID=47603) to work on /home/hat/dev-env/10Acadamy/week_9/Speech_to_text_data_collector/venv/lib/python3.10/site-packages/airflow/example_dags/subdags/subdag.py
[2022-07-06 19:31:59,757] {processor.py:641} INFO - Processing file /home/hat/dev-env/10Acadamy/week_9/Speech_to_text_data_collector/venv/lib/python3.10/site-packages/airflow/example_dags/subdags/subdag.py for tasks to queue
[2022-07-06 19:31:59,758] {logging_mixin.py:115} INFO - [2022-07-06 19:31:59,758] {dagbag.py:507} INFO - Filling up the DagBag from /home/hat/dev-env/10Acadamy/week_9/Speech_to_text_data_collector/venv/lib/python3.10/site-packages/airflow/example_dags/subdags/subdag.py
[2022-07-06 19:31:59,761] {processor.py:653} WARNING - No viable dags retrieved from /home/hat/dev-env/10Acadamy/week_9/Speech_to_text_data_collector/venv/lib/python3.10/site-packages/airflow/example_dags/subdags/subdag.py
[2022-07-06 19:31:59,781] {processor.py:161} INFO - Processing /home/hat/dev-env/10Acadamy/week_9/Speech_to_text_data_collector/venv/lib/python3.10/site-packages/airflow/example_dags/subdags/subdag.py took 0.029 seconds
[2022-07-06 19:32:36,043] {processor.py:153} INFO - Started process (PID=47697) to work on /home/hat/dev-env/10Acadamy/week_9/Speech_to_text_data_collector/venv/lib/python3.10/site-packages/airflow/example_dags/subdags/subdag.py
[2022-07-06 19:32:36,046] {processor.py:641} INFO - Processing file /home/hat/dev-env/10Acadamy/week_9/Speech_to_text_data_collector/venv/lib/python3.10/site-packages/airflow/example_dags/subdags/subdag.py for tasks to queue
[2022-07-06 19:32:36,046] {logging_mixin.py:115} INFO - [2022-07-06 19:32:36,046] {dagbag.py:507} INFO - Filling up the DagBag from /home/hat/dev-env/10Acadamy/week_9/Speech_to_text_data_collector/venv/lib/python3.10/site-packages/airflow/example_dags/subdags/subdag.py
[2022-07-06 19:32:36,048] {processor.py:653} WARNING - No viable dags retrieved from /home/hat/dev-env/10Acadamy/week_9/Speech_to_text_data_collector/venv/lib/python3.10/site-packages/airflow/example_dags/subdags/subdag.py
[2022-07-06 19:32:36,060] {processor.py:161} INFO - Processing /home/hat/dev-env/10Acadamy/week_9/Speech_to_text_data_collector/venv/lib/python3.10/site-packages/airflow/example_dags/subdags/subdag.py took 0.020 seconds
[2022-07-06 19:33:12,298] {processor.py:153} INFO - Started process (PID=47774) to work on /home/hat/dev-env/10Acadamy/week_9/Speech_to_text_data_collector/venv/lib/python3.10/site-packages/airflow/example_dags/subdags/subdag.py
[2022-07-06 19:33:12,300] {processor.py:641} INFO - Processing file /home/hat/dev-env/10Acadamy/week_9/Speech_to_text_data_collector/venv/lib/python3.10/site-packages/airflow/example_dags/subdags/subdag.py for tasks to queue
[2022-07-06 19:33:12,301] {logging_mixin.py:115} INFO - [2022-07-06 19:33:12,301] {dagbag.py:507} INFO - Filling up the DagBag from /home/hat/dev-env/10Acadamy/week_9/Speech_to_text_data_collector/venv/lib/python3.10/site-packages/airflow/example_dags/subdags/subdag.py
[2022-07-06 19:33:12,302] {processor.py:653} WARNING - No viable dags retrieved from /home/hat/dev-env/10Acadamy/week_9/Speech_to_text_data_collector/venv/lib/python3.10/site-packages/airflow/example_dags/subdags/subdag.py
[2022-07-06 19:33:12,314] {processor.py:161} INFO - Processing /home/hat/dev-env/10Acadamy/week_9/Speech_to_text_data_collector/venv/lib/python3.10/site-packages/airflow/example_dags/subdags/subdag.py took 0.020 seconds
[2022-07-06 19:33:47,310] {processor.py:153} INFO - Started process (PID=47988) to work on /home/hat/dev-env/10Acadamy/week_9/Speech_to_text_data_collector/venv/lib/python3.10/site-packages/airflow/example_dags/subdags/subdag.py
[2022-07-06 19:33:47,313] {processor.py:641} INFO - Processing file /home/hat/dev-env/10Acadamy/week_9/Speech_to_text_data_collector/venv/lib/python3.10/site-packages/airflow/example_dags/subdags/subdag.py for tasks to queue
[2022-07-06 19:33:47,314] {logging_mixin.py:115} INFO - [2022-07-06 19:33:47,313] {dagbag.py:507} INFO - Filling up the DagBag from /home/hat/dev-env/10Acadamy/week_9/Speech_to_text_data_collector/venv/lib/python3.10/site-packages/airflow/example_dags/subdags/subdag.py
[2022-07-06 19:33:47,316] {processor.py:653} WARNING - No viable dags retrieved from /home/hat/dev-env/10Acadamy/week_9/Speech_to_text_data_collector/venv/lib/python3.10/site-packages/airflow/example_dags/subdags/subdag.py
[2022-07-06 19:33:47,332] {processor.py:161} INFO - Processing /home/hat/dev-env/10Acadamy/week_9/Speech_to_text_data_collector/venv/lib/python3.10/site-packages/airflow/example_dags/subdags/subdag.py took 0.026 seconds
[2022-07-06 19:34:22,452] {processor.py:153} INFO - Started process (PID=48096) to work on /home/hat/dev-env/10Acadamy/week_9/Speech_to_text_data_collector/venv/lib/python3.10/site-packages/airflow/example_dags/subdags/subdag.py
[2022-07-06 19:34:22,455] {processor.py:641} INFO - Processing file /home/hat/dev-env/10Acadamy/week_9/Speech_to_text_data_collector/venv/lib/python3.10/site-packages/airflow/example_dags/subdags/subdag.py for tasks to queue
[2022-07-06 19:34:22,456] {logging_mixin.py:115} INFO - [2022-07-06 19:34:22,455] {dagbag.py:507} INFO - Filling up the DagBag from /home/hat/dev-env/10Acadamy/week_9/Speech_to_text_data_collector/venv/lib/python3.10/site-packages/airflow/example_dags/subdags/subdag.py
[2022-07-06 19:34:22,457] {processor.py:653} WARNING - No viable dags retrieved from /home/hat/dev-env/10Acadamy/week_9/Speech_to_text_data_collector/venv/lib/python3.10/site-packages/airflow/example_dags/subdags/subdag.py
[2022-07-06 19:34:22,469] {processor.py:161} INFO - Processing /home/hat/dev-env/10Acadamy/week_9/Speech_to_text_data_collector/venv/lib/python3.10/site-packages/airflow/example_dags/subdags/subdag.py took 0.020 seconds
[2022-07-06 19:34:55,606] {processor.py:153} INFO - Started process (PID=48244) to work on /home/hat/dev-env/10Acadamy/week_9/Speech_to_text_data_collector/venv/lib/python3.10/site-packages/airflow/example_dags/subdags/subdag.py
[2022-07-06 19:34:55,609] {processor.py:641} INFO - Processing file /home/hat/dev-env/10Acadamy/week_9/Speech_to_text_data_collector/venv/lib/python3.10/site-packages/airflow/example_dags/subdags/subdag.py for tasks to queue
[2022-07-06 19:34:55,609] {logging_mixin.py:115} INFO - [2022-07-06 19:34:55,609] {dagbag.py:507} INFO - Filling up the DagBag from /home/hat/dev-env/10Acadamy/week_9/Speech_to_text_data_collector/venv/lib/python3.10/site-packages/airflow/example_dags/subdags/subdag.py
[2022-07-06 19:34:55,611] {processor.py:653} WARNING - No viable dags retrieved from /home/hat/dev-env/10Acadamy/week_9/Speech_to_text_data_collector/venv/lib/python3.10/site-packages/airflow/example_dags/subdags/subdag.py
[2022-07-06 19:34:55,623] {processor.py:161} INFO - Processing /home/hat/dev-env/10Acadamy/week_9/Speech_to_text_data_collector/venv/lib/python3.10/site-packages/airflow/example_dags/subdags/subdag.py took 0.020 seconds
[2022-07-06 19:35:29,295] {processor.py:153} INFO - Started process (PID=48353) to work on /home/hat/dev-env/10Acadamy/week_9/Speech_to_text_data_collector/venv/lib/python3.10/site-packages/airflow/example_dags/subdags/subdag.py
[2022-07-06 19:35:29,298] {processor.py:641} INFO - Processing file /home/hat/dev-env/10Acadamy/week_9/Speech_to_text_data_collector/venv/lib/python3.10/site-packages/airflow/example_dags/subdags/subdag.py for tasks to queue
[2022-07-06 19:35:29,298] {logging_mixin.py:115} INFO - [2022-07-06 19:35:29,298] {dagbag.py:507} INFO - Filling up the DagBag from /home/hat/dev-env/10Acadamy/week_9/Speech_to_text_data_collector/venv/lib/python3.10/site-packages/airflow/example_dags/subdags/subdag.py
[2022-07-06 19:35:29,300] {processor.py:653} WARNING - No viable dags retrieved from /home/hat/dev-env/10Acadamy/week_9/Speech_to_text_data_collector/venv/lib/python3.10/site-packages/airflow/example_dags/subdags/subdag.py
[2022-07-06 19:35:29,310] {processor.py:161} INFO - Processing /home/hat/dev-env/10Acadamy/week_9/Speech_to_text_data_collector/venv/lib/python3.10/site-packages/airflow/example_dags/subdags/subdag.py took 0.018 seconds
[2022-07-06 19:36:03,865] {processor.py:153} INFO - Started process (PID=48455) to work on /home/hat/dev-env/10Acadamy/week_9/Speech_to_text_data_collector/venv/lib/python3.10/site-packages/airflow/example_dags/subdags/subdag.py
[2022-07-06 19:36:03,868] {processor.py:641} INFO - Processing file /home/hat/dev-env/10Acadamy/week_9/Speech_to_text_data_collector/venv/lib/python3.10/site-packages/airflow/example_dags/subdags/subdag.py for tasks to queue
[2022-07-06 19:36:03,869] {logging_mixin.py:115} INFO - [2022-07-06 19:36:03,869] {dagbag.py:507} INFO - Filling up the DagBag from /home/hat/dev-env/10Acadamy/week_9/Speech_to_text_data_collector/venv/lib/python3.10/site-packages/airflow/example_dags/subdags/subdag.py
[2022-07-06 19:36:03,871] {processor.py:653} WARNING - No viable dags retrieved from /home/hat/dev-env/10Acadamy/week_9/Speech_to_text_data_collector/venv/lib/python3.10/site-packages/airflow/example_dags/subdags/subdag.py
[2022-07-06 19:36:03,887] {processor.py:161} INFO - Processing /home/hat/dev-env/10Acadamy/week_9/Speech_to_text_data_collector/venv/lib/python3.10/site-packages/airflow/example_dags/subdags/subdag.py took 0.025 seconds
[2022-07-06 19:36:38,140] {processor.py:153} INFO - Started process (PID=48585) to work on /home/hat/dev-env/10Acadamy/week_9/Speech_to_text_data_collector/venv/lib/python3.10/site-packages/airflow/example_dags/subdags/subdag.py
[2022-07-06 19:36:38,140] {processor.py:641} INFO - Processing file /home/hat/dev-env/10Acadamy/week_9/Speech_to_text_data_collector/venv/lib/python3.10/site-packages/airflow/example_dags/subdags/subdag.py for tasks to queue
[2022-07-06 19:36:38,141] {logging_mixin.py:115} INFO - [2022-07-06 19:36:38,141] {dagbag.py:507} INFO - Filling up the DagBag from /home/hat/dev-env/10Acadamy/week_9/Speech_to_text_data_collector/venv/lib/python3.10/site-packages/airflow/example_dags/subdags/subdag.py
[2022-07-06 19:36:38,142] {processor.py:653} WARNING - No viable dags retrieved from /home/hat/dev-env/10Acadamy/week_9/Speech_to_text_data_collector/venv/lib/python3.10/site-packages/airflow/example_dags/subdags/subdag.py
[2022-07-06 19:36:38,155] {processor.py:161} INFO - Processing /home/hat/dev-env/10Acadamy/week_9/Speech_to_text_data_collector/venv/lib/python3.10/site-packages/airflow/example_dags/subdags/subdag.py took 0.019 seconds
[2022-07-06 19:37:11,427] {processor.py:153} INFO - Started process (PID=48745) to work on /home/hat/dev-env/10Acadamy/week_9/Speech_to_text_data_collector/venv/lib/python3.10/site-packages/airflow/example_dags/subdags/subdag.py
[2022-07-06 19:37:11,428] {processor.py:641} INFO - Processing file /home/hat/dev-env/10Acadamy/week_9/Speech_to_text_data_collector/venv/lib/python3.10/site-packages/airflow/example_dags/subdags/subdag.py for tasks to queue
[2022-07-06 19:37:11,428] {logging_mixin.py:115} INFO - [2022-07-06 19:37:11,428] {dagbag.py:507} INFO - Filling up the DagBag from /home/hat/dev-env/10Acadamy/week_9/Speech_to_text_data_collector/venv/lib/python3.10/site-packages/airflow/example_dags/subdags/subdag.py
[2022-07-06 19:37:11,430] {processor.py:653} WARNING - No viable dags retrieved from /home/hat/dev-env/10Acadamy/week_9/Speech_to_text_data_collector/venv/lib/python3.10/site-packages/airflow/example_dags/subdags/subdag.py
[2022-07-06 19:37:11,442] {processor.py:161} INFO - Processing /home/hat/dev-env/10Acadamy/week_9/Speech_to_text_data_collector/venv/lib/python3.10/site-packages/airflow/example_dags/subdags/subdag.py took 0.018 seconds
[2022-07-06 19:37:46,908] {processor.py:153} INFO - Started process (PID=49060) to work on /home/hat/dev-env/10Acadamy/week_9/Speech_to_text_data_collector/venv/lib/python3.10/site-packages/airflow/example_dags/subdags/subdag.py
[2022-07-06 19:37:46,909] {processor.py:641} INFO - Processing file /home/hat/dev-env/10Acadamy/week_9/Speech_to_text_data_collector/venv/lib/python3.10/site-packages/airflow/example_dags/subdags/subdag.py for tasks to queue
[2022-07-06 19:37:46,909] {logging_mixin.py:115} INFO - [2022-07-06 19:37:46,909] {dagbag.py:507} INFO - Filling up the DagBag from /home/hat/dev-env/10Acadamy/week_9/Speech_to_text_data_collector/venv/lib/python3.10/site-packages/airflow/example_dags/subdags/subdag.py
[2022-07-06 19:37:46,911] {processor.py:653} WARNING - No viable dags retrieved from /home/hat/dev-env/10Acadamy/week_9/Speech_to_text_data_collector/venv/lib/python3.10/site-packages/airflow/example_dags/subdags/subdag.py
[2022-07-06 19:37:46,936] {processor.py:161} INFO - Processing /home/hat/dev-env/10Acadamy/week_9/Speech_to_text_data_collector/venv/lib/python3.10/site-packages/airflow/example_dags/subdags/subdag.py took 0.033 seconds
[2022-07-06 19:38:24,910] {processor.py:153} INFO - Started process (PID=49258) to work on /home/hat/dev-env/10Acadamy/week_9/Speech_to_text_data_collector/venv/lib/python3.10/site-packages/airflow/example_dags/subdags/subdag.py
[2022-07-06 19:38:24,911] {processor.py:641} INFO - Processing file /home/hat/dev-env/10Acadamy/week_9/Speech_to_text_data_collector/venv/lib/python3.10/site-packages/airflow/example_dags/subdags/subdag.py for tasks to queue
[2022-07-06 19:38:24,912] {logging_mixin.py:115} INFO - [2022-07-06 19:38:24,911] {dagbag.py:507} INFO - Filling up the DagBag from /home/hat/dev-env/10Acadamy/week_9/Speech_to_text_data_collector/venv/lib/python3.10/site-packages/airflow/example_dags/subdags/subdag.py
[2022-07-06 19:38:24,914] {processor.py:653} WARNING - No viable dags retrieved from /home/hat/dev-env/10Acadamy/week_9/Speech_to_text_data_collector/venv/lib/python3.10/site-packages/airflow/example_dags/subdags/subdag.py
[2022-07-06 19:38:24,929] {processor.py:161} INFO - Processing /home/hat/dev-env/10Acadamy/week_9/Speech_to_text_data_collector/venv/lib/python3.10/site-packages/airflow/example_dags/subdags/subdag.py took 0.024 seconds
[2022-07-06 19:39:01,645] {processor.py:153} INFO - Started process (PID=49537) to work on /home/hat/dev-env/10Acadamy/week_9/Speech_to_text_data_collector/venv/lib/python3.10/site-packages/airflow/example_dags/subdags/subdag.py
[2022-07-06 19:39:01,646] {processor.py:641} INFO - Processing file /home/hat/dev-env/10Acadamy/week_9/Speech_to_text_data_collector/venv/lib/python3.10/site-packages/airflow/example_dags/subdags/subdag.py for tasks to queue
[2022-07-06 19:39:01,646] {logging_mixin.py:115} INFO - [2022-07-06 19:39:01,646] {dagbag.py:507} INFO - Filling up the DagBag from /home/hat/dev-env/10Acadamy/week_9/Speech_to_text_data_collector/venv/lib/python3.10/site-packages/airflow/example_dags/subdags/subdag.py
[2022-07-06 19:39:01,648] {processor.py:653} WARNING - No viable dags retrieved from /home/hat/dev-env/10Acadamy/week_9/Speech_to_text_data_collector/venv/lib/python3.10/site-packages/airflow/example_dags/subdags/subdag.py
[2022-07-06 19:39:01,661] {processor.py:161} INFO - Processing /home/hat/dev-env/10Acadamy/week_9/Speech_to_text_data_collector/venv/lib/python3.10/site-packages/airflow/example_dags/subdags/subdag.py took 0.020 seconds
[2022-07-06 19:39:35,904] {processor.py:153} INFO - Started process (PID=49790) to work on /home/hat/dev-env/10Acadamy/week_9/Speech_to_text_data_collector/venv/lib/python3.10/site-packages/airflow/example_dags/subdags/subdag.py
[2022-07-06 19:39:35,907] {processor.py:641} INFO - Processing file /home/hat/dev-env/10Acadamy/week_9/Speech_to_text_data_collector/venv/lib/python3.10/site-packages/airflow/example_dags/subdags/subdag.py for tasks to queue
[2022-07-06 19:39:35,908] {logging_mixin.py:115} INFO - [2022-07-06 19:39:35,908] {dagbag.py:507} INFO - Filling up the DagBag from /home/hat/dev-env/10Acadamy/week_9/Speech_to_text_data_collector/venv/lib/python3.10/site-packages/airflow/example_dags/subdags/subdag.py
[2022-07-06 19:39:35,915] {processor.py:653} WARNING - No viable dags retrieved from /home/hat/dev-env/10Acadamy/week_9/Speech_to_text_data_collector/venv/lib/python3.10/site-packages/airflow/example_dags/subdags/subdag.py
[2022-07-06 19:39:35,931] {processor.py:161} INFO - Processing /home/hat/dev-env/10Acadamy/week_9/Speech_to_text_data_collector/venv/lib/python3.10/site-packages/airflow/example_dags/subdags/subdag.py took 0.037 seconds
[2022-07-06 19:40:11,170] {processor.py:153} INFO - Started process (PID=50098) to work on /home/hat/dev-env/10Acadamy/week_9/Speech_to_text_data_collector/venv/lib/python3.10/site-packages/airflow/example_dags/subdags/subdag.py
[2022-07-06 19:40:11,173] {processor.py:641} INFO - Processing file /home/hat/dev-env/10Acadamy/week_9/Speech_to_text_data_collector/venv/lib/python3.10/site-packages/airflow/example_dags/subdags/subdag.py for tasks to queue
[2022-07-06 19:40:11,174] {logging_mixin.py:115} INFO - [2022-07-06 19:40:11,174] {dagbag.py:507} INFO - Filling up the DagBag from /home/hat/dev-env/10Acadamy/week_9/Speech_to_text_data_collector/venv/lib/python3.10/site-packages/airflow/example_dags/subdags/subdag.py
[2022-07-06 19:40:11,177] {processor.py:653} WARNING - No viable dags retrieved from /home/hat/dev-env/10Acadamy/week_9/Speech_to_text_data_collector/venv/lib/python3.10/site-packages/airflow/example_dags/subdags/subdag.py
[2022-07-06 19:40:11,204] {processor.py:161} INFO - Processing /home/hat/dev-env/10Acadamy/week_9/Speech_to_text_data_collector/venv/lib/python3.10/site-packages/airflow/example_dags/subdags/subdag.py took 0.039 seconds
[2022-07-06 19:41:37,625] {processor.py:153} INFO - Started process (PID=51217) to work on /home/hat/dev-env/10Acadamy/week_9/Speech_to_text_data_collector/venv/lib/python3.10/site-packages/airflow/example_dags/subdags/subdag.py
[2022-07-06 19:41:37,628] {processor.py:641} INFO - Processing file /home/hat/dev-env/10Acadamy/week_9/Speech_to_text_data_collector/venv/lib/python3.10/site-packages/airflow/example_dags/subdags/subdag.py for tasks to queue
[2022-07-06 19:41:37,628] {logging_mixin.py:115} INFO - [2022-07-06 19:41:37,628] {dagbag.py:507} INFO - Filling up the DagBag from /home/hat/dev-env/10Acadamy/week_9/Speech_to_text_data_collector/venv/lib/python3.10/site-packages/airflow/example_dags/subdags/subdag.py
[2022-07-06 19:41:37,630] {processor.py:653} WARNING - No viable dags retrieved from /home/hat/dev-env/10Acadamy/week_9/Speech_to_text_data_collector/venv/lib/python3.10/site-packages/airflow/example_dags/subdags/subdag.py
[2022-07-06 19:41:37,642] {processor.py:161} INFO - Processing /home/hat/dev-env/10Acadamy/week_9/Speech_to_text_data_collector/venv/lib/python3.10/site-packages/airflow/example_dags/subdags/subdag.py took 0.020 seconds
[2022-07-06 19:42:10,350] {processor.py:153} INFO - Started process (PID=51290) to work on /home/hat/dev-env/10Acadamy/week_9/Speech_to_text_data_collector/venv/lib/python3.10/site-packages/airflow/example_dags/subdags/subdag.py
[2022-07-06 19:42:10,352] {processor.py:641} INFO - Processing file /home/hat/dev-env/10Acadamy/week_9/Speech_to_text_data_collector/venv/lib/python3.10/site-packages/airflow/example_dags/subdags/subdag.py for tasks to queue
[2022-07-06 19:42:10,352] {logging_mixin.py:115} INFO - [2022-07-06 19:42:10,352] {dagbag.py:507} INFO - Filling up the DagBag from /home/hat/dev-env/10Acadamy/week_9/Speech_to_text_data_collector/venv/lib/python3.10/site-packages/airflow/example_dags/subdags/subdag.py
[2022-07-06 19:42:10,354] {processor.py:653} WARNING - No viable dags retrieved from /home/hat/dev-env/10Acadamy/week_9/Speech_to_text_data_collector/venv/lib/python3.10/site-packages/airflow/example_dags/subdags/subdag.py
[2022-07-06 19:42:10,375] {processor.py:161} INFO - Processing /home/hat/dev-env/10Acadamy/week_9/Speech_to_text_data_collector/venv/lib/python3.10/site-packages/airflow/example_dags/subdags/subdag.py took 0.030 seconds
[2022-07-06 19:42:46,876] {processor.py:153} INFO - Started process (PID=51414) to work on /home/hat/dev-env/10Acadamy/week_9/Speech_to_text_data_collector/venv/lib/python3.10/site-packages/airflow/example_dags/subdags/subdag.py
[2022-07-06 19:42:46,878] {processor.py:641} INFO - Processing file /home/hat/dev-env/10Acadamy/week_9/Speech_to_text_data_collector/venv/lib/python3.10/site-packages/airflow/example_dags/subdags/subdag.py for tasks to queue
[2022-07-06 19:42:46,879] {logging_mixin.py:115} INFO - [2022-07-06 19:42:46,879] {dagbag.py:507} INFO - Filling up the DagBag from /home/hat/dev-env/10Acadamy/week_9/Speech_to_text_data_collector/venv/lib/python3.10/site-packages/airflow/example_dags/subdags/subdag.py
[2022-07-06 19:42:46,880] {processor.py:653} WARNING - No viable dags retrieved from /home/hat/dev-env/10Acadamy/week_9/Speech_to_text_data_collector/venv/lib/python3.10/site-packages/airflow/example_dags/subdags/subdag.py
[2022-07-06 19:42:46,892] {processor.py:161} INFO - Processing /home/hat/dev-env/10Acadamy/week_9/Speech_to_text_data_collector/venv/lib/python3.10/site-packages/airflow/example_dags/subdags/subdag.py took 0.020 seconds
[2022-07-06 19:43:22,105] {processor.py:153} INFO - Started process (PID=51523) to work on /home/hat/dev-env/10Acadamy/week_9/Speech_to_text_data_collector/venv/lib/python3.10/site-packages/airflow/example_dags/subdags/subdag.py
[2022-07-06 19:43:22,109] {processor.py:641} INFO - Processing file /home/hat/dev-env/10Acadamy/week_9/Speech_to_text_data_collector/venv/lib/python3.10/site-packages/airflow/example_dags/subdags/subdag.py for tasks to queue
[2022-07-06 19:43:22,109] {logging_mixin.py:115} INFO - [2022-07-06 19:43:22,109] {dagbag.py:507} INFO - Filling up the DagBag from /home/hat/dev-env/10Acadamy/week_9/Speech_to_text_data_collector/venv/lib/python3.10/site-packages/airflow/example_dags/subdags/subdag.py
[2022-07-06 19:43:22,111] {processor.py:653} WARNING - No viable dags retrieved from /home/hat/dev-env/10Acadamy/week_9/Speech_to_text_data_collector/venv/lib/python3.10/site-packages/airflow/example_dags/subdags/subdag.py
[2022-07-06 19:43:22,124] {processor.py:161} INFO - Processing /home/hat/dev-env/10Acadamy/week_9/Speech_to_text_data_collector/venv/lib/python3.10/site-packages/airflow/example_dags/subdags/subdag.py took 0.022 seconds
[2022-07-06 19:43:59,331] {processor.py:153} INFO - Started process (PID=51616) to work on /home/hat/dev-env/10Acadamy/week_9/Speech_to_text_data_collector/venv/lib/python3.10/site-packages/airflow/example_dags/subdags/subdag.py
[2022-07-06 19:43:59,335] {processor.py:641} INFO - Processing file /home/hat/dev-env/10Acadamy/week_9/Speech_to_text_data_collector/venv/lib/python3.10/site-packages/airflow/example_dags/subdags/subdag.py for tasks to queue
[2022-07-06 19:43:59,336] {logging_mixin.py:115} INFO - [2022-07-06 19:43:59,336] {dagbag.py:507} INFO - Filling up the DagBag from /home/hat/dev-env/10Acadamy/week_9/Speech_to_text_data_collector/venv/lib/python3.10/site-packages/airflow/example_dags/subdags/subdag.py
[2022-07-06 19:43:59,337] {processor.py:653} WARNING - No viable dags retrieved from /home/hat/dev-env/10Acadamy/week_9/Speech_to_text_data_collector/venv/lib/python3.10/site-packages/airflow/example_dags/subdags/subdag.py
[2022-07-06 19:43:59,359] {processor.py:161} INFO - Processing /home/hat/dev-env/10Acadamy/week_9/Speech_to_text_data_collector/venv/lib/python3.10/site-packages/airflow/example_dags/subdags/subdag.py took 0.034 seconds
[2022-07-06 19:44:36,117] {processor.py:153} INFO - Started process (PID=51773) to work on /home/hat/dev-env/10Acadamy/week_9/Speech_to_text_data_collector/venv/lib/python3.10/site-packages/airflow/example_dags/subdags/subdag.py
[2022-07-06 19:44:36,118] {processor.py:641} INFO - Processing file /home/hat/dev-env/10Acadamy/week_9/Speech_to_text_data_collector/venv/lib/python3.10/site-packages/airflow/example_dags/subdags/subdag.py for tasks to queue
[2022-07-06 19:44:36,119] {logging_mixin.py:115} INFO - [2022-07-06 19:44:36,118] {dagbag.py:507} INFO - Filling up the DagBag from /home/hat/dev-env/10Acadamy/week_9/Speech_to_text_data_collector/venv/lib/python3.10/site-packages/airflow/example_dags/subdags/subdag.py
[2022-07-06 19:44:36,120] {processor.py:653} WARNING - No viable dags retrieved from /home/hat/dev-env/10Acadamy/week_9/Speech_to_text_data_collector/venv/lib/python3.10/site-packages/airflow/example_dags/subdags/subdag.py
[2022-07-06 19:44:36,134] {processor.py:161} INFO - Processing /home/hat/dev-env/10Acadamy/week_9/Speech_to_text_data_collector/venv/lib/python3.10/site-packages/airflow/example_dags/subdags/subdag.py took 0.021 seconds
[2022-07-06 19:45:11,071] {processor.py:153} INFO - Started process (PID=51873) to work on /home/hat/dev-env/10Acadamy/week_9/Speech_to_text_data_collector/venv/lib/python3.10/site-packages/airflow/example_dags/subdags/subdag.py
[2022-07-06 19:45:11,071] {processor.py:641} INFO - Processing file /home/hat/dev-env/10Acadamy/week_9/Speech_to_text_data_collector/venv/lib/python3.10/site-packages/airflow/example_dags/subdags/subdag.py for tasks to queue
[2022-07-06 19:45:11,072] {logging_mixin.py:115} INFO - [2022-07-06 19:45:11,072] {dagbag.py:507} INFO - Filling up the DagBag from /home/hat/dev-env/10Acadamy/week_9/Speech_to_text_data_collector/venv/lib/python3.10/site-packages/airflow/example_dags/subdags/subdag.py
[2022-07-06 19:45:11,074] {processor.py:653} WARNING - No viable dags retrieved from /home/hat/dev-env/10Acadamy/week_9/Speech_to_text_data_collector/venv/lib/python3.10/site-packages/airflow/example_dags/subdags/subdag.py
[2022-07-06 19:45:11,089] {processor.py:161} INFO - Processing /home/hat/dev-env/10Acadamy/week_9/Speech_to_text_data_collector/venv/lib/python3.10/site-packages/airflow/example_dags/subdags/subdag.py took 0.022 seconds
[2022-07-06 19:45:49,432] {processor.py:153} INFO - Started process (PID=52006) to work on /home/hat/dev-env/10Acadamy/week_9/Speech_to_text_data_collector/venv/lib/python3.10/site-packages/airflow/example_dags/subdags/subdag.py
[2022-07-06 19:45:49,433] {processor.py:641} INFO - Processing file /home/hat/dev-env/10Acadamy/week_9/Speech_to_text_data_collector/venv/lib/python3.10/site-packages/airflow/example_dags/subdags/subdag.py for tasks to queue
[2022-07-06 19:45:49,434] {logging_mixin.py:115} INFO - [2022-07-06 19:45:49,433] {dagbag.py:507} INFO - Filling up the DagBag from /home/hat/dev-env/10Acadamy/week_9/Speech_to_text_data_collector/venv/lib/python3.10/site-packages/airflow/example_dags/subdags/subdag.py
[2022-07-06 19:45:49,436] {processor.py:653} WARNING - No viable dags retrieved from /home/hat/dev-env/10Acadamy/week_9/Speech_to_text_data_collector/venv/lib/python3.10/site-packages/airflow/example_dags/subdags/subdag.py
[2022-07-06 19:45:49,457] {processor.py:161} INFO - Processing /home/hat/dev-env/10Acadamy/week_9/Speech_to_text_data_collector/venv/lib/python3.10/site-packages/airflow/example_dags/subdags/subdag.py took 0.030 seconds
[2022-07-06 19:46:28,564] {processor.py:153} INFO - Started process (PID=52104) to work on /home/hat/dev-env/10Acadamy/week_9/Speech_to_text_data_collector/venv/lib/python3.10/site-packages/airflow/example_dags/subdags/subdag.py
[2022-07-06 19:46:28,567] {processor.py:641} INFO - Processing file /home/hat/dev-env/10Acadamy/week_9/Speech_to_text_data_collector/venv/lib/python3.10/site-packages/airflow/example_dags/subdags/subdag.py for tasks to queue
[2022-07-06 19:46:28,572] {logging_mixin.py:115} INFO - [2022-07-06 19:46:28,568] {dagbag.py:507} INFO - Filling up the DagBag from /home/hat/dev-env/10Acadamy/week_9/Speech_to_text_data_collector/venv/lib/python3.10/site-packages/airflow/example_dags/subdags/subdag.py
[2022-07-06 19:46:28,576] {processor.py:653} WARNING - No viable dags retrieved from /home/hat/dev-env/10Acadamy/week_9/Speech_to_text_data_collector/venv/lib/python3.10/site-packages/airflow/example_dags/subdags/subdag.py
[2022-07-06 19:46:28,604] {processor.py:161} INFO - Processing /home/hat/dev-env/10Acadamy/week_9/Speech_to_text_data_collector/venv/lib/python3.10/site-packages/airflow/example_dags/subdags/subdag.py took 0.044 seconds
[2022-07-06 19:47:01,613] {processor.py:153} INFO - Started process (PID=52168) to work on /home/hat/dev-env/10Acadamy/week_9/Speech_to_text_data_collector/venv/lib/python3.10/site-packages/airflow/example_dags/subdags/subdag.py
[2022-07-06 19:47:01,617] {processor.py:641} INFO - Processing file /home/hat/dev-env/10Acadamy/week_9/Speech_to_text_data_collector/venv/lib/python3.10/site-packages/airflow/example_dags/subdags/subdag.py for tasks to queue
[2022-07-06 19:47:01,618] {logging_mixin.py:115} INFO - [2022-07-06 19:47:01,618] {dagbag.py:507} INFO - Filling up the DagBag from /home/hat/dev-env/10Acadamy/week_9/Speech_to_text_data_collector/venv/lib/python3.10/site-packages/airflow/example_dags/subdags/subdag.py
[2022-07-06 19:47:01,621] {processor.py:653} WARNING - No viable dags retrieved from /home/hat/dev-env/10Acadamy/week_9/Speech_to_text_data_collector/venv/lib/python3.10/site-packages/airflow/example_dags/subdags/subdag.py
[2022-07-06 19:47:01,644] {processor.py:161} INFO - Processing /home/hat/dev-env/10Acadamy/week_9/Speech_to_text_data_collector/venv/lib/python3.10/site-packages/airflow/example_dags/subdags/subdag.py took 0.035 seconds
[2022-07-06 19:47:37,053] {processor.py:153} INFO - Started process (PID=52236) to work on /home/hat/dev-env/10Acadamy/week_9/Speech_to_text_data_collector/venv/lib/python3.10/site-packages/airflow/example_dags/subdags/subdag.py
[2022-07-06 19:47:37,056] {processor.py:641} INFO - Processing file /home/hat/dev-env/10Acadamy/week_9/Speech_to_text_data_collector/venv/lib/python3.10/site-packages/airflow/example_dags/subdags/subdag.py for tasks to queue
[2022-07-06 19:47:37,056] {logging_mixin.py:115} INFO - [2022-07-06 19:47:37,056] {dagbag.py:507} INFO - Filling up the DagBag from /home/hat/dev-env/10Acadamy/week_9/Speech_to_text_data_collector/venv/lib/python3.10/site-packages/airflow/example_dags/subdags/subdag.py
[2022-07-06 19:47:37,059] {processor.py:653} WARNING - No viable dags retrieved from /home/hat/dev-env/10Acadamy/week_9/Speech_to_text_data_collector/venv/lib/python3.10/site-packages/airflow/example_dags/subdags/subdag.py
[2022-07-06 19:47:37,076] {processor.py:161} INFO - Processing /home/hat/dev-env/10Acadamy/week_9/Speech_to_text_data_collector/venv/lib/python3.10/site-packages/airflow/example_dags/subdags/subdag.py took 0.027 seconds
[2022-07-06 19:48:15,717] {processor.py:153} INFO - Started process (PID=52342) to work on /home/hat/dev-env/10Acadamy/week_9/Speech_to_text_data_collector/venv/lib/python3.10/site-packages/airflow/example_dags/subdags/subdag.py
[2022-07-06 19:48:15,720] {processor.py:641} INFO - Processing file /home/hat/dev-env/10Acadamy/week_9/Speech_to_text_data_collector/venv/lib/python3.10/site-packages/airflow/example_dags/subdags/subdag.py for tasks to queue
[2022-07-06 19:48:15,721] {logging_mixin.py:115} INFO - [2022-07-06 19:48:15,721] {dagbag.py:507} INFO - Filling up the DagBag from /home/hat/dev-env/10Acadamy/week_9/Speech_to_text_data_collector/venv/lib/python3.10/site-packages/airflow/example_dags/subdags/subdag.py
[2022-07-06 19:48:15,722] {processor.py:653} WARNING - No viable dags retrieved from /home/hat/dev-env/10Acadamy/week_9/Speech_to_text_data_collector/venv/lib/python3.10/site-packages/airflow/example_dags/subdags/subdag.py
[2022-07-06 19:48:15,737] {processor.py:161} INFO - Processing /home/hat/dev-env/10Acadamy/week_9/Speech_to_text_data_collector/venv/lib/python3.10/site-packages/airflow/example_dags/subdags/subdag.py took 0.023 seconds
[2022-07-06 19:48:50,339] {processor.py:153} INFO - Started process (PID=52411) to work on /home/hat/dev-env/10Acadamy/week_9/Speech_to_text_data_collector/venv/lib/python3.10/site-packages/airflow/example_dags/subdags/subdag.py
[2022-07-06 19:48:50,341] {processor.py:641} INFO - Processing file /home/hat/dev-env/10Acadamy/week_9/Speech_to_text_data_collector/venv/lib/python3.10/site-packages/airflow/example_dags/subdags/subdag.py for tasks to queue
[2022-07-06 19:48:50,342] {logging_mixin.py:115} INFO - [2022-07-06 19:48:50,342] {dagbag.py:507} INFO - Filling up the DagBag from /home/hat/dev-env/10Acadamy/week_9/Speech_to_text_data_collector/venv/lib/python3.10/site-packages/airflow/example_dags/subdags/subdag.py
[2022-07-06 19:48:50,344] {processor.py:653} WARNING - No viable dags retrieved from /home/hat/dev-env/10Acadamy/week_9/Speech_to_text_data_collector/venv/lib/python3.10/site-packages/airflow/example_dags/subdags/subdag.py
[2022-07-06 19:48:50,357] {processor.py:161} INFO - Processing /home/hat/dev-env/10Acadamy/week_9/Speech_to_text_data_collector/venv/lib/python3.10/site-packages/airflow/example_dags/subdags/subdag.py took 0.022 seconds
[2022-07-06 19:49:25,129] {processor.py:153} INFO - Started process (PID=52522) to work on /home/hat/dev-env/10Acadamy/week_9/Speech_to_text_data_collector/venv/lib/python3.10/site-packages/airflow/example_dags/subdags/subdag.py
[2022-07-06 19:49:25,131] {processor.py:641} INFO - Processing file /home/hat/dev-env/10Acadamy/week_9/Speech_to_text_data_collector/venv/lib/python3.10/site-packages/airflow/example_dags/subdags/subdag.py for tasks to queue
[2022-07-06 19:49:25,132] {logging_mixin.py:115} INFO - [2022-07-06 19:49:25,132] {dagbag.py:507} INFO - Filling up the DagBag from /home/hat/dev-env/10Acadamy/week_9/Speech_to_text_data_collector/venv/lib/python3.10/site-packages/airflow/example_dags/subdags/subdag.py
[2022-07-06 19:49:25,134] {processor.py:653} WARNING - No viable dags retrieved from /home/hat/dev-env/10Acadamy/week_9/Speech_to_text_data_collector/venv/lib/python3.10/site-packages/airflow/example_dags/subdags/subdag.py
[2022-07-06 19:49:25,155] {processor.py:161} INFO - Processing /home/hat/dev-env/10Acadamy/week_9/Speech_to_text_data_collector/venv/lib/python3.10/site-packages/airflow/example_dags/subdags/subdag.py took 0.032 seconds
[2022-07-06 19:50:06,636] {processor.py:153} INFO - Started process (PID=52738) to work on /home/hat/dev-env/10Acadamy/week_9/Speech_to_text_data_collector/venv/lib/python3.10/site-packages/airflow/example_dags/subdags/subdag.py
[2022-07-06 19:50:06,640] {processor.py:641} INFO - Processing file /home/hat/dev-env/10Acadamy/week_9/Speech_to_text_data_collector/venv/lib/python3.10/site-packages/airflow/example_dags/subdags/subdag.py for tasks to queue
[2022-07-06 19:50:06,641] {logging_mixin.py:115} INFO - [2022-07-06 19:50:06,641] {dagbag.py:507} INFO - Filling up the DagBag from /home/hat/dev-env/10Acadamy/week_9/Speech_to_text_data_collector/venv/lib/python3.10/site-packages/airflow/example_dags/subdags/subdag.py
[2022-07-06 19:50:06,643] {processor.py:653} WARNING - No viable dags retrieved from /home/hat/dev-env/10Acadamy/week_9/Speech_to_text_data_collector/venv/lib/python3.10/site-packages/airflow/example_dags/subdags/subdag.py
[2022-07-06 19:50:06,663] {processor.py:161} INFO - Processing /home/hat/dev-env/10Acadamy/week_9/Speech_to_text_data_collector/venv/lib/python3.10/site-packages/airflow/example_dags/subdags/subdag.py took 0.032 seconds
[2022-07-06 19:50:42,167] {processor.py:153} INFO - Started process (PID=52843) to work on /home/hat/dev-env/10Acadamy/week_9/Speech_to_text_data_collector/venv/lib/python3.10/site-packages/airflow/example_dags/subdags/subdag.py
[2022-07-06 19:50:42,170] {processor.py:641} INFO - Processing file /home/hat/dev-env/10Acadamy/week_9/Speech_to_text_data_collector/venv/lib/python3.10/site-packages/airflow/example_dags/subdags/subdag.py for tasks to queue
[2022-07-06 19:50:42,171] {logging_mixin.py:115} INFO - [2022-07-06 19:50:42,171] {dagbag.py:507} INFO - Filling up the DagBag from /home/hat/dev-env/10Acadamy/week_9/Speech_to_text_data_collector/venv/lib/python3.10/site-packages/airflow/example_dags/subdags/subdag.py
[2022-07-06 19:50:42,173] {processor.py:653} WARNING - No viable dags retrieved from /home/hat/dev-env/10Acadamy/week_9/Speech_to_text_data_collector/venv/lib/python3.10/site-packages/airflow/example_dags/subdags/subdag.py
[2022-07-06 19:50:42,186] {processor.py:161} INFO - Processing /home/hat/dev-env/10Acadamy/week_9/Speech_to_text_data_collector/venv/lib/python3.10/site-packages/airflow/example_dags/subdags/subdag.py took 0.022 seconds
[2022-07-06 19:51:19,991] {processor.py:153} INFO - Started process (PID=52934) to work on /home/hat/dev-env/10Acadamy/week_9/Speech_to_text_data_collector/venv/lib/python3.10/site-packages/airflow/example_dags/subdags/subdag.py
[2022-07-06 19:51:19,994] {processor.py:641} INFO - Processing file /home/hat/dev-env/10Acadamy/week_9/Speech_to_text_data_collector/venv/lib/python3.10/site-packages/airflow/example_dags/subdags/subdag.py for tasks to queue
[2022-07-06 19:51:19,994] {logging_mixin.py:115} INFO - [2022-07-06 19:51:19,994] {dagbag.py:507} INFO - Filling up the DagBag from /home/hat/dev-env/10Acadamy/week_9/Speech_to_text_data_collector/venv/lib/python3.10/site-packages/airflow/example_dags/subdags/subdag.py
[2022-07-06 19:51:19,997] {processor.py:653} WARNING - No viable dags retrieved from /home/hat/dev-env/10Acadamy/week_9/Speech_to_text_data_collector/venv/lib/python3.10/site-packages/airflow/example_dags/subdags/subdag.py
[2022-07-06 19:51:20,013] {processor.py:161} INFO - Processing /home/hat/dev-env/10Acadamy/week_9/Speech_to_text_data_collector/venv/lib/python3.10/site-packages/airflow/example_dags/subdags/subdag.py took 0.027 seconds
[2022-07-06 19:51:53,564] {processor.py:153} INFO - Started process (PID=53002) to work on /home/hat/dev-env/10Acadamy/week_9/Speech_to_text_data_collector/venv/lib/python3.10/site-packages/airflow/example_dags/subdags/subdag.py
[2022-07-06 19:51:53,565] {processor.py:641} INFO - Processing file /home/hat/dev-env/10Acadamy/week_9/Speech_to_text_data_collector/venv/lib/python3.10/site-packages/airflow/example_dags/subdags/subdag.py for tasks to queue
[2022-07-06 19:51:53,565] {logging_mixin.py:115} INFO - [2022-07-06 19:51:53,565] {dagbag.py:507} INFO - Filling up the DagBag from /home/hat/dev-env/10Acadamy/week_9/Speech_to_text_data_collector/venv/lib/python3.10/site-packages/airflow/example_dags/subdags/subdag.py
[2022-07-06 19:51:53,567] {processor.py:653} WARNING - No viable dags retrieved from /home/hat/dev-env/10Acadamy/week_9/Speech_to_text_data_collector/venv/lib/python3.10/site-packages/airflow/example_dags/subdags/subdag.py
[2022-07-06 19:51:53,584] {processor.py:161} INFO - Processing /home/hat/dev-env/10Acadamy/week_9/Speech_to_text_data_collector/venv/lib/python3.10/site-packages/airflow/example_dags/subdags/subdag.py took 0.025 seconds
[2022-07-06 19:52:31,007] {processor.py:153} INFO - Started process (PID=53081) to work on /home/hat/dev-env/10Acadamy/week_9/Speech_to_text_data_collector/venv/lib/python3.10/site-packages/airflow/example_dags/subdags/subdag.py
[2022-07-06 19:52:31,008] {processor.py:641} INFO - Processing file /home/hat/dev-env/10Acadamy/week_9/Speech_to_text_data_collector/venv/lib/python3.10/site-packages/airflow/example_dags/subdags/subdag.py for tasks to queue
[2022-07-06 19:52:31,009] {logging_mixin.py:115} INFO - [2022-07-06 19:52:31,008] {dagbag.py:507} INFO - Filling up the DagBag from /home/hat/dev-env/10Acadamy/week_9/Speech_to_text_data_collector/venv/lib/python3.10/site-packages/airflow/example_dags/subdags/subdag.py
[2022-07-06 19:52:31,011] {processor.py:653} WARNING - No viable dags retrieved from /home/hat/dev-env/10Acadamy/week_9/Speech_to_text_data_collector/venv/lib/python3.10/site-packages/airflow/example_dags/subdags/subdag.py
[2022-07-06 19:52:31,029] {processor.py:161} INFO - Processing /home/hat/dev-env/10Acadamy/week_9/Speech_to_text_data_collector/venv/lib/python3.10/site-packages/airflow/example_dags/subdags/subdag.py took 0.032 seconds
[2022-07-06 19:53:05,349] {processor.py:153} INFO - Started process (PID=53166) to work on /home/hat/dev-env/10Acadamy/week_9/Speech_to_text_data_collector/venv/lib/python3.10/site-packages/airflow/example_dags/subdags/subdag.py
[2022-07-06 19:53:05,350] {processor.py:641} INFO - Processing file /home/hat/dev-env/10Acadamy/week_9/Speech_to_text_data_collector/venv/lib/python3.10/site-packages/airflow/example_dags/subdags/subdag.py for tasks to queue
[2022-07-06 19:53:05,351] {logging_mixin.py:115} INFO - [2022-07-06 19:53:05,351] {dagbag.py:507} INFO - Filling up the DagBag from /home/hat/dev-env/10Acadamy/week_9/Speech_to_text_data_collector/venv/lib/python3.10/site-packages/airflow/example_dags/subdags/subdag.py
[2022-07-06 19:53:05,352] {processor.py:653} WARNING - No viable dags retrieved from /home/hat/dev-env/10Acadamy/week_9/Speech_to_text_data_collector/venv/lib/python3.10/site-packages/airflow/example_dags/subdags/subdag.py
[2022-07-06 19:53:05,365] {processor.py:161} INFO - Processing /home/hat/dev-env/10Acadamy/week_9/Speech_to_text_data_collector/venv/lib/python3.10/site-packages/airflow/example_dags/subdags/subdag.py took 0.019 seconds
[2022-07-06 19:53:43,595] {processor.py:153} INFO - Started process (PID=53274) to work on /home/hat/dev-env/10Acadamy/week_9/Speech_to_text_data_collector/venv/lib/python3.10/site-packages/airflow/example_dags/subdags/subdag.py
[2022-07-06 19:53:43,598] {processor.py:641} INFO - Processing file /home/hat/dev-env/10Acadamy/week_9/Speech_to_text_data_collector/venv/lib/python3.10/site-packages/airflow/example_dags/subdags/subdag.py for tasks to queue
[2022-07-06 19:53:43,599] {logging_mixin.py:115} INFO - [2022-07-06 19:53:43,599] {dagbag.py:507} INFO - Filling up the DagBag from /home/hat/dev-env/10Acadamy/week_9/Speech_to_text_data_collector/venv/lib/python3.10/site-packages/airflow/example_dags/subdags/subdag.py
[2022-07-06 19:53:43,603] {processor.py:653} WARNING - No viable dags retrieved from /home/hat/dev-env/10Acadamy/week_9/Speech_to_text_data_collector/venv/lib/python3.10/site-packages/airflow/example_dags/subdags/subdag.py
[2022-07-06 19:53:43,648] {processor.py:161} INFO - Processing /home/hat/dev-env/10Acadamy/week_9/Speech_to_text_data_collector/venv/lib/python3.10/site-packages/airflow/example_dags/subdags/subdag.py took 0.071 seconds
[2022-07-06 19:54:22,310] {processor.py:153} INFO - Started process (PID=53364) to work on /home/hat/dev-env/10Acadamy/week_9/Speech_to_text_data_collector/venv/lib/python3.10/site-packages/airflow/example_dags/subdags/subdag.py
[2022-07-06 19:54:22,313] {processor.py:641} INFO - Processing file /home/hat/dev-env/10Acadamy/week_9/Speech_to_text_data_collector/venv/lib/python3.10/site-packages/airflow/example_dags/subdags/subdag.py for tasks to queue
[2022-07-06 19:54:22,314] {logging_mixin.py:115} INFO - [2022-07-06 19:54:22,314] {dagbag.py:507} INFO - Filling up the DagBag from /home/hat/dev-env/10Acadamy/week_9/Speech_to_text_data_collector/venv/lib/python3.10/site-packages/airflow/example_dags/subdags/subdag.py
[2022-07-06 19:54:22,317] {processor.py:653} WARNING - No viable dags retrieved from /home/hat/dev-env/10Acadamy/week_9/Speech_to_text_data_collector/venv/lib/python3.10/site-packages/airflow/example_dags/subdags/subdag.py
[2022-07-06 19:54:22,380] {processor.py:161} INFO - Processing /home/hat/dev-env/10Acadamy/week_9/Speech_to_text_data_collector/venv/lib/python3.10/site-packages/airflow/example_dags/subdags/subdag.py took 0.090 seconds
[2022-07-06 19:54:59,672] {processor.py:153} INFO - Started process (PID=53509) to work on /home/hat/dev-env/10Acadamy/week_9/Speech_to_text_data_collector/venv/lib/python3.10/site-packages/airflow/example_dags/subdags/subdag.py
[2022-07-06 19:54:59,675] {processor.py:641} INFO - Processing file /home/hat/dev-env/10Acadamy/week_9/Speech_to_text_data_collector/venv/lib/python3.10/site-packages/airflow/example_dags/subdags/subdag.py for tasks to queue
[2022-07-06 19:54:59,676] {logging_mixin.py:115} INFO - [2022-07-06 19:54:59,675] {dagbag.py:507} INFO - Filling up the DagBag from /home/hat/dev-env/10Acadamy/week_9/Speech_to_text_data_collector/venv/lib/python3.10/site-packages/airflow/example_dags/subdags/subdag.py
[2022-07-06 19:54:59,677] {processor.py:653} WARNING - No viable dags retrieved from /home/hat/dev-env/10Acadamy/week_9/Speech_to_text_data_collector/venv/lib/python3.10/site-packages/airflow/example_dags/subdags/subdag.py
[2022-07-06 19:54:59,690] {processor.py:161} INFO - Processing /home/hat/dev-env/10Acadamy/week_9/Speech_to_text_data_collector/venv/lib/python3.10/site-packages/airflow/example_dags/subdags/subdag.py took 0.020 seconds
[2022-07-06 19:55:34,585] {processor.py:153} INFO - Started process (PID=53614) to work on /home/hat/dev-env/10Acadamy/week_9/Speech_to_text_data_collector/venv/lib/python3.10/site-packages/airflow/example_dags/subdags/subdag.py
[2022-07-06 19:55:34,588] {processor.py:641} INFO - Processing file /home/hat/dev-env/10Acadamy/week_9/Speech_to_text_data_collector/venv/lib/python3.10/site-packages/airflow/example_dags/subdags/subdag.py for tasks to queue
[2022-07-06 19:55:34,588] {logging_mixin.py:115} INFO - [2022-07-06 19:55:34,588] {dagbag.py:507} INFO - Filling up the DagBag from /home/hat/dev-env/10Acadamy/week_9/Speech_to_text_data_collector/venv/lib/python3.10/site-packages/airflow/example_dags/subdags/subdag.py
[2022-07-06 19:55:34,591] {processor.py:653} WARNING - No viable dags retrieved from /home/hat/dev-env/10Acadamy/week_9/Speech_to_text_data_collector/venv/lib/python3.10/site-packages/airflow/example_dags/subdags/subdag.py
[2022-07-06 19:55:34,604] {processor.py:161} INFO - Processing /home/hat/dev-env/10Acadamy/week_9/Speech_to_text_data_collector/venv/lib/python3.10/site-packages/airflow/example_dags/subdags/subdag.py took 0.023 seconds
[2022-07-06 19:56:09,340] {processor.py:153} INFO - Started process (PID=53698) to work on /home/hat/dev-env/10Acadamy/week_9/Speech_to_text_data_collector/venv/lib/python3.10/site-packages/airflow/example_dags/subdags/subdag.py
[2022-07-06 19:56:09,344] {processor.py:641} INFO - Processing file /home/hat/dev-env/10Acadamy/week_9/Speech_to_text_data_collector/venv/lib/python3.10/site-packages/airflow/example_dags/subdags/subdag.py for tasks to queue
[2022-07-06 19:56:09,345] {logging_mixin.py:115} INFO - [2022-07-06 19:56:09,345] {dagbag.py:507} INFO - Filling up the DagBag from /home/hat/dev-env/10Acadamy/week_9/Speech_to_text_data_collector/venv/lib/python3.10/site-packages/airflow/example_dags/subdags/subdag.py
[2022-07-06 19:56:09,349] {processor.py:653} WARNING - No viable dags retrieved from /home/hat/dev-env/10Acadamy/week_9/Speech_to_text_data_collector/venv/lib/python3.10/site-packages/airflow/example_dags/subdags/subdag.py
[2022-07-06 19:56:09,367] {processor.py:161} INFO - Processing /home/hat/dev-env/10Acadamy/week_9/Speech_to_text_data_collector/venv/lib/python3.10/site-packages/airflow/example_dags/subdags/subdag.py took 0.033 seconds
[2022-07-06 19:56:48,237] {processor.py:153} INFO - Started process (PID=53773) to work on /home/hat/dev-env/10Acadamy/week_9/Speech_to_text_data_collector/venv/lib/python3.10/site-packages/airflow/example_dags/subdags/subdag.py
[2022-07-06 19:56:48,240] {processor.py:641} INFO - Processing file /home/hat/dev-env/10Acadamy/week_9/Speech_to_text_data_collector/venv/lib/python3.10/site-packages/airflow/example_dags/subdags/subdag.py for tasks to queue
[2022-07-06 19:56:48,240] {logging_mixin.py:115} INFO - [2022-07-06 19:56:48,240] {dagbag.py:507} INFO - Filling up the DagBag from /home/hat/dev-env/10Acadamy/week_9/Speech_to_text_data_collector/venv/lib/python3.10/site-packages/airflow/example_dags/subdags/subdag.py
[2022-07-06 19:56:48,242] {processor.py:653} WARNING - No viable dags retrieved from /home/hat/dev-env/10Acadamy/week_9/Speech_to_text_data_collector/venv/lib/python3.10/site-packages/airflow/example_dags/subdags/subdag.py
[2022-07-06 19:56:48,255] {processor.py:161} INFO - Processing /home/hat/dev-env/10Acadamy/week_9/Speech_to_text_data_collector/venv/lib/python3.10/site-packages/airflow/example_dags/subdags/subdag.py took 0.022 seconds
[2022-07-06 19:57:23,610] {processor.py:153} INFO - Started process (PID=53842) to work on /home/hat/dev-env/10Acadamy/week_9/Speech_to_text_data_collector/venv/lib/python3.10/site-packages/airflow/example_dags/subdags/subdag.py
[2022-07-06 19:57:23,613] {processor.py:641} INFO - Processing file /home/hat/dev-env/10Acadamy/week_9/Speech_to_text_data_collector/venv/lib/python3.10/site-packages/airflow/example_dags/subdags/subdag.py for tasks to queue
[2022-07-06 19:57:23,613] {logging_mixin.py:115} INFO - [2022-07-06 19:57:23,613] {dagbag.py:507} INFO - Filling up the DagBag from /home/hat/dev-env/10Acadamy/week_9/Speech_to_text_data_collector/venv/lib/python3.10/site-packages/airflow/example_dags/subdags/subdag.py
[2022-07-06 19:57:23,616] {processor.py:653} WARNING - No viable dags retrieved from /home/hat/dev-env/10Acadamy/week_9/Speech_to_text_data_collector/venv/lib/python3.10/site-packages/airflow/example_dags/subdags/subdag.py
[2022-07-06 19:57:23,637] {processor.py:161} INFO - Processing /home/hat/dev-env/10Acadamy/week_9/Speech_to_text_data_collector/venv/lib/python3.10/site-packages/airflow/example_dags/subdags/subdag.py took 0.030 seconds
[2022-07-06 19:57:57,961] {processor.py:153} INFO - Started process (PID=53921) to work on /home/hat/dev-env/10Acadamy/week_9/Speech_to_text_data_collector/venv/lib/python3.10/site-packages/airflow/example_dags/subdags/subdag.py
[2022-07-06 19:57:57,961] {processor.py:641} INFO - Processing file /home/hat/dev-env/10Acadamy/week_9/Speech_to_text_data_collector/venv/lib/python3.10/site-packages/airflow/example_dags/subdags/subdag.py for tasks to queue
[2022-07-06 19:57:57,962] {logging_mixin.py:115} INFO - [2022-07-06 19:57:57,962] {dagbag.py:507} INFO - Filling up the DagBag from /home/hat/dev-env/10Acadamy/week_9/Speech_to_text_data_collector/venv/lib/python3.10/site-packages/airflow/example_dags/subdags/subdag.py
[2022-07-06 19:57:57,964] {processor.py:653} WARNING - No viable dags retrieved from /home/hat/dev-env/10Acadamy/week_9/Speech_to_text_data_collector/venv/lib/python3.10/site-packages/airflow/example_dags/subdags/subdag.py
[2022-07-06 19:57:57,976] {processor.py:161} INFO - Processing /home/hat/dev-env/10Acadamy/week_9/Speech_to_text_data_collector/venv/lib/python3.10/site-packages/airflow/example_dags/subdags/subdag.py took 0.018 seconds
[2022-07-06 19:58:34,881] {processor.py:153} INFO - Started process (PID=54032) to work on /home/hat/dev-env/10Acadamy/week_9/Speech_to_text_data_collector/venv/lib/python3.10/site-packages/airflow/example_dags/subdags/subdag.py
[2022-07-06 19:58:34,884] {processor.py:641} INFO - Processing file /home/hat/dev-env/10Acadamy/week_9/Speech_to_text_data_collector/venv/lib/python3.10/site-packages/airflow/example_dags/subdags/subdag.py for tasks to queue
[2022-07-06 19:58:34,885] {logging_mixin.py:115} INFO - [2022-07-06 19:58:34,885] {dagbag.py:507} INFO - Filling up the DagBag from /home/hat/dev-env/10Acadamy/week_9/Speech_to_text_data_collector/venv/lib/python3.10/site-packages/airflow/example_dags/subdags/subdag.py
[2022-07-06 19:58:34,887] {processor.py:653} WARNING - No viable dags retrieved from /home/hat/dev-env/10Acadamy/week_9/Speech_to_text_data_collector/venv/lib/python3.10/site-packages/airflow/example_dags/subdags/subdag.py
[2022-07-06 19:58:34,906] {processor.py:161} INFO - Processing /home/hat/dev-env/10Acadamy/week_9/Speech_to_text_data_collector/venv/lib/python3.10/site-packages/airflow/example_dags/subdags/subdag.py took 0.030 seconds
[2022-07-06 19:59:10,344] {processor.py:153} INFO - Started process (PID=54112) to work on /home/hat/dev-env/10Acadamy/week_9/Speech_to_text_data_collector/venv/lib/python3.10/site-packages/airflow/example_dags/subdags/subdag.py
[2022-07-06 19:59:10,347] {processor.py:641} INFO - Processing file /home/hat/dev-env/10Acadamy/week_9/Speech_to_text_data_collector/venv/lib/python3.10/site-packages/airflow/example_dags/subdags/subdag.py for tasks to queue
[2022-07-06 19:59:10,348] {logging_mixin.py:115} INFO - [2022-07-06 19:59:10,347] {dagbag.py:507} INFO - Filling up the DagBag from /home/hat/dev-env/10Acadamy/week_9/Speech_to_text_data_collector/venv/lib/python3.10/site-packages/airflow/example_dags/subdags/subdag.py
[2022-07-06 19:59:10,349] {processor.py:653} WARNING - No viable dags retrieved from /home/hat/dev-env/10Acadamy/week_9/Speech_to_text_data_collector/venv/lib/python3.10/site-packages/airflow/example_dags/subdags/subdag.py
[2022-07-06 19:59:10,362] {processor.py:161} INFO - Processing /home/hat/dev-env/10Acadamy/week_9/Speech_to_text_data_collector/venv/lib/python3.10/site-packages/airflow/example_dags/subdags/subdag.py took 0.020 seconds
[2022-07-06 19:59:45,880] {processor.py:153} INFO - Started process (PID=54267) to work on /home/hat/dev-env/10Acadamy/week_9/Speech_to_text_data_collector/venv/lib/python3.10/site-packages/airflow/example_dags/subdags/subdag.py
[2022-07-06 19:59:45,883] {processor.py:641} INFO - Processing file /home/hat/dev-env/10Acadamy/week_9/Speech_to_text_data_collector/venv/lib/python3.10/site-packages/airflow/example_dags/subdags/subdag.py for tasks to queue
[2022-07-06 19:59:45,883] {logging_mixin.py:115} INFO - [2022-07-06 19:59:45,883] {dagbag.py:507} INFO - Filling up the DagBag from /home/hat/dev-env/10Acadamy/week_9/Speech_to_text_data_collector/venv/lib/python3.10/site-packages/airflow/example_dags/subdags/subdag.py
[2022-07-06 19:59:45,885] {processor.py:653} WARNING - No viable dags retrieved from /home/hat/dev-env/10Acadamy/week_9/Speech_to_text_data_collector/venv/lib/python3.10/site-packages/airflow/example_dags/subdags/subdag.py
[2022-07-06 19:59:45,898] {processor.py:161} INFO - Processing /home/hat/dev-env/10Acadamy/week_9/Speech_to_text_data_collector/venv/lib/python3.10/site-packages/airflow/example_dags/subdags/subdag.py took 0.021 seconds
[2022-07-06 20:00:21,152] {processor.py:153} INFO - Started process (PID=54379) to work on /home/hat/dev-env/10Acadamy/week_9/Speech_to_text_data_collector/venv/lib/python3.10/site-packages/airflow/example_dags/subdags/subdag.py
[2022-07-06 20:00:21,155] {processor.py:641} INFO - Processing file /home/hat/dev-env/10Acadamy/week_9/Speech_to_text_data_collector/venv/lib/python3.10/site-packages/airflow/example_dags/subdags/subdag.py for tasks to queue
[2022-07-06 20:00:21,155] {logging_mixin.py:115} INFO - [2022-07-06 20:00:21,155] {dagbag.py:507} INFO - Filling up the DagBag from /home/hat/dev-env/10Acadamy/week_9/Speech_to_text_data_collector/venv/lib/python3.10/site-packages/airflow/example_dags/subdags/subdag.py
[2022-07-06 20:00:21,157] {processor.py:653} WARNING - No viable dags retrieved from /home/hat/dev-env/10Acadamy/week_9/Speech_to_text_data_collector/venv/lib/python3.10/site-packages/airflow/example_dags/subdags/subdag.py
[2022-07-06 20:00:21,179] {processor.py:161} INFO - Processing /home/hat/dev-env/10Acadamy/week_9/Speech_to_text_data_collector/venv/lib/python3.10/site-packages/airflow/example_dags/subdags/subdag.py took 0.031 seconds
[2022-07-06 20:00:55,484] {processor.py:153} INFO - Started process (PID=54523) to work on /home/hat/dev-env/10Acadamy/week_9/Speech_to_text_data_collector/venv/lib/python3.10/site-packages/airflow/example_dags/subdags/subdag.py
[2022-07-06 20:00:55,488] {processor.py:641} INFO - Processing file /home/hat/dev-env/10Acadamy/week_9/Speech_to_text_data_collector/venv/lib/python3.10/site-packages/airflow/example_dags/subdags/subdag.py for tasks to queue
[2022-07-06 20:00:55,489] {logging_mixin.py:115} INFO - [2022-07-06 20:00:55,489] {dagbag.py:507} INFO - Filling up the DagBag from /home/hat/dev-env/10Acadamy/week_9/Speech_to_text_data_collector/venv/lib/python3.10/site-packages/airflow/example_dags/subdags/subdag.py
[2022-07-06 20:00:55,491] {processor.py:653} WARNING - No viable dags retrieved from /home/hat/dev-env/10Acadamy/week_9/Speech_to_text_data_collector/venv/lib/python3.10/site-packages/airflow/example_dags/subdags/subdag.py
[2022-07-06 20:00:55,525] {processor.py:161} INFO - Processing /home/hat/dev-env/10Acadamy/week_9/Speech_to_text_data_collector/venv/lib/python3.10/site-packages/airflow/example_dags/subdags/subdag.py took 0.048 seconds
[2022-07-06 20:01:32,372] {processor.py:153} INFO - Started process (PID=54614) to work on /home/hat/dev-env/10Acadamy/week_9/Speech_to_text_data_collector/venv/lib/python3.10/site-packages/airflow/example_dags/subdags/subdag.py
[2022-07-06 20:01:32,376] {processor.py:641} INFO - Processing file /home/hat/dev-env/10Acadamy/week_9/Speech_to_text_data_collector/venv/lib/python3.10/site-packages/airflow/example_dags/subdags/subdag.py for tasks to queue
[2022-07-06 20:01:32,378] {logging_mixin.py:115} INFO - [2022-07-06 20:01:32,378] {dagbag.py:507} INFO - Filling up the DagBag from /home/hat/dev-env/10Acadamy/week_9/Speech_to_text_data_collector/venv/lib/python3.10/site-packages/airflow/example_dags/subdags/subdag.py
[2022-07-06 20:01:32,381] {processor.py:653} WARNING - No viable dags retrieved from /home/hat/dev-env/10Acadamy/week_9/Speech_to_text_data_collector/venv/lib/python3.10/site-packages/airflow/example_dags/subdags/subdag.py
[2022-07-06 20:01:32,402] {processor.py:161} INFO - Processing /home/hat/dev-env/10Acadamy/week_9/Speech_to_text_data_collector/venv/lib/python3.10/site-packages/airflow/example_dags/subdags/subdag.py took 0.033 seconds
[2022-07-06 20:02:08,513] {processor.py:153} INFO - Started process (PID=54698) to work on /home/hat/dev-env/10Acadamy/week_9/Speech_to_text_data_collector/venv/lib/python3.10/site-packages/airflow/example_dags/subdags/subdag.py
[2022-07-06 20:02:08,516] {processor.py:641} INFO - Processing file /home/hat/dev-env/10Acadamy/week_9/Speech_to_text_data_collector/venv/lib/python3.10/site-packages/airflow/example_dags/subdags/subdag.py for tasks to queue
[2022-07-06 20:02:08,517] {logging_mixin.py:115} INFO - [2022-07-06 20:02:08,517] {dagbag.py:507} INFO - Filling up the DagBag from /home/hat/dev-env/10Acadamy/week_9/Speech_to_text_data_collector/venv/lib/python3.10/site-packages/airflow/example_dags/subdags/subdag.py
[2022-07-06 20:02:08,519] {processor.py:653} WARNING - No viable dags retrieved from /home/hat/dev-env/10Acadamy/week_9/Speech_to_text_data_collector/venv/lib/python3.10/site-packages/airflow/example_dags/subdags/subdag.py
[2022-07-06 20:02:08,535] {processor.py:161} INFO - Processing /home/hat/dev-env/10Acadamy/week_9/Speech_to_text_data_collector/venv/lib/python3.10/site-packages/airflow/example_dags/subdags/subdag.py took 0.026 seconds
[2022-07-06 20:02:43,952] {processor.py:153} INFO - Started process (PID=54880) to work on /home/hat/dev-env/10Acadamy/week_9/Speech_to_text_data_collector/venv/lib/python3.10/site-packages/airflow/example_dags/subdags/subdag.py
[2022-07-06 20:02:43,953] {processor.py:641} INFO - Processing file /home/hat/dev-env/10Acadamy/week_9/Speech_to_text_data_collector/venv/lib/python3.10/site-packages/airflow/example_dags/subdags/subdag.py for tasks to queue
[2022-07-06 20:02:43,954] {logging_mixin.py:115} INFO - [2022-07-06 20:02:43,954] {dagbag.py:507} INFO - Filling up the DagBag from /home/hat/dev-env/10Acadamy/week_9/Speech_to_text_data_collector/venv/lib/python3.10/site-packages/airflow/example_dags/subdags/subdag.py
[2022-07-06 20:02:43,956] {processor.py:653} WARNING - No viable dags retrieved from /home/hat/dev-env/10Acadamy/week_9/Speech_to_text_data_collector/venv/lib/python3.10/site-packages/airflow/example_dags/subdags/subdag.py
[2022-07-06 20:02:43,972] {processor.py:161} INFO - Processing /home/hat/dev-env/10Acadamy/week_9/Speech_to_text_data_collector/venv/lib/python3.10/site-packages/airflow/example_dags/subdags/subdag.py took 0.025 seconds
[2022-07-06 20:03:19,997] {processor.py:153} INFO - Started process (PID=54953) to work on /home/hat/dev-env/10Acadamy/week_9/Speech_to_text_data_collector/venv/lib/python3.10/site-packages/airflow/example_dags/subdags/subdag.py
[2022-07-06 20:03:20,000] {processor.py:641} INFO - Processing file /home/hat/dev-env/10Acadamy/week_9/Speech_to_text_data_collector/venv/lib/python3.10/site-packages/airflow/example_dags/subdags/subdag.py for tasks to queue
[2022-07-06 20:03:20,001] {logging_mixin.py:115} INFO - [2022-07-06 20:03:20,001] {dagbag.py:507} INFO - Filling up the DagBag from /home/hat/dev-env/10Acadamy/week_9/Speech_to_text_data_collector/venv/lib/python3.10/site-packages/airflow/example_dags/subdags/subdag.py
[2022-07-06 20:03:20,003] {processor.py:653} WARNING - No viable dags retrieved from /home/hat/dev-env/10Acadamy/week_9/Speech_to_text_data_collector/venv/lib/python3.10/site-packages/airflow/example_dags/subdags/subdag.py
[2022-07-06 20:03:20,017] {processor.py:161} INFO - Processing /home/hat/dev-env/10Acadamy/week_9/Speech_to_text_data_collector/venv/lib/python3.10/site-packages/airflow/example_dags/subdags/subdag.py took 0.024 seconds
[2022-07-06 20:03:59,017] {processor.py:153} INFO - Started process (PID=55050) to work on /home/hat/dev-env/10Acadamy/week_9/Speech_to_text_data_collector/venv/lib/python3.10/site-packages/airflow/example_dags/subdags/subdag.py
[2022-07-06 20:03:59,020] {processor.py:641} INFO - Processing file /home/hat/dev-env/10Acadamy/week_9/Speech_to_text_data_collector/venv/lib/python3.10/site-packages/airflow/example_dags/subdags/subdag.py for tasks to queue
[2022-07-06 20:03:59,021] {logging_mixin.py:115} INFO - [2022-07-06 20:03:59,021] {dagbag.py:507} INFO - Filling up the DagBag from /home/hat/dev-env/10Acadamy/week_9/Speech_to_text_data_collector/venv/lib/python3.10/site-packages/airflow/example_dags/subdags/subdag.py
[2022-07-06 20:03:59,026] {processor.py:653} WARNING - No viable dags retrieved from /home/hat/dev-env/10Acadamy/week_9/Speech_to_text_data_collector/venv/lib/python3.10/site-packages/airflow/example_dags/subdags/subdag.py
[2022-07-06 20:03:59,052] {processor.py:161} INFO - Processing /home/hat/dev-env/10Acadamy/week_9/Speech_to_text_data_collector/venv/lib/python3.10/site-packages/airflow/example_dags/subdags/subdag.py took 0.043 seconds
[2022-07-06 20:04:35,105] {processor.py:153} INFO - Started process (PID=55362) to work on /home/hat/dev-env/10Acadamy/week_9/Speech_to_text_data_collector/venv/lib/python3.10/site-packages/airflow/example_dags/subdags/subdag.py
[2022-07-06 20:04:35,107] {processor.py:641} INFO - Processing file /home/hat/dev-env/10Acadamy/week_9/Speech_to_text_data_collector/venv/lib/python3.10/site-packages/airflow/example_dags/subdags/subdag.py for tasks to queue
[2022-07-06 20:04:35,108] {logging_mixin.py:115} INFO - [2022-07-06 20:04:35,108] {dagbag.py:507} INFO - Filling up the DagBag from /home/hat/dev-env/10Acadamy/week_9/Speech_to_text_data_collector/venv/lib/python3.10/site-packages/airflow/example_dags/subdags/subdag.py
[2022-07-06 20:04:35,110] {processor.py:653} WARNING - No viable dags retrieved from /home/hat/dev-env/10Acadamy/week_9/Speech_to_text_data_collector/venv/lib/python3.10/site-packages/airflow/example_dags/subdags/subdag.py
[2022-07-06 20:04:35,128] {processor.py:161} INFO - Processing /home/hat/dev-env/10Acadamy/week_9/Speech_to_text_data_collector/venv/lib/python3.10/site-packages/airflow/example_dags/subdags/subdag.py took 0.028 seconds
[2022-07-06 20:05:08,438] {processor.py:153} INFO - Started process (PID=55431) to work on /home/hat/dev-env/10Acadamy/week_9/Speech_to_text_data_collector/venv/lib/python3.10/site-packages/airflow/example_dags/subdags/subdag.py
[2022-07-06 20:05:08,441] {processor.py:641} INFO - Processing file /home/hat/dev-env/10Acadamy/week_9/Speech_to_text_data_collector/venv/lib/python3.10/site-packages/airflow/example_dags/subdags/subdag.py for tasks to queue
[2022-07-06 20:05:08,442] {logging_mixin.py:115} INFO - [2022-07-06 20:05:08,441] {dagbag.py:507} INFO - Filling up the DagBag from /home/hat/dev-env/10Acadamy/week_9/Speech_to_text_data_collector/venv/lib/python3.10/site-packages/airflow/example_dags/subdags/subdag.py
[2022-07-06 20:05:08,443] {processor.py:653} WARNING - No viable dags retrieved from /home/hat/dev-env/10Acadamy/week_9/Speech_to_text_data_collector/venv/lib/python3.10/site-packages/airflow/example_dags/subdags/subdag.py
[2022-07-06 20:05:08,457] {processor.py:161} INFO - Processing /home/hat/dev-env/10Acadamy/week_9/Speech_to_text_data_collector/venv/lib/python3.10/site-packages/airflow/example_dags/subdags/subdag.py took 0.023 seconds
[2022-07-06 20:05:45,393] {processor.py:153} INFO - Started process (PID=55521) to work on /home/hat/dev-env/10Acadamy/week_9/Speech_to_text_data_collector/venv/lib/python3.10/site-packages/airflow/example_dags/subdags/subdag.py
[2022-07-06 20:05:45,396] {processor.py:641} INFO - Processing file /home/hat/dev-env/10Acadamy/week_9/Speech_to_text_data_collector/venv/lib/python3.10/site-packages/airflow/example_dags/subdags/subdag.py for tasks to queue
[2022-07-06 20:05:45,398] {logging_mixin.py:115} INFO - [2022-07-06 20:05:45,397] {dagbag.py:507} INFO - Filling up the DagBag from /home/hat/dev-env/10Acadamy/week_9/Speech_to_text_data_collector/venv/lib/python3.10/site-packages/airflow/example_dags/subdags/subdag.py
[2022-07-06 20:05:45,400] {processor.py:653} WARNING - No viable dags retrieved from /home/hat/dev-env/10Acadamy/week_9/Speech_to_text_data_collector/venv/lib/python3.10/site-packages/airflow/example_dags/subdags/subdag.py
[2022-07-06 20:05:45,422] {processor.py:161} INFO - Processing /home/hat/dev-env/10Acadamy/week_9/Speech_to_text_data_collector/venv/lib/python3.10/site-packages/airflow/example_dags/subdags/subdag.py took 0.034 seconds
[2022-07-06 20:06:22,205] {processor.py:153} INFO - Started process (PID=55608) to work on /home/hat/dev-env/10Acadamy/week_9/Speech_to_text_data_collector/venv/lib/python3.10/site-packages/airflow/example_dags/subdags/subdag.py
[2022-07-06 20:06:22,209] {processor.py:641} INFO - Processing file /home/hat/dev-env/10Acadamy/week_9/Speech_to_text_data_collector/venv/lib/python3.10/site-packages/airflow/example_dags/subdags/subdag.py for tasks to queue
[2022-07-06 20:06:22,211] {logging_mixin.py:115} INFO - [2022-07-06 20:06:22,211] {dagbag.py:507} INFO - Filling up the DagBag from /home/hat/dev-env/10Acadamy/week_9/Speech_to_text_data_collector/venv/lib/python3.10/site-packages/airflow/example_dags/subdags/subdag.py
[2022-07-06 20:06:22,214] {processor.py:653} WARNING - No viable dags retrieved from /home/hat/dev-env/10Acadamy/week_9/Speech_to_text_data_collector/venv/lib/python3.10/site-packages/airflow/example_dags/subdags/subdag.py
[2022-07-06 20:06:22,240] {processor.py:161} INFO - Processing /home/hat/dev-env/10Acadamy/week_9/Speech_to_text_data_collector/venv/lib/python3.10/site-packages/airflow/example_dags/subdags/subdag.py took 0.039 seconds
[2022-07-06 20:06:59,111] {processor.py:153} INFO - Started process (PID=55685) to work on /home/hat/dev-env/10Acadamy/week_9/Speech_to_text_data_collector/venv/lib/python3.10/site-packages/airflow/example_dags/subdags/subdag.py
[2022-07-06 20:06:59,115] {processor.py:641} INFO - Processing file /home/hat/dev-env/10Acadamy/week_9/Speech_to_text_data_collector/venv/lib/python3.10/site-packages/airflow/example_dags/subdags/subdag.py for tasks to queue
[2022-07-06 20:06:59,118] {logging_mixin.py:115} INFO - [2022-07-06 20:06:59,117] {dagbag.py:507} INFO - Filling up the DagBag from /home/hat/dev-env/10Acadamy/week_9/Speech_to_text_data_collector/venv/lib/python3.10/site-packages/airflow/example_dags/subdags/subdag.py
[2022-07-06 20:06:59,123] {processor.py:653} WARNING - No viable dags retrieved from /home/hat/dev-env/10Acadamy/week_9/Speech_to_text_data_collector/venv/lib/python3.10/site-packages/airflow/example_dags/subdags/subdag.py
[2022-07-06 20:06:59,145] {processor.py:161} INFO - Processing /home/hat/dev-env/10Acadamy/week_9/Speech_to_text_data_collector/venv/lib/python3.10/site-packages/airflow/example_dags/subdags/subdag.py took 0.039 seconds
[2022-07-06 20:07:35,479] {processor.py:153} INFO - Started process (PID=55773) to work on /home/hat/dev-env/10Acadamy/week_9/Speech_to_text_data_collector/venv/lib/python3.10/site-packages/airflow/example_dags/subdags/subdag.py
[2022-07-06 20:07:35,480] {processor.py:641} INFO - Processing file /home/hat/dev-env/10Acadamy/week_9/Speech_to_text_data_collector/venv/lib/python3.10/site-packages/airflow/example_dags/subdags/subdag.py for tasks to queue
[2022-07-06 20:07:35,481] {logging_mixin.py:115} INFO - [2022-07-06 20:07:35,481] {dagbag.py:507} INFO - Filling up the DagBag from /home/hat/dev-env/10Acadamy/week_9/Speech_to_text_data_collector/venv/lib/python3.10/site-packages/airflow/example_dags/subdags/subdag.py
[2022-07-06 20:07:35,483] {processor.py:653} WARNING - No viable dags retrieved from /home/hat/dev-env/10Acadamy/week_9/Speech_to_text_data_collector/venv/lib/python3.10/site-packages/airflow/example_dags/subdags/subdag.py
[2022-07-06 20:07:35,497] {processor.py:161} INFO - Processing /home/hat/dev-env/10Acadamy/week_9/Speech_to_text_data_collector/venv/lib/python3.10/site-packages/airflow/example_dags/subdags/subdag.py took 0.021 seconds
[2022-07-06 20:08:10,638] {processor.py:153} INFO - Started process (PID=55848) to work on /home/hat/dev-env/10Acadamy/week_9/Speech_to_text_data_collector/venv/lib/python3.10/site-packages/airflow/example_dags/subdags/subdag.py
[2022-07-06 20:08:10,641] {processor.py:641} INFO - Processing file /home/hat/dev-env/10Acadamy/week_9/Speech_to_text_data_collector/venv/lib/python3.10/site-packages/airflow/example_dags/subdags/subdag.py for tasks to queue
[2022-07-06 20:08:10,642] {logging_mixin.py:115} INFO - [2022-07-06 20:08:10,641] {dagbag.py:507} INFO - Filling up the DagBag from /home/hat/dev-env/10Acadamy/week_9/Speech_to_text_data_collector/venv/lib/python3.10/site-packages/airflow/example_dags/subdags/subdag.py
[2022-07-06 20:08:10,643] {processor.py:653} WARNING - No viable dags retrieved from /home/hat/dev-env/10Acadamy/week_9/Speech_to_text_data_collector/venv/lib/python3.10/site-packages/airflow/example_dags/subdags/subdag.py
[2022-07-06 20:08:10,656] {processor.py:161} INFO - Processing /home/hat/dev-env/10Acadamy/week_9/Speech_to_text_data_collector/venv/lib/python3.10/site-packages/airflow/example_dags/subdags/subdag.py took 0.022 seconds
[2022-07-06 20:08:47,379] {processor.py:153} INFO - Started process (PID=55938) to work on /home/hat/dev-env/10Acadamy/week_9/Speech_to_text_data_collector/venv/lib/python3.10/site-packages/airflow/example_dags/subdags/subdag.py
[2022-07-06 20:08:47,382] {processor.py:641} INFO - Processing file /home/hat/dev-env/10Acadamy/week_9/Speech_to_text_data_collector/venv/lib/python3.10/site-packages/airflow/example_dags/subdags/subdag.py for tasks to queue
[2022-07-06 20:08:47,383] {logging_mixin.py:115} INFO - [2022-07-06 20:08:47,383] {dagbag.py:507} INFO - Filling up the DagBag from /home/hat/dev-env/10Acadamy/week_9/Speech_to_text_data_collector/venv/lib/python3.10/site-packages/airflow/example_dags/subdags/subdag.py
[2022-07-06 20:08:47,386] {processor.py:653} WARNING - No viable dags retrieved from /home/hat/dev-env/10Acadamy/week_9/Speech_to_text_data_collector/venv/lib/python3.10/site-packages/airflow/example_dags/subdags/subdag.py
[2022-07-06 20:08:47,414] {processor.py:161} INFO - Processing /home/hat/dev-env/10Acadamy/week_9/Speech_to_text_data_collector/venv/lib/python3.10/site-packages/airflow/example_dags/subdags/subdag.py took 0.046 seconds
[2022-07-06 20:09:26,843] {processor.py:153} INFO - Started process (PID=56268) to work on /home/hat/dev-env/10Acadamy/week_9/Speech_to_text_data_collector/venv/lib/python3.10/site-packages/airflow/example_dags/subdags/subdag.py
[2022-07-06 20:09:26,846] {processor.py:641} INFO - Processing file /home/hat/dev-env/10Acadamy/week_9/Speech_to_text_data_collector/venv/lib/python3.10/site-packages/airflow/example_dags/subdags/subdag.py for tasks to queue
[2022-07-06 20:09:26,847] {logging_mixin.py:115} INFO - [2022-07-06 20:09:26,847] {dagbag.py:507} INFO - Filling up the DagBag from /home/hat/dev-env/10Acadamy/week_9/Speech_to_text_data_collector/venv/lib/python3.10/site-packages/airflow/example_dags/subdags/subdag.py
[2022-07-06 20:09:26,849] {processor.py:653} WARNING - No viable dags retrieved from /home/hat/dev-env/10Acadamy/week_9/Speech_to_text_data_collector/venv/lib/python3.10/site-packages/airflow/example_dags/subdags/subdag.py
[2022-07-06 20:09:26,870] {processor.py:161} INFO - Processing /home/hat/dev-env/10Acadamy/week_9/Speech_to_text_data_collector/venv/lib/python3.10/site-packages/airflow/example_dags/subdags/subdag.py took 0.032 seconds
[2022-07-06 20:10:05,074] {processor.py:153} INFO - Started process (PID=56758) to work on /home/hat/dev-env/10Acadamy/week_9/Speech_to_text_data_collector/venv/lib/python3.10/site-packages/airflow/example_dags/subdags/subdag.py
[2022-07-06 20:10:05,077] {processor.py:641} INFO - Processing file /home/hat/dev-env/10Acadamy/week_9/Speech_to_text_data_collector/venv/lib/python3.10/site-packages/airflow/example_dags/subdags/subdag.py for tasks to queue
[2022-07-06 20:10:05,078] {logging_mixin.py:115} INFO - [2022-07-06 20:10:05,077] {dagbag.py:507} INFO - Filling up the DagBag from /home/hat/dev-env/10Acadamy/week_9/Speech_to_text_data_collector/venv/lib/python3.10/site-packages/airflow/example_dags/subdags/subdag.py
[2022-07-06 20:10:05,080] {processor.py:653} WARNING - No viable dags retrieved from /home/hat/dev-env/10Acadamy/week_9/Speech_to_text_data_collector/venv/lib/python3.10/site-packages/airflow/example_dags/subdags/subdag.py
[2022-07-06 20:10:05,096] {processor.py:161} INFO - Processing /home/hat/dev-env/10Acadamy/week_9/Speech_to_text_data_collector/venv/lib/python3.10/site-packages/airflow/example_dags/subdags/subdag.py took 0.029 seconds
