[2022-07-06 19:40:16,644] {taskinstance.py:1159} INFO - Dependencies all met for <TaskInstance: example_bash_operator.runme_0 scheduled__2022-07-05T00:00:00+00:00 [queued]>
[2022-07-06 19:40:16,671] {taskinstance.py:1159} INFO - Dependencies all met for <TaskInstance: example_bash_operator.runme_0 scheduled__2022-07-05T00:00:00+00:00 [queued]>
[2022-07-06 19:40:16,671] {taskinstance.py:1356} INFO - 
--------------------------------------------------------------------------------
[2022-07-06 19:40:16,671] {taskinstance.py:1357} INFO - Starting attempt 1 of 1
[2022-07-06 19:40:16,671] {taskinstance.py:1358} INFO - 
--------------------------------------------------------------------------------
[2022-07-06 19:40:16,708] {taskinstance.py:1377} INFO - Executing <Task(BashOperator): runme_0> on 2022-07-05 00:00:00+00:00
[2022-07-06 19:40:16,711] {standard_task_runner.py:52} INFO - Started process 50161 to run task
[2022-07-06 19:40:16,726] {standard_task_runner.py:79} INFO - Running: ['airflow', 'tasks', 'run', 'example_bash_operator', 'runme_0', 'scheduled__2022-07-05T00:00:00+00:00', '--job-id', '3', '--raw', '--subdir', '/home/hat/dev-env/10Acadamy/week_9/Speech_to_text_data_collector/venv/lib/python3.10/site-packages/airflow/example_dags/example_bash_operator.py', '--cfg-path', '/tmp/tmpr59o4rpx', '--error-file', '/tmp/tmpjam49m3y']
[2022-07-06 19:40:16,727] {standard_task_runner.py:80} INFO - Job 3: Subtask runme_0
[2022-07-06 19:40:16,830] {task_command.py:370} INFO - Running <TaskInstance: example_bash_operator.runme_0 scheduled__2022-07-05T00:00:00+00:00 [running]> on host hat
[2022-07-06 19:40:17,004] {taskinstance.py:1569} INFO - Exporting the following env vars:
AIRFLOW_CTX_DAG_OWNER=airflow
AIRFLOW_CTX_DAG_ID=example_bash_operator
AIRFLOW_CTX_TASK_ID=runme_0
AIRFLOW_CTX_EXECUTION_DATE=2022-07-05T00:00:00+00:00
AIRFLOW_CTX_TRY_NUMBER=1
AIRFLOW_CTX_DAG_RUN_ID=scheduled__2022-07-05T00:00:00+00:00
[2022-07-06 19:40:17,006] {subprocess.py:62} INFO - Tmp dir root location: 
 /tmp
[2022-07-06 19:40:17,010] {subprocess.py:74} INFO - Running command: ['bash', '-c', 'echo "example_bash_operator__runme_0__20220705" && sleep 1']
[2022-07-06 19:40:17,029] {subprocess.py:85} INFO - Output:
[2022-07-06 19:40:17,031] {subprocess.py:92} INFO - example_bash_operator__runme_0__20220705
[2022-07-06 19:40:18,035] {subprocess.py:96} INFO - Command exited with return code 0
[2022-07-06 19:40:18,234] {taskinstance.py:1395} INFO - Marking task as SUCCESS. dag_id=example_bash_operator, task_id=runme_0, execution_date=20220705T000000, start_date=20220706T164016, end_date=20220706T164018
[2022-07-06 19:40:18,310] {local_task_job.py:156} INFO - Task exited with return code 0
[2022-07-06 19:40:18,373] {local_task_job.py:273} INFO - 0 downstream tasks scheduled from follow-on schedule check
