[2022-07-06 19:40:53,772] {taskinstance.py:1159} INFO - Dependencies all met for <TaskInstance: example_bash_operator.also_run_this manual__2022-07-06T16:40:10.887839+00:00 [queued]>
[2022-07-06 19:40:53,783] {taskinstance.py:1159} INFO - Dependencies all met for <TaskInstance: example_bash_operator.also_run_this manual__2022-07-06T16:40:10.887839+00:00 [queued]>
[2022-07-06 19:40:53,783] {taskinstance.py:1356} INFO - 
--------------------------------------------------------------------------------
[2022-07-06 19:40:53,783] {taskinstance.py:1357} INFO - Starting attempt 1 of 1
[2022-07-06 19:40:53,783] {taskinstance.py:1358} INFO - 
--------------------------------------------------------------------------------
[2022-07-06 19:40:53,804] {taskinstance.py:1377} INFO - Executing <Task(BashOperator): also_run_this> on 2022-07-06 16:40:10.887839+00:00
[2022-07-06 19:40:53,807] {standard_task_runner.py:52} INFO - Started process 50678 to run task
[2022-07-06 19:40:53,810] {standard_task_runner.py:79} INFO - Running: ['airflow', 'tasks', 'run', 'example_bash_operator', 'also_run_this', 'manual__2022-07-06T16:40:10.887839+00:00', '--job-id', '11', '--raw', '--subdir', '/home/hat/dev-env/10Acadamy/week_9/Speech_to_text_data_collector/venv/lib/python3.10/site-packages/airflow/example_dags/example_bash_operator.py', '--cfg-path', '/tmp/tmpkb1om8hj', '--error-file', '/tmp/tmpo2eyb4k1']
[2022-07-06 19:40:53,811] {standard_task_runner.py:80} INFO - Job 11: Subtask also_run_this
[2022-07-06 19:40:53,857] {task_command.py:370} INFO - Running <TaskInstance: example_bash_operator.also_run_this manual__2022-07-06T16:40:10.887839+00:00 [running]> on host hat
[2022-07-06 19:40:53,914] {taskinstance.py:1569} INFO - Exporting the following env vars:
AIRFLOW_CTX_DAG_OWNER=airflow
AIRFLOW_CTX_DAG_ID=example_bash_operator
AIRFLOW_CTX_TASK_ID=also_run_this
AIRFLOW_CTX_EXECUTION_DATE=2022-07-06T16:40:10.887839+00:00
AIRFLOW_CTX_TRY_NUMBER=1
AIRFLOW_CTX_DAG_RUN_ID=manual__2022-07-06T16:40:10.887839+00:00
[2022-07-06 19:40:53,915] {subprocess.py:62} INFO - Tmp dir root location: 
 /tmp
[2022-07-06 19:40:53,916] {subprocess.py:74} INFO - Running command: ['bash', '-c', 'echo "run_id=manual__2022-07-06T16:40:10.887839+00:00 | dag_run=<DagRun example_bash_operator @ 2022-07-06 16:40:10.887839+00:00: manual__2022-07-06T16:40:10.887839+00:00, externally triggered: True>"']
[2022-07-06 19:40:53,922] {subprocess.py:85} INFO - Output:
[2022-07-06 19:40:53,923] {subprocess.py:92} INFO - run_id=manual__2022-07-06T16:40:10.887839+00:00 | dag_run=<DagRun example_bash_operator @ 2022-07-06 16:40:10.887839+00:00: manual__2022-07-06T16:40:10.887839+00:00, externally triggered: True>
[2022-07-06 19:40:53,924] {subprocess.py:96} INFO - Command exited with return code 0
[2022-07-06 19:40:53,954] {taskinstance.py:1395} INFO - Marking task as SUCCESS. dag_id=example_bash_operator, task_id=also_run_this, execution_date=20220706T164010, start_date=20220706T164053, end_date=20220706T164053
[2022-07-06 19:40:53,982] {local_task_job.py:156} INFO - Task exited with return code 0
[2022-07-06 19:40:54,017] {local_task_job.py:273} INFO - 0 downstream tasks scheduled from follow-on schedule check
