[2022-07-06 19:40:56,595] {taskinstance.py:1159} INFO - Dependencies all met for <TaskInstance: example_bash_operator.this_will_skip manual__2022-07-06T16:40:10.887839+00:00 [queued]>
[2022-07-06 19:40:56,605] {taskinstance.py:1159} INFO - Dependencies all met for <TaskInstance: example_bash_operator.this_will_skip manual__2022-07-06T16:40:10.887839+00:00 [queued]>
[2022-07-06 19:40:56,605] {taskinstance.py:1356} INFO - 
--------------------------------------------------------------------------------
[2022-07-06 19:40:56,605] {taskinstance.py:1357} INFO - Starting attempt 1 of 1
[2022-07-06 19:40:56,605] {taskinstance.py:1358} INFO - 
--------------------------------------------------------------------------------
[2022-07-06 19:40:56,621] {taskinstance.py:1377} INFO - Executing <Task(BashOperator): this_will_skip> on 2022-07-06 16:40:10.887839+00:00
[2022-07-06 19:40:56,624] {standard_task_runner.py:52} INFO - Started process 50712 to run task
[2022-07-06 19:40:56,628] {standard_task_runner.py:79} INFO - Running: ['airflow', 'tasks', 'run', 'example_bash_operator', 'this_will_skip', 'manual__2022-07-06T16:40:10.887839+00:00', '--job-id', '12', '--raw', '--subdir', '/home/hat/dev-env/10Acadamy/week_9/Speech_to_text_data_collector/venv/lib/python3.10/site-packages/airflow/example_dags/example_bash_operator.py', '--cfg-path', '/tmp/tmpu4v2kz7d', '--error-file', '/tmp/tmpydu18ngl']
[2022-07-06 19:40:56,628] {standard_task_runner.py:80} INFO - Job 12: Subtask this_will_skip
[2022-07-06 19:40:56,674] {task_command.py:370} INFO - Running <TaskInstance: example_bash_operator.this_will_skip manual__2022-07-06T16:40:10.887839+00:00 [running]> on host hat
[2022-07-06 19:40:56,730] {taskinstance.py:1569} INFO - Exporting the following env vars:
AIRFLOW_CTX_DAG_OWNER=airflow
AIRFLOW_CTX_DAG_ID=example_bash_operator
AIRFLOW_CTX_TASK_ID=this_will_skip
AIRFLOW_CTX_EXECUTION_DATE=2022-07-06T16:40:10.887839+00:00
AIRFLOW_CTX_TRY_NUMBER=1
AIRFLOW_CTX_DAG_RUN_ID=manual__2022-07-06T16:40:10.887839+00:00
[2022-07-06 19:40:56,731] {subprocess.py:62} INFO - Tmp dir root location: 
 /tmp
[2022-07-06 19:40:56,732] {subprocess.py:74} INFO - Running command: ['bash', '-c', 'echo "hello world"; exit 99;']
[2022-07-06 19:40:56,738] {subprocess.py:85} INFO - Output:
[2022-07-06 19:40:56,739] {subprocess.py:92} INFO - hello world
[2022-07-06 19:40:56,740] {subprocess.py:96} INFO - Command exited with return code 99
[2022-07-06 19:40:56,740] {taskinstance.py:1478} INFO - Bash command returned exit code 99. Skipping.
[2022-07-06 19:40:56,750] {taskinstance.py:1395} INFO - Marking task as SKIPPED. dag_id=example_bash_operator, task_id=this_will_skip, execution_date=20220706T164010, start_date=20220706T164056, end_date=20220706T164056
[2022-07-06 19:40:56,799] {local_task_job.py:156} INFO - Task exited with return code 0
[2022-07-06 19:40:56,835] {local_task_job.py:273} INFO - 0 downstream tasks scheduled from follow-on schedule check
