[2022-07-06 19:29:56,854] {processor.py:153} INFO - Started process (PID=46479) to work on /home/hat/dev-env/10Acadamy/week_9/Speech_to_text_data_collector/venv/lib/python3.10/site-packages/airflow/example_dags/example_complex.py
[2022-07-06 19:29:56,855] {processor.py:641} INFO - Processing file /home/hat/dev-env/10Acadamy/week_9/Speech_to_text_data_collector/venv/lib/python3.10/site-packages/airflow/example_dags/example_complex.py for tasks to queue
[2022-07-06 19:29:56,856] {logging_mixin.py:115} INFO - [2022-07-06 19:29:56,856] {dagbag.py:507} INFO - Filling up the DagBag from /home/hat/dev-env/10Acadamy/week_9/Speech_to_text_data_collector/venv/lib/python3.10/site-packages/airflow/example_dags/example_complex.py
[2022-07-06 19:29:56,874] {processor.py:651} INFO - DAG(s) dict_keys(['example_complex']) retrieved from /home/hat/dev-env/10Acadamy/week_9/Speech_to_text_data_collector/venv/lib/python3.10/site-packages/airflow/example_dags/example_complex.py
[2022-07-06 19:29:56,961] {logging_mixin.py:115} INFO - [2022-07-06 19:29:56,961] {manager.py:508} INFO - Created Permission View: can edit on DAG:example_complex
[2022-07-06 19:29:56,974] {logging_mixin.py:115} INFO - [2022-07-06 19:29:56,973] {manager.py:508} INFO - Created Permission View: can delete on DAG:example_complex
[2022-07-06 19:29:56,984] {logging_mixin.py:115} INFO - [2022-07-06 19:29:56,984] {manager.py:508} INFO - Created Permission View: can read on DAG:example_complex
[2022-07-06 19:29:56,984] {logging_mixin.py:115} INFO - [2022-07-06 19:29:56,984] {dag.py:2379} INFO - Sync 1 DAGs
[2022-07-06 19:29:56,993] {logging_mixin.py:115} INFO - [2022-07-06 19:29:56,993] {dag.py:2398} INFO - Creating ORM DAG for example_complex
[2022-07-06 19:29:57,004] {logging_mixin.py:115} INFO - [2022-07-06 19:29:57,004] {dag.py:2927} INFO - Setting next_dagrun for example_complex to None, run_after=None
[2022-07-06 19:29:57,024] {processor.py:161} INFO - Processing /home/hat/dev-env/10Acadamy/week_9/Speech_to_text_data_collector/venv/lib/python3.10/site-packages/airflow/example_dags/example_complex.py took 0.173 seconds
[2022-07-06 19:30:36,792] {processor.py:153} INFO - Started process (PID=46896) to work on /home/hat/dev-env/10Acadamy/week_9/Speech_to_text_data_collector/venv/lib/python3.10/site-packages/airflow/example_dags/example_complex.py
[2022-07-06 19:30:36,794] {processor.py:641} INFO - Processing file /home/hat/dev-env/10Acadamy/week_9/Speech_to_text_data_collector/venv/lib/python3.10/site-packages/airflow/example_dags/example_complex.py for tasks to queue
[2022-07-06 19:30:36,795] {logging_mixin.py:115} INFO - [2022-07-06 19:30:36,795] {dagbag.py:507} INFO - Filling up the DagBag from /home/hat/dev-env/10Acadamy/week_9/Speech_to_text_data_collector/venv/lib/python3.10/site-packages/airflow/example_dags/example_complex.py
[2022-07-06 19:30:36,809] {processor.py:651} INFO - DAG(s) dict_keys(['example_complex']) retrieved from /home/hat/dev-env/10Acadamy/week_9/Speech_to_text_data_collector/venv/lib/python3.10/site-packages/airflow/example_dags/example_complex.py
[2022-07-06 19:30:36,835] {logging_mixin.py:115} INFO - [2022-07-06 19:30:36,835] {dag.py:2379} INFO - Sync 1 DAGs
[2022-07-06 19:30:36,866] {logging_mixin.py:115} INFO - [2022-07-06 19:30:36,866] {dag.py:2927} INFO - Setting next_dagrun for example_complex to None, run_after=None
[2022-07-06 19:30:36,886] {processor.py:161} INFO - Processing /home/hat/dev-env/10Acadamy/week_9/Speech_to_text_data_collector/venv/lib/python3.10/site-packages/airflow/example_dags/example_complex.py took 0.097 seconds
[2022-07-06 19:31:10,913] {processor.py:153} INFO - Started process (PID=46978) to work on /home/hat/dev-env/10Acadamy/week_9/Speech_to_text_data_collector/venv/lib/python3.10/site-packages/airflow/example_dags/example_complex.py
[2022-07-06 19:31:10,920] {processor.py:641} INFO - Processing file /home/hat/dev-env/10Acadamy/week_9/Speech_to_text_data_collector/venv/lib/python3.10/site-packages/airflow/example_dags/example_complex.py for tasks to queue
[2022-07-06 19:31:10,930] {logging_mixin.py:115} INFO - [2022-07-06 19:31:10,930] {dagbag.py:507} INFO - Filling up the DagBag from /home/hat/dev-env/10Acadamy/week_9/Speech_to_text_data_collector/venv/lib/python3.10/site-packages/airflow/example_dags/example_complex.py
[2022-07-06 19:31:10,954] {processor.py:651} INFO - DAG(s) dict_keys(['example_complex']) retrieved from /home/hat/dev-env/10Acadamy/week_9/Speech_to_text_data_collector/venv/lib/python3.10/site-packages/airflow/example_dags/example_complex.py
[2022-07-06 19:31:11,010] {logging_mixin.py:115} INFO - [2022-07-06 19:31:11,010] {dag.py:2379} INFO - Sync 1 DAGs
[2022-07-06 19:31:11,048] {logging_mixin.py:115} INFO - [2022-07-06 19:31:11,048] {dag.py:2927} INFO - Setting next_dagrun for example_complex to None, run_after=None
[2022-07-06 19:31:11,096] {processor.py:161} INFO - Processing /home/hat/dev-env/10Acadamy/week_9/Speech_to_text_data_collector/venv/lib/python3.10/site-packages/airflow/example_dags/example_complex.py took 0.188 seconds
[2022-07-06 19:31:43,791] {processor.py:153} INFO - Started process (PID=47544) to work on /home/hat/dev-env/10Acadamy/week_9/Speech_to_text_data_collector/venv/lib/python3.10/site-packages/airflow/example_dags/example_complex.py
[2022-07-06 19:31:43,793] {processor.py:641} INFO - Processing file /home/hat/dev-env/10Acadamy/week_9/Speech_to_text_data_collector/venv/lib/python3.10/site-packages/airflow/example_dags/example_complex.py for tasks to queue
[2022-07-06 19:31:43,794] {logging_mixin.py:115} INFO - [2022-07-06 19:31:43,794] {dagbag.py:507} INFO - Filling up the DagBag from /home/hat/dev-env/10Acadamy/week_9/Speech_to_text_data_collector/venv/lib/python3.10/site-packages/airflow/example_dags/example_complex.py
[2022-07-06 19:31:43,809] {processor.py:651} INFO - DAG(s) dict_keys(['example_complex']) retrieved from /home/hat/dev-env/10Acadamy/week_9/Speech_to_text_data_collector/venv/lib/python3.10/site-packages/airflow/example_dags/example_complex.py
[2022-07-06 19:31:43,841] {logging_mixin.py:115} INFO - [2022-07-06 19:31:43,841] {dag.py:2379} INFO - Sync 1 DAGs
[2022-07-06 19:31:43,864] {logging_mixin.py:115} INFO - [2022-07-06 19:31:43,864] {dag.py:2927} INFO - Setting next_dagrun for example_complex to None, run_after=None
[2022-07-06 19:31:43,884] {processor.py:161} INFO - Processing /home/hat/dev-env/10Acadamy/week_9/Speech_to_text_data_collector/venv/lib/python3.10/site-packages/airflow/example_dags/example_complex.py took 0.096 seconds
[2022-07-06 19:32:19,212] {processor.py:153} INFO - Started process (PID=47647) to work on /home/hat/dev-env/10Acadamy/week_9/Speech_to_text_data_collector/venv/lib/python3.10/site-packages/airflow/example_dags/example_complex.py
[2022-07-06 19:32:19,215] {processor.py:641} INFO - Processing file /home/hat/dev-env/10Acadamy/week_9/Speech_to_text_data_collector/venv/lib/python3.10/site-packages/airflow/example_dags/example_complex.py for tasks to queue
[2022-07-06 19:32:19,215] {logging_mixin.py:115} INFO - [2022-07-06 19:32:19,215] {dagbag.py:507} INFO - Filling up the DagBag from /home/hat/dev-env/10Acadamy/week_9/Speech_to_text_data_collector/venv/lib/python3.10/site-packages/airflow/example_dags/example_complex.py
[2022-07-06 19:32:19,232] {processor.py:651} INFO - DAG(s) dict_keys(['example_complex']) retrieved from /home/hat/dev-env/10Acadamy/week_9/Speech_to_text_data_collector/venv/lib/python3.10/site-packages/airflow/example_dags/example_complex.py
[2022-07-06 19:32:19,259] {logging_mixin.py:115} INFO - [2022-07-06 19:32:19,259] {dag.py:2379} INFO - Sync 1 DAGs
[2022-07-06 19:32:19,297] {logging_mixin.py:115} INFO - [2022-07-06 19:32:19,297] {dag.py:2927} INFO - Setting next_dagrun for example_complex to None, run_after=None
[2022-07-06 19:32:19,326] {processor.py:161} INFO - Processing /home/hat/dev-env/10Acadamy/week_9/Speech_to_text_data_collector/venv/lib/python3.10/site-packages/airflow/example_dags/example_complex.py took 0.121 seconds
[2022-07-06 19:32:55,540] {processor.py:153} INFO - Started process (PID=47731) to work on /home/hat/dev-env/10Acadamy/week_9/Speech_to_text_data_collector/venv/lib/python3.10/site-packages/airflow/example_dags/example_complex.py
[2022-07-06 19:32:55,543] {processor.py:641} INFO - Processing file /home/hat/dev-env/10Acadamy/week_9/Speech_to_text_data_collector/venv/lib/python3.10/site-packages/airflow/example_dags/example_complex.py for tasks to queue
[2022-07-06 19:32:55,544] {logging_mixin.py:115} INFO - [2022-07-06 19:32:55,543] {dagbag.py:507} INFO - Filling up the DagBag from /home/hat/dev-env/10Acadamy/week_9/Speech_to_text_data_collector/venv/lib/python3.10/site-packages/airflow/example_dags/example_complex.py
[2022-07-06 19:32:55,558] {processor.py:651} INFO - DAG(s) dict_keys(['example_complex']) retrieved from /home/hat/dev-env/10Acadamy/week_9/Speech_to_text_data_collector/venv/lib/python3.10/site-packages/airflow/example_dags/example_complex.py
[2022-07-06 19:32:55,581] {logging_mixin.py:115} INFO - [2022-07-06 19:32:55,581] {dag.py:2379} INFO - Sync 1 DAGs
[2022-07-06 19:32:55,603] {logging_mixin.py:115} INFO - [2022-07-06 19:32:55,603] {dag.py:2927} INFO - Setting next_dagrun for example_complex to None, run_after=None
[2022-07-06 19:32:55,621] {processor.py:161} INFO - Processing /home/hat/dev-env/10Acadamy/week_9/Speech_to_text_data_collector/venv/lib/python3.10/site-packages/airflow/example_dags/example_complex.py took 0.085 seconds
[2022-07-06 19:33:31,121] {processor.py:153} INFO - Started process (PID=47952) to work on /home/hat/dev-env/10Acadamy/week_9/Speech_to_text_data_collector/venv/lib/python3.10/site-packages/airflow/example_dags/example_complex.py
[2022-07-06 19:33:31,122] {processor.py:641} INFO - Processing file /home/hat/dev-env/10Acadamy/week_9/Speech_to_text_data_collector/venv/lib/python3.10/site-packages/airflow/example_dags/example_complex.py for tasks to queue
[2022-07-06 19:33:31,123] {logging_mixin.py:115} INFO - [2022-07-06 19:33:31,123] {dagbag.py:507} INFO - Filling up the DagBag from /home/hat/dev-env/10Acadamy/week_9/Speech_to_text_data_collector/venv/lib/python3.10/site-packages/airflow/example_dags/example_complex.py
[2022-07-06 19:33:31,144] {processor.py:651} INFO - DAG(s) dict_keys(['example_complex']) retrieved from /home/hat/dev-env/10Acadamy/week_9/Speech_to_text_data_collector/venv/lib/python3.10/site-packages/airflow/example_dags/example_complex.py
[2022-07-06 19:33:31,167] {logging_mixin.py:115} INFO - [2022-07-06 19:33:31,167] {dag.py:2379} INFO - Sync 1 DAGs
[2022-07-06 19:33:31,189] {logging_mixin.py:115} INFO - [2022-07-06 19:33:31,189] {dag.py:2927} INFO - Setting next_dagrun for example_complex to None, run_after=None
[2022-07-06 19:33:31,215] {processor.py:161} INFO - Processing /home/hat/dev-env/10Acadamy/week_9/Speech_to_text_data_collector/venv/lib/python3.10/site-packages/airflow/example_dags/example_complex.py took 0.098 seconds
[2022-07-06 19:34:06,835] {processor.py:153} INFO - Started process (PID=48062) to work on /home/hat/dev-env/10Acadamy/week_9/Speech_to_text_data_collector/venv/lib/python3.10/site-packages/airflow/example_dags/example_complex.py
[2022-07-06 19:34:06,838] {processor.py:641} INFO - Processing file /home/hat/dev-env/10Acadamy/week_9/Speech_to_text_data_collector/venv/lib/python3.10/site-packages/airflow/example_dags/example_complex.py for tasks to queue
[2022-07-06 19:34:06,839] {logging_mixin.py:115} INFO - [2022-07-06 19:34:06,839] {dagbag.py:507} INFO - Filling up the DagBag from /home/hat/dev-env/10Acadamy/week_9/Speech_to_text_data_collector/venv/lib/python3.10/site-packages/airflow/example_dags/example_complex.py
[2022-07-06 19:34:06,855] {processor.py:651} INFO - DAG(s) dict_keys(['example_complex']) retrieved from /home/hat/dev-env/10Acadamy/week_9/Speech_to_text_data_collector/venv/lib/python3.10/site-packages/airflow/example_dags/example_complex.py
[2022-07-06 19:34:06,880] {logging_mixin.py:115} INFO - [2022-07-06 19:34:06,880] {dag.py:2379} INFO - Sync 1 DAGs
[2022-07-06 19:34:06,905] {logging_mixin.py:115} INFO - [2022-07-06 19:34:06,905] {dag.py:2927} INFO - Setting next_dagrun for example_complex to None, run_after=None
[2022-07-06 19:34:06,925] {processor.py:161} INFO - Processing /home/hat/dev-env/10Acadamy/week_9/Speech_to_text_data_collector/venv/lib/python3.10/site-packages/airflow/example_dags/example_complex.py took 0.094 seconds
[2022-07-06 19:34:39,961] {processor.py:153} INFO - Started process (PID=48200) to work on /home/hat/dev-env/10Acadamy/week_9/Speech_to_text_data_collector/venv/lib/python3.10/site-packages/airflow/example_dags/example_complex.py
[2022-07-06 19:34:39,964] {processor.py:641} INFO - Processing file /home/hat/dev-env/10Acadamy/week_9/Speech_to_text_data_collector/venv/lib/python3.10/site-packages/airflow/example_dags/example_complex.py for tasks to queue
[2022-07-06 19:34:39,964] {logging_mixin.py:115} INFO - [2022-07-06 19:34:39,964] {dagbag.py:507} INFO - Filling up the DagBag from /home/hat/dev-env/10Acadamy/week_9/Speech_to_text_data_collector/venv/lib/python3.10/site-packages/airflow/example_dags/example_complex.py
[2022-07-06 19:34:39,992] {processor.py:651} INFO - DAG(s) dict_keys(['example_complex']) retrieved from /home/hat/dev-env/10Acadamy/week_9/Speech_to_text_data_collector/venv/lib/python3.10/site-packages/airflow/example_dags/example_complex.py
[2022-07-06 19:34:40,040] {logging_mixin.py:115} INFO - [2022-07-06 19:34:40,040] {dag.py:2379} INFO - Sync 1 DAGs
[2022-07-06 19:34:40,062] {logging_mixin.py:115} INFO - [2022-07-06 19:34:40,062] {dag.py:2927} INFO - Setting next_dagrun for example_complex to None, run_after=None
[2022-07-06 19:34:40,087] {processor.py:161} INFO - Processing /home/hat/dev-env/10Acadamy/week_9/Speech_to_text_data_collector/venv/lib/python3.10/site-packages/airflow/example_dags/example_complex.py took 0.130 seconds
[2022-07-06 19:35:14,304] {processor.py:153} INFO - Started process (PID=48302) to work on /home/hat/dev-env/10Acadamy/week_9/Speech_to_text_data_collector/venv/lib/python3.10/site-packages/airflow/example_dags/example_complex.py
[2022-07-06 19:35:14,306] {processor.py:641} INFO - Processing file /home/hat/dev-env/10Acadamy/week_9/Speech_to_text_data_collector/venv/lib/python3.10/site-packages/airflow/example_dags/example_complex.py for tasks to queue
[2022-07-06 19:35:14,307] {logging_mixin.py:115} INFO - [2022-07-06 19:35:14,307] {dagbag.py:507} INFO - Filling up the DagBag from /home/hat/dev-env/10Acadamy/week_9/Speech_to_text_data_collector/venv/lib/python3.10/site-packages/airflow/example_dags/example_complex.py
[2022-07-06 19:35:14,321] {processor.py:651} INFO - DAG(s) dict_keys(['example_complex']) retrieved from /home/hat/dev-env/10Acadamy/week_9/Speech_to_text_data_collector/venv/lib/python3.10/site-packages/airflow/example_dags/example_complex.py
[2022-07-06 19:35:14,346] {logging_mixin.py:115} INFO - [2022-07-06 19:35:14,345] {dag.py:2379} INFO - Sync 1 DAGs
[2022-07-06 19:35:14,367] {logging_mixin.py:115} INFO - [2022-07-06 19:35:14,366] {dag.py:2927} INFO - Setting next_dagrun for example_complex to None, run_after=None
[2022-07-06 19:35:14,385] {processor.py:161} INFO - Processing /home/hat/dev-env/10Acadamy/week_9/Speech_to_text_data_collector/venv/lib/python3.10/site-packages/airflow/example_dags/example_complex.py took 0.085 seconds
[2022-07-06 19:35:48,641] {processor.py:153} INFO - Started process (PID=48407) to work on /home/hat/dev-env/10Acadamy/week_9/Speech_to_text_data_collector/venv/lib/python3.10/site-packages/airflow/example_dags/example_complex.py
[2022-07-06 19:35:48,644] {processor.py:641} INFO - Processing file /home/hat/dev-env/10Acadamy/week_9/Speech_to_text_data_collector/venv/lib/python3.10/site-packages/airflow/example_dags/example_complex.py for tasks to queue
[2022-07-06 19:35:48,644] {logging_mixin.py:115} INFO - [2022-07-06 19:35:48,644] {dagbag.py:507} INFO - Filling up the DagBag from /home/hat/dev-env/10Acadamy/week_9/Speech_to_text_data_collector/venv/lib/python3.10/site-packages/airflow/example_dags/example_complex.py
[2022-07-06 19:35:48,658] {processor.py:651} INFO - DAG(s) dict_keys(['example_complex']) retrieved from /home/hat/dev-env/10Acadamy/week_9/Speech_to_text_data_collector/venv/lib/python3.10/site-packages/airflow/example_dags/example_complex.py
[2022-07-06 19:35:48,681] {logging_mixin.py:115} INFO - [2022-07-06 19:35:48,681] {dag.py:2379} INFO - Sync 1 DAGs
[2022-07-06 19:35:48,702] {logging_mixin.py:115} INFO - [2022-07-06 19:35:48,701] {dag.py:2927} INFO - Setting next_dagrun for example_complex to None, run_after=None
[2022-07-06 19:35:48,721] {processor.py:161} INFO - Processing /home/hat/dev-env/10Acadamy/week_9/Speech_to_text_data_collector/venv/lib/python3.10/site-packages/airflow/example_dags/example_complex.py took 0.082 seconds
[2022-07-06 19:36:21,966] {processor.py:153} INFO - Started process (PID=48553) to work on /home/hat/dev-env/10Acadamy/week_9/Speech_to_text_data_collector/venv/lib/python3.10/site-packages/airflow/example_dags/example_complex.py
[2022-07-06 19:36:21,969] {processor.py:641} INFO - Processing file /home/hat/dev-env/10Acadamy/week_9/Speech_to_text_data_collector/venv/lib/python3.10/site-packages/airflow/example_dags/example_complex.py for tasks to queue
[2022-07-06 19:36:21,970] {logging_mixin.py:115} INFO - [2022-07-06 19:36:21,970] {dagbag.py:507} INFO - Filling up the DagBag from /home/hat/dev-env/10Acadamy/week_9/Speech_to_text_data_collector/venv/lib/python3.10/site-packages/airflow/example_dags/example_complex.py
[2022-07-06 19:36:21,996] {processor.py:651} INFO - DAG(s) dict_keys(['example_complex']) retrieved from /home/hat/dev-env/10Acadamy/week_9/Speech_to_text_data_collector/venv/lib/python3.10/site-packages/airflow/example_dags/example_complex.py
[2022-07-06 19:36:22,026] {logging_mixin.py:115} INFO - [2022-07-06 19:36:22,026] {dag.py:2379} INFO - Sync 1 DAGs
[2022-07-06 19:36:22,047] {logging_mixin.py:115} INFO - [2022-07-06 19:36:22,047] {dag.py:2927} INFO - Setting next_dagrun for example_complex to None, run_after=None
[2022-07-06 19:36:22,065] {processor.py:161} INFO - Processing /home/hat/dev-env/10Acadamy/week_9/Speech_to_text_data_collector/venv/lib/python3.10/site-packages/airflow/example_dags/example_complex.py took 0.105 seconds
[2022-07-06 19:36:55,841] {processor.py:153} INFO - Started process (PID=48618) to work on /home/hat/dev-env/10Acadamy/week_9/Speech_to_text_data_collector/venv/lib/python3.10/site-packages/airflow/example_dags/example_complex.py
[2022-07-06 19:36:55,844] {processor.py:641} INFO - Processing file /home/hat/dev-env/10Acadamy/week_9/Speech_to_text_data_collector/venv/lib/python3.10/site-packages/airflow/example_dags/example_complex.py for tasks to queue
[2022-07-06 19:36:55,844] {logging_mixin.py:115} INFO - [2022-07-06 19:36:55,844] {dagbag.py:507} INFO - Filling up the DagBag from /home/hat/dev-env/10Acadamy/week_9/Speech_to_text_data_collector/venv/lib/python3.10/site-packages/airflow/example_dags/example_complex.py
[2022-07-06 19:36:55,862] {processor.py:651} INFO - DAG(s) dict_keys(['example_complex']) retrieved from /home/hat/dev-env/10Acadamy/week_9/Speech_to_text_data_collector/venv/lib/python3.10/site-packages/airflow/example_dags/example_complex.py
[2022-07-06 19:36:55,888] {logging_mixin.py:115} INFO - [2022-07-06 19:36:55,888] {dag.py:2379} INFO - Sync 1 DAGs
[2022-07-06 19:36:55,910] {logging_mixin.py:115} INFO - [2022-07-06 19:36:55,909] {dag.py:2927} INFO - Setting next_dagrun for example_complex to None, run_after=None
[2022-07-06 19:36:55,929] {processor.py:161} INFO - Processing /home/hat/dev-env/10Acadamy/week_9/Speech_to_text_data_collector/venv/lib/python3.10/site-packages/airflow/example_dags/example_complex.py took 0.092 seconds
[2022-07-06 19:37:31,086] {processor.py:153} INFO - Started process (PID=48959) to work on /home/hat/dev-env/10Acadamy/week_9/Speech_to_text_data_collector/venv/lib/python3.10/site-packages/airflow/example_dags/example_complex.py
[2022-07-06 19:37:31,087] {processor.py:641} INFO - Processing file /home/hat/dev-env/10Acadamy/week_9/Speech_to_text_data_collector/venv/lib/python3.10/site-packages/airflow/example_dags/example_complex.py for tasks to queue
[2022-07-06 19:37:31,088] {logging_mixin.py:115} INFO - [2022-07-06 19:37:31,088] {dagbag.py:507} INFO - Filling up the DagBag from /home/hat/dev-env/10Acadamy/week_9/Speech_to_text_data_collector/venv/lib/python3.10/site-packages/airflow/example_dags/example_complex.py
[2022-07-06 19:37:31,124] {processor.py:651} INFO - DAG(s) dict_keys(['example_complex']) retrieved from /home/hat/dev-env/10Acadamy/week_9/Speech_to_text_data_collector/venv/lib/python3.10/site-packages/airflow/example_dags/example_complex.py
[2022-07-06 19:37:31,166] {logging_mixin.py:115} INFO - [2022-07-06 19:37:31,166] {dag.py:2379} INFO - Sync 1 DAGs
[2022-07-06 19:37:31,211] {logging_mixin.py:115} INFO - [2022-07-06 19:37:31,211] {dag.py:2927} INFO - Setting next_dagrun for example_complex to None, run_after=None
[2022-07-06 19:37:31,238] {processor.py:161} INFO - Processing /home/hat/dev-env/10Acadamy/week_9/Speech_to_text_data_collector/venv/lib/python3.10/site-packages/airflow/example_dags/example_complex.py took 0.169 seconds
[2022-07-06 19:38:05,872] {processor.py:153} INFO - Started process (PID=49101) to work on /home/hat/dev-env/10Acadamy/week_9/Speech_to_text_data_collector/venv/lib/python3.10/site-packages/airflow/example_dags/example_complex.py
[2022-07-06 19:38:05,873] {processor.py:641} INFO - Processing file /home/hat/dev-env/10Acadamy/week_9/Speech_to_text_data_collector/venv/lib/python3.10/site-packages/airflow/example_dags/example_complex.py for tasks to queue
[2022-07-06 19:38:05,874] {logging_mixin.py:115} INFO - [2022-07-06 19:38:05,874] {dagbag.py:507} INFO - Filling up the DagBag from /home/hat/dev-env/10Acadamy/week_9/Speech_to_text_data_collector/venv/lib/python3.10/site-packages/airflow/example_dags/example_complex.py
[2022-07-06 19:38:05,893] {processor.py:651} INFO - DAG(s) dict_keys(['example_complex']) retrieved from /home/hat/dev-env/10Acadamy/week_9/Speech_to_text_data_collector/venv/lib/python3.10/site-packages/airflow/example_dags/example_complex.py
[2022-07-06 19:38:05,923] {logging_mixin.py:115} INFO - [2022-07-06 19:38:05,922] {dag.py:2379} INFO - Sync 1 DAGs
[2022-07-06 19:38:05,952] {logging_mixin.py:115} INFO - [2022-07-06 19:38:05,952] {dag.py:2927} INFO - Setting next_dagrun for example_complex to None, run_after=None
[2022-07-06 19:38:05,976] {processor.py:161} INFO - Processing /home/hat/dev-env/10Acadamy/week_9/Speech_to_text_data_collector/venv/lib/python3.10/site-packages/airflow/example_dags/example_complex.py took 0.107 seconds
[2022-07-06 19:38:44,848] {processor.py:153} INFO - Started process (PID=49435) to work on /home/hat/dev-env/10Acadamy/week_9/Speech_to_text_data_collector/venv/lib/python3.10/site-packages/airflow/example_dags/example_complex.py
[2022-07-06 19:38:44,849] {processor.py:641} INFO - Processing file /home/hat/dev-env/10Acadamy/week_9/Speech_to_text_data_collector/venv/lib/python3.10/site-packages/airflow/example_dags/example_complex.py for tasks to queue
[2022-07-06 19:38:44,850] {logging_mixin.py:115} INFO - [2022-07-06 19:38:44,850] {dagbag.py:507} INFO - Filling up the DagBag from /home/hat/dev-env/10Acadamy/week_9/Speech_to_text_data_collector/venv/lib/python3.10/site-packages/airflow/example_dags/example_complex.py
[2022-07-06 19:38:44,867] {processor.py:651} INFO - DAG(s) dict_keys(['example_complex']) retrieved from /home/hat/dev-env/10Acadamy/week_9/Speech_to_text_data_collector/venv/lib/python3.10/site-packages/airflow/example_dags/example_complex.py
[2022-07-06 19:38:44,892] {logging_mixin.py:115} INFO - [2022-07-06 19:38:44,892] {dag.py:2379} INFO - Sync 1 DAGs
[2022-07-06 19:38:44,913] {logging_mixin.py:115} INFO - [2022-07-06 19:38:44,913] {dag.py:2927} INFO - Setting next_dagrun for example_complex to None, run_after=None
[2022-07-06 19:38:44,989] {processor.py:161} INFO - Processing /home/hat/dev-env/10Acadamy/week_9/Speech_to_text_data_collector/venv/lib/python3.10/site-packages/airflow/example_dags/example_complex.py took 0.146 seconds
[2022-07-06 19:39:18,217] {processor.py:153} INFO - Started process (PID=49688) to work on /home/hat/dev-env/10Acadamy/week_9/Speech_to_text_data_collector/venv/lib/python3.10/site-packages/airflow/example_dags/example_complex.py
[2022-07-06 19:39:18,220] {processor.py:641} INFO - Processing file /home/hat/dev-env/10Acadamy/week_9/Speech_to_text_data_collector/venv/lib/python3.10/site-packages/airflow/example_dags/example_complex.py for tasks to queue
[2022-07-06 19:39:18,223] {logging_mixin.py:115} INFO - [2022-07-06 19:39:18,222] {dagbag.py:507} INFO - Filling up the DagBag from /home/hat/dev-env/10Acadamy/week_9/Speech_to_text_data_collector/venv/lib/python3.10/site-packages/airflow/example_dags/example_complex.py
[2022-07-06 19:39:18,247] {processor.py:651} INFO - DAG(s) dict_keys(['example_complex']) retrieved from /home/hat/dev-env/10Acadamy/week_9/Speech_to_text_data_collector/venv/lib/python3.10/site-packages/airflow/example_dags/example_complex.py
[2022-07-06 19:39:18,283] {logging_mixin.py:115} INFO - [2022-07-06 19:39:18,283] {dag.py:2379} INFO - Sync 1 DAGs
[2022-07-06 19:39:18,320] {logging_mixin.py:115} INFO - [2022-07-06 19:39:18,320] {dag.py:2927} INFO - Setting next_dagrun for example_complex to None, run_after=None
[2022-07-06 19:39:18,364] {processor.py:161} INFO - Processing /home/hat/dev-env/10Acadamy/week_9/Speech_to_text_data_collector/venv/lib/python3.10/site-packages/airflow/example_dags/example_complex.py took 0.151 seconds
[2022-07-06 19:39:54,712] {processor.py:153} INFO - Started process (PID=49892) to work on /home/hat/dev-env/10Acadamy/week_9/Speech_to_text_data_collector/venv/lib/python3.10/site-packages/airflow/example_dags/example_complex.py
[2022-07-06 19:39:54,715] {processor.py:641} INFO - Processing file /home/hat/dev-env/10Acadamy/week_9/Speech_to_text_data_collector/venv/lib/python3.10/site-packages/airflow/example_dags/example_complex.py for tasks to queue
[2022-07-06 19:39:54,715] {logging_mixin.py:115} INFO - [2022-07-06 19:39:54,715] {dagbag.py:507} INFO - Filling up the DagBag from /home/hat/dev-env/10Acadamy/week_9/Speech_to_text_data_collector/venv/lib/python3.10/site-packages/airflow/example_dags/example_complex.py
[2022-07-06 19:39:54,732] {processor.py:651} INFO - DAG(s) dict_keys(['example_complex']) retrieved from /home/hat/dev-env/10Acadamy/week_9/Speech_to_text_data_collector/venv/lib/python3.10/site-packages/airflow/example_dags/example_complex.py
[2022-07-06 19:39:54,758] {logging_mixin.py:115} INFO - [2022-07-06 19:39:54,758] {dag.py:2379} INFO - Sync 1 DAGs
[2022-07-06 19:39:54,785] {logging_mixin.py:115} INFO - [2022-07-06 19:39:54,785] {dag.py:2927} INFO - Setting next_dagrun for example_complex to None, run_after=None
[2022-07-06 19:39:54,811] {processor.py:161} INFO - Processing /home/hat/dev-env/10Acadamy/week_9/Speech_to_text_data_collector/venv/lib/python3.10/site-packages/airflow/example_dags/example_complex.py took 0.102 seconds
[2022-07-06 19:41:19,798] {processor.py:153} INFO - Started process (PID=50996) to work on /home/hat/dev-env/10Acadamy/week_9/Speech_to_text_data_collector/venv/lib/python3.10/site-packages/airflow/example_dags/example_complex.py
[2022-07-06 19:41:19,800] {processor.py:641} INFO - Processing file /home/hat/dev-env/10Acadamy/week_9/Speech_to_text_data_collector/venv/lib/python3.10/site-packages/airflow/example_dags/example_complex.py for tasks to queue
[2022-07-06 19:41:19,801] {logging_mixin.py:115} INFO - [2022-07-06 19:41:19,801] {dagbag.py:507} INFO - Filling up the DagBag from /home/hat/dev-env/10Acadamy/week_9/Speech_to_text_data_collector/venv/lib/python3.10/site-packages/airflow/example_dags/example_complex.py
[2022-07-06 19:41:19,816] {processor.py:651} INFO - DAG(s) dict_keys(['example_complex']) retrieved from /home/hat/dev-env/10Acadamy/week_9/Speech_to_text_data_collector/venv/lib/python3.10/site-packages/airflow/example_dags/example_complex.py
[2022-07-06 19:41:19,840] {logging_mixin.py:115} INFO - [2022-07-06 19:41:19,840] {dag.py:2379} INFO - Sync 1 DAGs
[2022-07-06 19:41:19,865] {logging_mixin.py:115} INFO - [2022-07-06 19:41:19,865] {dag.py:2927} INFO - Setting next_dagrun for example_complex to None, run_after=None
[2022-07-06 19:41:19,881] {processor.py:161} INFO - Processing /home/hat/dev-env/10Acadamy/week_9/Speech_to_text_data_collector/venv/lib/python3.10/site-packages/airflow/example_dags/example_complex.py took 0.087 seconds
[2022-07-06 19:41:54,888] {processor.py:153} INFO - Started process (PID=51248) to work on /home/hat/dev-env/10Acadamy/week_9/Speech_to_text_data_collector/venv/lib/python3.10/site-packages/airflow/example_dags/example_complex.py
[2022-07-06 19:41:54,891] {processor.py:641} INFO - Processing file /home/hat/dev-env/10Acadamy/week_9/Speech_to_text_data_collector/venv/lib/python3.10/site-packages/airflow/example_dags/example_complex.py for tasks to queue
[2022-07-06 19:41:54,892] {logging_mixin.py:115} INFO - [2022-07-06 19:41:54,891] {dagbag.py:507} INFO - Filling up the DagBag from /home/hat/dev-env/10Acadamy/week_9/Speech_to_text_data_collector/venv/lib/python3.10/site-packages/airflow/example_dags/example_complex.py
[2022-07-06 19:41:54,907] {processor.py:651} INFO - DAG(s) dict_keys(['example_complex']) retrieved from /home/hat/dev-env/10Acadamy/week_9/Speech_to_text_data_collector/venv/lib/python3.10/site-packages/airflow/example_dags/example_complex.py
[2022-07-06 19:41:54,930] {logging_mixin.py:115} INFO - [2022-07-06 19:41:54,930] {dag.py:2379} INFO - Sync 1 DAGs
[2022-07-06 19:41:54,953] {logging_mixin.py:115} INFO - [2022-07-06 19:41:54,953] {dag.py:2927} INFO - Setting next_dagrun for example_complex to None, run_after=None
[2022-07-06 19:41:54,969] {processor.py:161} INFO - Processing /home/hat/dev-env/10Acadamy/week_9/Speech_to_text_data_collector/venv/lib/python3.10/site-packages/airflow/example_dags/example_complex.py took 0.083 seconds
[2022-07-06 19:42:29,845] {processor.py:153} INFO - Started process (PID=51360) to work on /home/hat/dev-env/10Acadamy/week_9/Speech_to_text_data_collector/venv/lib/python3.10/site-packages/airflow/example_dags/example_complex.py
[2022-07-06 19:42:29,847] {processor.py:641} INFO - Processing file /home/hat/dev-env/10Acadamy/week_9/Speech_to_text_data_collector/venv/lib/python3.10/site-packages/airflow/example_dags/example_complex.py for tasks to queue
[2022-07-06 19:42:29,848] {logging_mixin.py:115} INFO - [2022-07-06 19:42:29,848] {dagbag.py:507} INFO - Filling up the DagBag from /home/hat/dev-env/10Acadamy/week_9/Speech_to_text_data_collector/venv/lib/python3.10/site-packages/airflow/example_dags/example_complex.py
[2022-07-06 19:42:29,881] {processor.py:651} INFO - DAG(s) dict_keys(['example_complex']) retrieved from /home/hat/dev-env/10Acadamy/week_9/Speech_to_text_data_collector/venv/lib/python3.10/site-packages/airflow/example_dags/example_complex.py
[2022-07-06 19:42:29,926] {logging_mixin.py:115} INFO - [2022-07-06 19:42:29,926] {dag.py:2379} INFO - Sync 1 DAGs
[2022-07-06 19:42:29,978] {logging_mixin.py:115} INFO - [2022-07-06 19:42:29,978] {dag.py:2927} INFO - Setting next_dagrun for example_complex to None, run_after=None
[2022-07-06 19:42:30,011] {processor.py:161} INFO - Processing /home/hat/dev-env/10Acadamy/week_9/Speech_to_text_data_collector/venv/lib/python3.10/site-packages/airflow/example_dags/example_complex.py took 0.186 seconds
[2022-07-06 19:43:06,033] {processor.py:153} INFO - Started process (PID=51488) to work on /home/hat/dev-env/10Acadamy/week_9/Speech_to_text_data_collector/venv/lib/python3.10/site-packages/airflow/example_dags/example_complex.py
[2022-07-06 19:43:06,034] {processor.py:641} INFO - Processing file /home/hat/dev-env/10Acadamy/week_9/Speech_to_text_data_collector/venv/lib/python3.10/site-packages/airflow/example_dags/example_complex.py for tasks to queue
[2022-07-06 19:43:06,034] {logging_mixin.py:115} INFO - [2022-07-06 19:43:06,034] {dagbag.py:507} INFO - Filling up the DagBag from /home/hat/dev-env/10Acadamy/week_9/Speech_to_text_data_collector/venv/lib/python3.10/site-packages/airflow/example_dags/example_complex.py
[2022-07-06 19:43:06,052] {processor.py:651} INFO - DAG(s) dict_keys(['example_complex']) retrieved from /home/hat/dev-env/10Acadamy/week_9/Speech_to_text_data_collector/venv/lib/python3.10/site-packages/airflow/example_dags/example_complex.py
[2022-07-06 19:43:06,076] {logging_mixin.py:115} INFO - [2022-07-06 19:43:06,076] {dag.py:2379} INFO - Sync 1 DAGs
[2022-07-06 19:43:06,108] {logging_mixin.py:115} INFO - [2022-07-06 19:43:06,108] {dag.py:2927} INFO - Setting next_dagrun for example_complex to None, run_after=None
[2022-07-06 19:43:06,125] {processor.py:161} INFO - Processing /home/hat/dev-env/10Acadamy/week_9/Speech_to_text_data_collector/venv/lib/python3.10/site-packages/airflow/example_dags/example_complex.py took 0.096 seconds
[2022-07-06 19:43:41,250] {processor.py:153} INFO - Started process (PID=51565) to work on /home/hat/dev-env/10Acadamy/week_9/Speech_to_text_data_collector/venv/lib/python3.10/site-packages/airflow/example_dags/example_complex.py
[2022-07-06 19:43:41,254] {processor.py:641} INFO - Processing file /home/hat/dev-env/10Acadamy/week_9/Speech_to_text_data_collector/venv/lib/python3.10/site-packages/airflow/example_dags/example_complex.py for tasks to queue
[2022-07-06 19:43:41,255] {logging_mixin.py:115} INFO - [2022-07-06 19:43:41,255] {dagbag.py:507} INFO - Filling up the DagBag from /home/hat/dev-env/10Acadamy/week_9/Speech_to_text_data_collector/venv/lib/python3.10/site-packages/airflow/example_dags/example_complex.py
[2022-07-06 19:43:41,276] {processor.py:651} INFO - DAG(s) dict_keys(['example_complex']) retrieved from /home/hat/dev-env/10Acadamy/week_9/Speech_to_text_data_collector/venv/lib/python3.10/site-packages/airflow/example_dags/example_complex.py
[2022-07-06 19:43:41,305] {logging_mixin.py:115} INFO - [2022-07-06 19:43:41,305] {dag.py:2379} INFO - Sync 1 DAGs
[2022-07-06 19:43:41,333] {logging_mixin.py:115} INFO - [2022-07-06 19:43:41,333] {dag.py:2927} INFO - Setting next_dagrun for example_complex to None, run_after=None
[2022-07-06 19:43:41,358] {processor.py:161} INFO - Processing /home/hat/dev-env/10Acadamy/week_9/Speech_to_text_data_collector/venv/lib/python3.10/site-packages/airflow/example_dags/example_complex.py took 0.112 seconds
[2022-07-06 19:44:20,090] {processor.py:153} INFO - Started process (PID=51669) to work on /home/hat/dev-env/10Acadamy/week_9/Speech_to_text_data_collector/venv/lib/python3.10/site-packages/airflow/example_dags/example_complex.py
[2022-07-06 19:44:20,093] {processor.py:641} INFO - Processing file /home/hat/dev-env/10Acadamy/week_9/Speech_to_text_data_collector/venv/lib/python3.10/site-packages/airflow/example_dags/example_complex.py for tasks to queue
[2022-07-06 19:44:20,094] {logging_mixin.py:115} INFO - [2022-07-06 19:44:20,094] {dagbag.py:507} INFO - Filling up the DagBag from /home/hat/dev-env/10Acadamy/week_9/Speech_to_text_data_collector/venv/lib/python3.10/site-packages/airflow/example_dags/example_complex.py
[2022-07-06 19:44:20,115] {processor.py:651} INFO - DAG(s) dict_keys(['example_complex']) retrieved from /home/hat/dev-env/10Acadamy/week_9/Speech_to_text_data_collector/venv/lib/python3.10/site-packages/airflow/example_dags/example_complex.py
[2022-07-06 19:44:20,140] {logging_mixin.py:115} INFO - [2022-07-06 19:44:20,140] {dag.py:2379} INFO - Sync 1 DAGs
[2022-07-06 19:44:20,166] {logging_mixin.py:115} INFO - [2022-07-06 19:44:20,166] {dag.py:2927} INFO - Setting next_dagrun for example_complex to None, run_after=None
[2022-07-06 19:44:20,182] {processor.py:161} INFO - Processing /home/hat/dev-env/10Acadamy/week_9/Speech_to_text_data_collector/venv/lib/python3.10/site-packages/airflow/example_dags/example_complex.py took 0.096 seconds
[2022-07-06 19:44:55,616] {processor.py:153} INFO - Started process (PID=51830) to work on /home/hat/dev-env/10Acadamy/week_9/Speech_to_text_data_collector/venv/lib/python3.10/site-packages/airflow/example_dags/example_complex.py
[2022-07-06 19:44:55,619] {processor.py:641} INFO - Processing file /home/hat/dev-env/10Acadamy/week_9/Speech_to_text_data_collector/venv/lib/python3.10/site-packages/airflow/example_dags/example_complex.py for tasks to queue
[2022-07-06 19:44:55,619] {logging_mixin.py:115} INFO - [2022-07-06 19:44:55,619] {dagbag.py:507} INFO - Filling up the DagBag from /home/hat/dev-env/10Acadamy/week_9/Speech_to_text_data_collector/venv/lib/python3.10/site-packages/airflow/example_dags/example_complex.py
[2022-07-06 19:44:55,636] {processor.py:651} INFO - DAG(s) dict_keys(['example_complex']) retrieved from /home/hat/dev-env/10Acadamy/week_9/Speech_to_text_data_collector/venv/lib/python3.10/site-packages/airflow/example_dags/example_complex.py
[2022-07-06 19:44:55,662] {logging_mixin.py:115} INFO - [2022-07-06 19:44:55,662] {dag.py:2379} INFO - Sync 1 DAGs
[2022-07-06 19:44:55,689] {logging_mixin.py:115} INFO - [2022-07-06 19:44:55,688] {dag.py:2927} INFO - Setting next_dagrun for example_complex to None, run_after=None
[2022-07-06 19:44:55,706] {processor.py:161} INFO - Processing /home/hat/dev-env/10Acadamy/week_9/Speech_to_text_data_collector/venv/lib/python3.10/site-packages/airflow/example_dags/example_complex.py took 0.093 seconds
[2022-07-06 19:45:29,319] {processor.py:153} INFO - Started process (PID=51937) to work on /home/hat/dev-env/10Acadamy/week_9/Speech_to_text_data_collector/venv/lib/python3.10/site-packages/airflow/example_dags/example_complex.py
[2022-07-06 19:45:29,321] {processor.py:641} INFO - Processing file /home/hat/dev-env/10Acadamy/week_9/Speech_to_text_data_collector/venv/lib/python3.10/site-packages/airflow/example_dags/example_complex.py for tasks to queue
[2022-07-06 19:45:29,322] {logging_mixin.py:115} INFO - [2022-07-06 19:45:29,322] {dagbag.py:507} INFO - Filling up the DagBag from /home/hat/dev-env/10Acadamy/week_9/Speech_to_text_data_collector/venv/lib/python3.10/site-packages/airflow/example_dags/example_complex.py
[2022-07-06 19:45:29,338] {processor.py:651} INFO - DAG(s) dict_keys(['example_complex']) retrieved from /home/hat/dev-env/10Acadamy/week_9/Speech_to_text_data_collector/venv/lib/python3.10/site-packages/airflow/example_dags/example_complex.py
[2022-07-06 19:45:29,362] {logging_mixin.py:115} INFO - [2022-07-06 19:45:29,362] {dag.py:2379} INFO - Sync 1 DAGs
[2022-07-06 19:45:29,386] {logging_mixin.py:115} INFO - [2022-07-06 19:45:29,386] {dag.py:2927} INFO - Setting next_dagrun for example_complex to None, run_after=None
[2022-07-06 19:45:29,405] {processor.py:161} INFO - Processing /home/hat/dev-env/10Acadamy/week_9/Speech_to_text_data_collector/venv/lib/python3.10/site-packages/airflow/example_dags/example_complex.py took 0.090 seconds
[2022-07-06 19:46:10,701] {processor.py:153} INFO - Started process (PID=52063) to work on /home/hat/dev-env/10Acadamy/week_9/Speech_to_text_data_collector/venv/lib/python3.10/site-packages/airflow/example_dags/example_complex.py
[2022-07-06 19:46:10,701] {processor.py:641} INFO - Processing file /home/hat/dev-env/10Acadamy/week_9/Speech_to_text_data_collector/venv/lib/python3.10/site-packages/airflow/example_dags/example_complex.py for tasks to queue
[2022-07-06 19:46:10,702] {logging_mixin.py:115} INFO - [2022-07-06 19:46:10,702] {dagbag.py:507} INFO - Filling up the DagBag from /home/hat/dev-env/10Acadamy/week_9/Speech_to_text_data_collector/venv/lib/python3.10/site-packages/airflow/example_dags/example_complex.py
[2022-07-06 19:46:10,735] {processor.py:651} INFO - DAG(s) dict_keys(['example_complex']) retrieved from /home/hat/dev-env/10Acadamy/week_9/Speech_to_text_data_collector/venv/lib/python3.10/site-packages/airflow/example_dags/example_complex.py
[2022-07-06 19:46:10,797] {logging_mixin.py:115} INFO - [2022-07-06 19:46:10,796] {dag.py:2379} INFO - Sync 1 DAGs
[2022-07-06 19:46:10,855] {logging_mixin.py:115} INFO - [2022-07-06 19:46:10,855] {dag.py:2927} INFO - Setting next_dagrun for example_complex to None, run_after=None
[2022-07-06 19:46:10,882] {processor.py:161} INFO - Processing /home/hat/dev-env/10Acadamy/week_9/Speech_to_text_data_collector/venv/lib/python3.10/site-packages/airflow/example_dags/example_complex.py took 0.187 seconds
[2022-07-06 19:46:46,302] {processor.py:153} INFO - Started process (PID=52135) to work on /home/hat/dev-env/10Acadamy/week_9/Speech_to_text_data_collector/venv/lib/python3.10/site-packages/airflow/example_dags/example_complex.py
[2022-07-06 19:46:46,304] {processor.py:641} INFO - Processing file /home/hat/dev-env/10Acadamy/week_9/Speech_to_text_data_collector/venv/lib/python3.10/site-packages/airflow/example_dags/example_complex.py for tasks to queue
[2022-07-06 19:46:46,305] {logging_mixin.py:115} INFO - [2022-07-06 19:46:46,305] {dagbag.py:507} INFO - Filling up the DagBag from /home/hat/dev-env/10Acadamy/week_9/Speech_to_text_data_collector/venv/lib/python3.10/site-packages/airflow/example_dags/example_complex.py
[2022-07-06 19:46:46,320] {processor.py:651} INFO - DAG(s) dict_keys(['example_complex']) retrieved from /home/hat/dev-env/10Acadamy/week_9/Speech_to_text_data_collector/venv/lib/python3.10/site-packages/airflow/example_dags/example_complex.py
[2022-07-06 19:46:46,344] {logging_mixin.py:115} INFO - [2022-07-06 19:46:46,344] {dag.py:2379} INFO - Sync 1 DAGs
[2022-07-06 19:46:46,368] {logging_mixin.py:115} INFO - [2022-07-06 19:46:46,368] {dag.py:2927} INFO - Setting next_dagrun for example_complex to None, run_after=None
[2022-07-06 19:46:46,386] {processor.py:161} INFO - Processing /home/hat/dev-env/10Acadamy/week_9/Speech_to_text_data_collector/venv/lib/python3.10/site-packages/airflow/example_dags/example_complex.py took 0.088 seconds
[2022-07-06 19:47:20,275] {processor.py:153} INFO - Started process (PID=52206) to work on /home/hat/dev-env/10Acadamy/week_9/Speech_to_text_data_collector/venv/lib/python3.10/site-packages/airflow/example_dags/example_complex.py
[2022-07-06 19:47:20,278] {processor.py:641} INFO - Processing file /home/hat/dev-env/10Acadamy/week_9/Speech_to_text_data_collector/venv/lib/python3.10/site-packages/airflow/example_dags/example_complex.py for tasks to queue
[2022-07-06 19:47:20,279] {logging_mixin.py:115} INFO - [2022-07-06 19:47:20,278] {dagbag.py:507} INFO - Filling up the DagBag from /home/hat/dev-env/10Acadamy/week_9/Speech_to_text_data_collector/venv/lib/python3.10/site-packages/airflow/example_dags/example_complex.py
[2022-07-06 19:47:20,296] {processor.py:651} INFO - DAG(s) dict_keys(['example_complex']) retrieved from /home/hat/dev-env/10Acadamy/week_9/Speech_to_text_data_collector/venv/lib/python3.10/site-packages/airflow/example_dags/example_complex.py
[2022-07-06 19:47:20,323] {logging_mixin.py:115} INFO - [2022-07-06 19:47:20,323] {dag.py:2379} INFO - Sync 1 DAGs
[2022-07-06 19:47:20,350] {logging_mixin.py:115} INFO - [2022-07-06 19:47:20,350] {dag.py:2927} INFO - Setting next_dagrun for example_complex to None, run_after=None
[2022-07-06 19:47:20,367] {processor.py:161} INFO - Processing /home/hat/dev-env/10Acadamy/week_9/Speech_to_text_data_collector/venv/lib/python3.10/site-packages/airflow/example_dags/example_complex.py took 0.095 seconds
[2022-07-06 19:47:57,072] {processor.py:153} INFO - Started process (PID=52301) to work on /home/hat/dev-env/10Acadamy/week_9/Speech_to_text_data_collector/venv/lib/python3.10/site-packages/airflow/example_dags/example_complex.py
[2022-07-06 19:47:57,076] {processor.py:641} INFO - Processing file /home/hat/dev-env/10Acadamy/week_9/Speech_to_text_data_collector/venv/lib/python3.10/site-packages/airflow/example_dags/example_complex.py for tasks to queue
[2022-07-06 19:47:57,082] {logging_mixin.py:115} INFO - [2022-07-06 19:47:57,082] {dagbag.py:507} INFO - Filling up the DagBag from /home/hat/dev-env/10Acadamy/week_9/Speech_to_text_data_collector/venv/lib/python3.10/site-packages/airflow/example_dags/example_complex.py
[2022-07-06 19:47:57,193] {processor.py:651} INFO - DAG(s) dict_keys(['example_complex']) retrieved from /home/hat/dev-env/10Acadamy/week_9/Speech_to_text_data_collector/venv/lib/python3.10/site-packages/airflow/example_dags/example_complex.py
[2022-07-06 19:47:57,335] {logging_mixin.py:115} INFO - [2022-07-06 19:47:57,335] {dag.py:2379} INFO - Sync 1 DAGs
[2022-07-06 19:47:57,464] {logging_mixin.py:115} INFO - [2022-07-06 19:47:57,464] {dag.py:2927} INFO - Setting next_dagrun for example_complex to None, run_after=None
[2022-07-06 19:47:57,511] {processor.py:161} INFO - Processing /home/hat/dev-env/10Acadamy/week_9/Speech_to_text_data_collector/venv/lib/python3.10/site-packages/airflow/example_dags/example_complex.py took 0.487 seconds
[2022-07-06 19:48:33,918] {processor.py:153} INFO - Started process (PID=52378) to work on /home/hat/dev-env/10Acadamy/week_9/Speech_to_text_data_collector/venv/lib/python3.10/site-packages/airflow/example_dags/example_complex.py
[2022-07-06 19:48:33,921] {processor.py:641} INFO - Processing file /home/hat/dev-env/10Acadamy/week_9/Speech_to_text_data_collector/venv/lib/python3.10/site-packages/airflow/example_dags/example_complex.py for tasks to queue
[2022-07-06 19:48:33,921] {logging_mixin.py:115} INFO - [2022-07-06 19:48:33,921] {dagbag.py:507} INFO - Filling up the DagBag from /home/hat/dev-env/10Acadamy/week_9/Speech_to_text_data_collector/venv/lib/python3.10/site-packages/airflow/example_dags/example_complex.py
[2022-07-06 19:48:33,936] {processor.py:651} INFO - DAG(s) dict_keys(['example_complex']) retrieved from /home/hat/dev-env/10Acadamy/week_9/Speech_to_text_data_collector/venv/lib/python3.10/site-packages/airflow/example_dags/example_complex.py
[2022-07-06 19:48:33,960] {logging_mixin.py:115} INFO - [2022-07-06 19:48:33,960] {dag.py:2379} INFO - Sync 1 DAGs
[2022-07-06 19:48:33,987] {logging_mixin.py:115} INFO - [2022-07-06 19:48:33,987] {dag.py:2927} INFO - Setting next_dagrun for example_complex to None, run_after=None
[2022-07-06 19:48:34,008] {processor.py:161} INFO - Processing /home/hat/dev-env/10Acadamy/week_9/Speech_to_text_data_collector/venv/lib/python3.10/site-packages/airflow/example_dags/example_complex.py took 0.093 seconds
[2022-07-06 19:49:09,530] {processor.py:153} INFO - Started process (PID=52478) to work on /home/hat/dev-env/10Acadamy/week_9/Speech_to_text_data_collector/venv/lib/python3.10/site-packages/airflow/example_dags/example_complex.py
[2022-07-06 19:49:09,532] {processor.py:641} INFO - Processing file /home/hat/dev-env/10Acadamy/week_9/Speech_to_text_data_collector/venv/lib/python3.10/site-packages/airflow/example_dags/example_complex.py for tasks to queue
[2022-07-06 19:49:09,533] {logging_mixin.py:115} INFO - [2022-07-06 19:49:09,533] {dagbag.py:507} INFO - Filling up the DagBag from /home/hat/dev-env/10Acadamy/week_9/Speech_to_text_data_collector/venv/lib/python3.10/site-packages/airflow/example_dags/example_complex.py
[2022-07-06 19:49:09,569] {processor.py:651} INFO - DAG(s) dict_keys(['example_complex']) retrieved from /home/hat/dev-env/10Acadamy/week_9/Speech_to_text_data_collector/venv/lib/python3.10/site-packages/airflow/example_dags/example_complex.py
[2022-07-06 19:49:09,597] {logging_mixin.py:115} INFO - [2022-07-06 19:49:09,597] {dag.py:2379} INFO - Sync 1 DAGs
[2022-07-06 19:49:09,621] {logging_mixin.py:115} INFO - [2022-07-06 19:49:09,621] {dag.py:2927} INFO - Setting next_dagrun for example_complex to None, run_after=None
[2022-07-06 19:49:09,636] {processor.py:161} INFO - Processing /home/hat/dev-env/10Acadamy/week_9/Speech_to_text_data_collector/venv/lib/python3.10/site-packages/airflow/example_dags/example_complex.py took 0.112 seconds
[2022-07-06 19:49:47,055] {processor.py:153} INFO - Started process (PID=52690) to work on /home/hat/dev-env/10Acadamy/week_9/Speech_to_text_data_collector/venv/lib/python3.10/site-packages/airflow/example_dags/example_complex.py
[2022-07-06 19:49:47,056] {processor.py:641} INFO - Processing file /home/hat/dev-env/10Acadamy/week_9/Speech_to_text_data_collector/venv/lib/python3.10/site-packages/airflow/example_dags/example_complex.py for tasks to queue
[2022-07-06 19:49:47,057] {logging_mixin.py:115} INFO - [2022-07-06 19:49:47,056] {dagbag.py:507} INFO - Filling up the DagBag from /home/hat/dev-env/10Acadamy/week_9/Speech_to_text_data_collector/venv/lib/python3.10/site-packages/airflow/example_dags/example_complex.py
[2022-07-06 19:49:47,082] {processor.py:651} INFO - DAG(s) dict_keys(['example_complex']) retrieved from /home/hat/dev-env/10Acadamy/week_9/Speech_to_text_data_collector/venv/lib/python3.10/site-packages/airflow/example_dags/example_complex.py
[2022-07-06 19:49:47,122] {logging_mixin.py:115} INFO - [2022-07-06 19:49:47,122] {dag.py:2379} INFO - Sync 1 DAGs
[2022-07-06 19:49:47,188] {logging_mixin.py:115} INFO - [2022-07-06 19:49:47,188] {dag.py:2927} INFO - Setting next_dagrun for example_complex to None, run_after=None
[2022-07-06 19:49:47,225] {processor.py:161} INFO - Processing /home/hat/dev-env/10Acadamy/week_9/Speech_to_text_data_collector/venv/lib/python3.10/site-packages/airflow/example_dags/example_complex.py took 0.178 seconds
[2022-07-06 19:50:25,520] {processor.py:153} INFO - Started process (PID=52779) to work on /home/hat/dev-env/10Acadamy/week_9/Speech_to_text_data_collector/venv/lib/python3.10/site-packages/airflow/example_dags/example_complex.py
[2022-07-06 19:50:25,523] {processor.py:641} INFO - Processing file /home/hat/dev-env/10Acadamy/week_9/Speech_to_text_data_collector/venv/lib/python3.10/site-packages/airflow/example_dags/example_complex.py for tasks to queue
[2022-07-06 19:50:25,524] {logging_mixin.py:115} INFO - [2022-07-06 19:50:25,524] {dagbag.py:507} INFO - Filling up the DagBag from /home/hat/dev-env/10Acadamy/week_9/Speech_to_text_data_collector/venv/lib/python3.10/site-packages/airflow/example_dags/example_complex.py
[2022-07-06 19:50:25,543] {processor.py:651} INFO - DAG(s) dict_keys(['example_complex']) retrieved from /home/hat/dev-env/10Acadamy/week_9/Speech_to_text_data_collector/venv/lib/python3.10/site-packages/airflow/example_dags/example_complex.py
[2022-07-06 19:50:25,571] {logging_mixin.py:115} INFO - [2022-07-06 19:50:25,570] {dag.py:2379} INFO - Sync 1 DAGs
[2022-07-06 19:50:25,595] {logging_mixin.py:115} INFO - [2022-07-06 19:50:25,595] {dag.py:2927} INFO - Setting next_dagrun for example_complex to None, run_after=None
[2022-07-06 19:50:25,612] {processor.py:161} INFO - Processing /home/hat/dev-env/10Acadamy/week_9/Speech_to_text_data_collector/venv/lib/python3.10/site-packages/airflow/example_dags/example_complex.py took 0.096 seconds
[2022-07-06 19:51:03,382] {processor.py:153} INFO - Started process (PID=52896) to work on /home/hat/dev-env/10Acadamy/week_9/Speech_to_text_data_collector/venv/lib/python3.10/site-packages/airflow/example_dags/example_complex.py
[2022-07-06 19:51:03,385] {processor.py:641} INFO - Processing file /home/hat/dev-env/10Acadamy/week_9/Speech_to_text_data_collector/venv/lib/python3.10/site-packages/airflow/example_dags/example_complex.py for tasks to queue
[2022-07-06 19:51:03,386] {logging_mixin.py:115} INFO - [2022-07-06 19:51:03,385] {dagbag.py:507} INFO - Filling up the DagBag from /home/hat/dev-env/10Acadamy/week_9/Speech_to_text_data_collector/venv/lib/python3.10/site-packages/airflow/example_dags/example_complex.py
[2022-07-06 19:51:03,401] {processor.py:651} INFO - DAG(s) dict_keys(['example_complex']) retrieved from /home/hat/dev-env/10Acadamy/week_9/Speech_to_text_data_collector/venv/lib/python3.10/site-packages/airflow/example_dags/example_complex.py
[2022-07-06 19:51:03,424] {logging_mixin.py:115} INFO - [2022-07-06 19:51:03,424] {dag.py:2379} INFO - Sync 1 DAGs
[2022-07-06 19:51:03,449] {logging_mixin.py:115} INFO - [2022-07-06 19:51:03,448] {dag.py:2927} INFO - Setting next_dagrun for example_complex to None, run_after=None
[2022-07-06 19:51:03,465] {processor.py:161} INFO - Processing /home/hat/dev-env/10Acadamy/week_9/Speech_to_text_data_collector/venv/lib/python3.10/site-packages/airflow/example_dags/example_complex.py took 0.086 seconds
[2022-07-06 19:51:37,965] {processor.py:153} INFO - Started process (PID=52972) to work on /home/hat/dev-env/10Acadamy/week_9/Speech_to_text_data_collector/venv/lib/python3.10/site-packages/airflow/example_dags/example_complex.py
[2022-07-06 19:51:37,968] {processor.py:641} INFO - Processing file /home/hat/dev-env/10Acadamy/week_9/Speech_to_text_data_collector/venv/lib/python3.10/site-packages/airflow/example_dags/example_complex.py for tasks to queue
[2022-07-06 19:51:37,968] {logging_mixin.py:115} INFO - [2022-07-06 19:51:37,968] {dagbag.py:507} INFO - Filling up the DagBag from /home/hat/dev-env/10Acadamy/week_9/Speech_to_text_data_collector/venv/lib/python3.10/site-packages/airflow/example_dags/example_complex.py
[2022-07-06 19:51:37,990] {processor.py:651} INFO - DAG(s) dict_keys(['example_complex']) retrieved from /home/hat/dev-env/10Acadamy/week_9/Speech_to_text_data_collector/venv/lib/python3.10/site-packages/airflow/example_dags/example_complex.py
[2022-07-06 19:51:38,019] {logging_mixin.py:115} INFO - [2022-07-06 19:51:38,019] {dag.py:2379} INFO - Sync 1 DAGs
[2022-07-06 19:51:38,044] {logging_mixin.py:115} INFO - [2022-07-06 19:51:38,044] {dag.py:2927} INFO - Setting next_dagrun for example_complex to None, run_after=None
[2022-07-06 19:51:38,061] {processor.py:161} INFO - Processing /home/hat/dev-env/10Acadamy/week_9/Speech_to_text_data_collector/venv/lib/python3.10/site-packages/airflow/example_dags/example_complex.py took 0.100 seconds
[2022-07-06 19:52:12,961] {processor.py:153} INFO - Started process (PID=53043) to work on /home/hat/dev-env/10Acadamy/week_9/Speech_to_text_data_collector/venv/lib/python3.10/site-packages/airflow/example_dags/example_complex.py
[2022-07-06 19:52:12,963] {processor.py:641} INFO - Processing file /home/hat/dev-env/10Acadamy/week_9/Speech_to_text_data_collector/venv/lib/python3.10/site-packages/airflow/example_dags/example_complex.py for tasks to queue
[2022-07-06 19:52:12,964] {logging_mixin.py:115} INFO - [2022-07-06 19:52:12,964] {dagbag.py:507} INFO - Filling up the DagBag from /home/hat/dev-env/10Acadamy/week_9/Speech_to_text_data_collector/venv/lib/python3.10/site-packages/airflow/example_dags/example_complex.py
[2022-07-06 19:52:12,979] {processor.py:651} INFO - DAG(s) dict_keys(['example_complex']) retrieved from /home/hat/dev-env/10Acadamy/week_9/Speech_to_text_data_collector/venv/lib/python3.10/site-packages/airflow/example_dags/example_complex.py
[2022-07-06 19:52:13,005] {logging_mixin.py:115} INFO - [2022-07-06 19:52:13,005] {dag.py:2379} INFO - Sync 1 DAGs
[2022-07-06 19:52:13,030] {logging_mixin.py:115} INFO - [2022-07-06 19:52:13,030] {dag.py:2927} INFO - Setting next_dagrun for example_complex to None, run_after=None
[2022-07-06 19:52:13,048] {processor.py:161} INFO - Processing /home/hat/dev-env/10Acadamy/week_9/Speech_to_text_data_collector/venv/lib/python3.10/site-packages/airflow/example_dags/example_complex.py took 0.090 seconds
[2022-07-06 19:52:48,233] {processor.py:153} INFO - Started process (PID=53122) to work on /home/hat/dev-env/10Acadamy/week_9/Speech_to_text_data_collector/venv/lib/python3.10/site-packages/airflow/example_dags/example_complex.py
[2022-07-06 19:52:48,236] {processor.py:641} INFO - Processing file /home/hat/dev-env/10Acadamy/week_9/Speech_to_text_data_collector/venv/lib/python3.10/site-packages/airflow/example_dags/example_complex.py for tasks to queue
[2022-07-06 19:52:48,236] {logging_mixin.py:115} INFO - [2022-07-06 19:52:48,236] {dagbag.py:507} INFO - Filling up the DagBag from /home/hat/dev-env/10Acadamy/week_9/Speech_to_text_data_collector/venv/lib/python3.10/site-packages/airflow/example_dags/example_complex.py
[2022-07-06 19:52:48,252] {processor.py:651} INFO - DAG(s) dict_keys(['example_complex']) retrieved from /home/hat/dev-env/10Acadamy/week_9/Speech_to_text_data_collector/venv/lib/python3.10/site-packages/airflow/example_dags/example_complex.py
[2022-07-06 19:52:48,281] {logging_mixin.py:115} INFO - [2022-07-06 19:52:48,281] {dag.py:2379} INFO - Sync 1 DAGs
[2022-07-06 19:52:48,319] {logging_mixin.py:115} INFO - [2022-07-06 19:52:48,319] {dag.py:2927} INFO - Setting next_dagrun for example_complex to None, run_after=None
[2022-07-06 19:52:48,339] {processor.py:161} INFO - Processing /home/hat/dev-env/10Acadamy/week_9/Speech_to_text_data_collector/venv/lib/python3.10/site-packages/airflow/example_dags/example_complex.py took 0.109 seconds
[2022-07-06 19:53:23,939] {processor.py:153} INFO - Started process (PID=53211) to work on /home/hat/dev-env/10Acadamy/week_9/Speech_to_text_data_collector/venv/lib/python3.10/site-packages/airflow/example_dags/example_complex.py
[2022-07-06 19:53:23,942] {processor.py:641} INFO - Processing file /home/hat/dev-env/10Acadamy/week_9/Speech_to_text_data_collector/venv/lib/python3.10/site-packages/airflow/example_dags/example_complex.py for tasks to queue
[2022-07-06 19:53:23,943] {logging_mixin.py:115} INFO - [2022-07-06 19:53:23,943] {dagbag.py:507} INFO - Filling up the DagBag from /home/hat/dev-env/10Acadamy/week_9/Speech_to_text_data_collector/venv/lib/python3.10/site-packages/airflow/example_dags/example_complex.py
[2022-07-06 19:53:23,974] {processor.py:651} INFO - DAG(s) dict_keys(['example_complex']) retrieved from /home/hat/dev-env/10Acadamy/week_9/Speech_to_text_data_collector/venv/lib/python3.10/site-packages/airflow/example_dags/example_complex.py
[2022-07-06 19:53:24,074] {logging_mixin.py:115} INFO - [2022-07-06 19:53:24,074] {dag.py:2379} INFO - Sync 1 DAGs
[2022-07-06 19:53:24,113] {logging_mixin.py:115} INFO - [2022-07-06 19:53:24,112] {dag.py:2927} INFO - Setting next_dagrun for example_complex to None, run_after=None
[2022-07-06 19:53:24,131] {processor.py:161} INFO - Processing /home/hat/dev-env/10Acadamy/week_9/Speech_to_text_data_collector/venv/lib/python3.10/site-packages/airflow/example_dags/example_complex.py took 0.199 seconds
[2022-07-06 19:54:05,179] {processor.py:153} INFO - Started process (PID=53329) to work on /home/hat/dev-env/10Acadamy/week_9/Speech_to_text_data_collector/venv/lib/python3.10/site-packages/airflow/example_dags/example_complex.py
[2022-07-06 19:54:05,181] {processor.py:641} INFO - Processing file /home/hat/dev-env/10Acadamy/week_9/Speech_to_text_data_collector/venv/lib/python3.10/site-packages/airflow/example_dags/example_complex.py for tasks to queue
[2022-07-06 19:54:05,182] {logging_mixin.py:115} INFO - [2022-07-06 19:54:05,182] {dagbag.py:507} INFO - Filling up the DagBag from /home/hat/dev-env/10Acadamy/week_9/Speech_to_text_data_collector/venv/lib/python3.10/site-packages/airflow/example_dags/example_complex.py
[2022-07-06 19:54:05,198] {processor.py:651} INFO - DAG(s) dict_keys(['example_complex']) retrieved from /home/hat/dev-env/10Acadamy/week_9/Speech_to_text_data_collector/venv/lib/python3.10/site-packages/airflow/example_dags/example_complex.py
[2022-07-06 19:54:05,223] {logging_mixin.py:115} INFO - [2022-07-06 19:54:05,223] {dag.py:2379} INFO - Sync 1 DAGs
[2022-07-06 19:54:05,251] {logging_mixin.py:115} INFO - [2022-07-06 19:54:05,251] {dag.py:2927} INFO - Setting next_dagrun for example_complex to None, run_after=None
[2022-07-06 19:54:05,274] {processor.py:161} INFO - Processing /home/hat/dev-env/10Acadamy/week_9/Speech_to_text_data_collector/venv/lib/python3.10/site-packages/airflow/example_dags/example_complex.py took 0.098 seconds
[2022-07-06 19:54:43,507] {processor.py:153} INFO - Started process (PID=53471) to work on /home/hat/dev-env/10Acadamy/week_9/Speech_to_text_data_collector/venv/lib/python3.10/site-packages/airflow/example_dags/example_complex.py
[2022-07-06 19:54:43,508] {processor.py:641} INFO - Processing file /home/hat/dev-env/10Acadamy/week_9/Speech_to_text_data_collector/venv/lib/python3.10/site-packages/airflow/example_dags/example_complex.py for tasks to queue
[2022-07-06 19:54:43,509] {logging_mixin.py:115} INFO - [2022-07-06 19:54:43,508] {dagbag.py:507} INFO - Filling up the DagBag from /home/hat/dev-env/10Acadamy/week_9/Speech_to_text_data_collector/venv/lib/python3.10/site-packages/airflow/example_dags/example_complex.py
[2022-07-06 19:54:43,526] {processor.py:651} INFO - DAG(s) dict_keys(['example_complex']) retrieved from /home/hat/dev-env/10Acadamy/week_9/Speech_to_text_data_collector/venv/lib/python3.10/site-packages/airflow/example_dags/example_complex.py
[2022-07-06 19:54:43,577] {logging_mixin.py:115} INFO - [2022-07-06 19:54:43,577] {dag.py:2379} INFO - Sync 1 DAGs
[2022-07-06 19:54:43,614] {logging_mixin.py:115} INFO - [2022-07-06 19:54:43,613] {dag.py:2927} INFO - Setting next_dagrun for example_complex to None, run_after=None
[2022-07-06 19:54:43,642] {processor.py:161} INFO - Processing /home/hat/dev-env/10Acadamy/week_9/Speech_to_text_data_collector/venv/lib/python3.10/site-packages/airflow/example_dags/example_complex.py took 0.141 seconds
[2022-07-06 19:55:18,775] {processor.py:153} INFO - Started process (PID=53576) to work on /home/hat/dev-env/10Acadamy/week_9/Speech_to_text_data_collector/venv/lib/python3.10/site-packages/airflow/example_dags/example_complex.py
[2022-07-06 19:55:18,778] {processor.py:641} INFO - Processing file /home/hat/dev-env/10Acadamy/week_9/Speech_to_text_data_collector/venv/lib/python3.10/site-packages/airflow/example_dags/example_complex.py for tasks to queue
[2022-07-06 19:55:18,779] {logging_mixin.py:115} INFO - [2022-07-06 19:55:18,779] {dagbag.py:507} INFO - Filling up the DagBag from /home/hat/dev-env/10Acadamy/week_9/Speech_to_text_data_collector/venv/lib/python3.10/site-packages/airflow/example_dags/example_complex.py
[2022-07-06 19:55:18,800] {processor.py:651} INFO - DAG(s) dict_keys(['example_complex']) retrieved from /home/hat/dev-env/10Acadamy/week_9/Speech_to_text_data_collector/venv/lib/python3.10/site-packages/airflow/example_dags/example_complex.py
[2022-07-06 19:55:18,836] {logging_mixin.py:115} INFO - [2022-07-06 19:55:18,836] {dag.py:2379} INFO - Sync 1 DAGs
[2022-07-06 19:55:18,865] {logging_mixin.py:115} INFO - [2022-07-06 19:55:18,865] {dag.py:2927} INFO - Setting next_dagrun for example_complex to None, run_after=None
[2022-07-06 19:55:18,894] {processor.py:161} INFO - Processing /home/hat/dev-env/10Acadamy/week_9/Speech_to_text_data_collector/venv/lib/python3.10/site-packages/airflow/example_dags/example_complex.py took 0.125 seconds
[2022-07-06 19:55:52,993] {processor.py:153} INFO - Started process (PID=53665) to work on /home/hat/dev-env/10Acadamy/week_9/Speech_to_text_data_collector/venv/lib/python3.10/site-packages/airflow/example_dags/example_complex.py
[2022-07-06 19:55:52,996] {processor.py:641} INFO - Processing file /home/hat/dev-env/10Acadamy/week_9/Speech_to_text_data_collector/venv/lib/python3.10/site-packages/airflow/example_dags/example_complex.py for tasks to queue
[2022-07-06 19:55:52,997] {logging_mixin.py:115} INFO - [2022-07-06 19:55:52,997] {dagbag.py:507} INFO - Filling up the DagBag from /home/hat/dev-env/10Acadamy/week_9/Speech_to_text_data_collector/venv/lib/python3.10/site-packages/airflow/example_dags/example_complex.py
[2022-07-06 19:55:53,015] {processor.py:651} INFO - DAG(s) dict_keys(['example_complex']) retrieved from /home/hat/dev-env/10Acadamy/week_9/Speech_to_text_data_collector/venv/lib/python3.10/site-packages/airflow/example_dags/example_complex.py
[2022-07-06 19:55:53,041] {logging_mixin.py:115} INFO - [2022-07-06 19:55:53,041] {dag.py:2379} INFO - Sync 1 DAGs
[2022-07-06 19:55:53,068] {logging_mixin.py:115} INFO - [2022-07-06 19:55:53,067] {dag.py:2927} INFO - Setting next_dagrun for example_complex to None, run_after=None
[2022-07-06 19:55:53,085] {processor.py:161} INFO - Processing /home/hat/dev-env/10Acadamy/week_9/Speech_to_text_data_collector/venv/lib/python3.10/site-packages/airflow/example_dags/example_complex.py took 0.098 seconds
[2022-07-06 19:56:30,374] {processor.py:153} INFO - Started process (PID=53741) to work on /home/hat/dev-env/10Acadamy/week_9/Speech_to_text_data_collector/venv/lib/python3.10/site-packages/airflow/example_dags/example_complex.py
[2022-07-06 19:56:30,377] {processor.py:641} INFO - Processing file /home/hat/dev-env/10Acadamy/week_9/Speech_to_text_data_collector/venv/lib/python3.10/site-packages/airflow/example_dags/example_complex.py for tasks to queue
[2022-07-06 19:56:30,377] {logging_mixin.py:115} INFO - [2022-07-06 19:56:30,377] {dagbag.py:507} INFO - Filling up the DagBag from /home/hat/dev-env/10Acadamy/week_9/Speech_to_text_data_collector/venv/lib/python3.10/site-packages/airflow/example_dags/example_complex.py
[2022-07-06 19:56:30,393] {processor.py:651} INFO - DAG(s) dict_keys(['example_complex']) retrieved from /home/hat/dev-env/10Acadamy/week_9/Speech_to_text_data_collector/venv/lib/python3.10/site-packages/airflow/example_dags/example_complex.py
[2022-07-06 19:56:30,418] {logging_mixin.py:115} INFO - [2022-07-06 19:56:30,418] {dag.py:2379} INFO - Sync 1 DAGs
[2022-07-06 19:56:30,444] {logging_mixin.py:115} INFO - [2022-07-06 19:56:30,444] {dag.py:2927} INFO - Setting next_dagrun for example_complex to None, run_after=None
[2022-07-06 19:56:30,461] {processor.py:161} INFO - Processing /home/hat/dev-env/10Acadamy/week_9/Speech_to_text_data_collector/venv/lib/python3.10/site-packages/airflow/example_dags/example_complex.py took 0.090 seconds
[2022-07-06 19:57:06,683] {processor.py:153} INFO - Started process (PID=53809) to work on /home/hat/dev-env/10Acadamy/week_9/Speech_to_text_data_collector/venv/lib/python3.10/site-packages/airflow/example_dags/example_complex.py
[2022-07-06 19:57:06,687] {processor.py:641} INFO - Processing file /home/hat/dev-env/10Acadamy/week_9/Speech_to_text_data_collector/venv/lib/python3.10/site-packages/airflow/example_dags/example_complex.py for tasks to queue
[2022-07-06 19:57:06,687] {logging_mixin.py:115} INFO - [2022-07-06 19:57:06,687] {dagbag.py:507} INFO - Filling up the DagBag from /home/hat/dev-env/10Acadamy/week_9/Speech_to_text_data_collector/venv/lib/python3.10/site-packages/airflow/example_dags/example_complex.py
[2022-07-06 19:57:06,720] {processor.py:651} INFO - DAG(s) dict_keys(['example_complex']) retrieved from /home/hat/dev-env/10Acadamy/week_9/Speech_to_text_data_collector/venv/lib/python3.10/site-packages/airflow/example_dags/example_complex.py
[2022-07-06 19:57:06,760] {logging_mixin.py:115} INFO - [2022-07-06 19:57:06,759] {dag.py:2379} INFO - Sync 1 DAGs
[2022-07-06 19:57:06,785] {logging_mixin.py:115} INFO - [2022-07-06 19:57:06,785] {dag.py:2927} INFO - Setting next_dagrun for example_complex to None, run_after=None
[2022-07-06 19:57:06,802] {processor.py:161} INFO - Processing /home/hat/dev-env/10Acadamy/week_9/Speech_to_text_data_collector/venv/lib/python3.10/site-packages/airflow/example_dags/example_complex.py took 0.124 seconds
[2022-07-06 19:57:41,081] {processor.py:153} INFO - Started process (PID=53888) to work on /home/hat/dev-env/10Acadamy/week_9/Speech_to_text_data_collector/venv/lib/python3.10/site-packages/airflow/example_dags/example_complex.py
[2022-07-06 19:57:41,083] {processor.py:641} INFO - Processing file /home/hat/dev-env/10Acadamy/week_9/Speech_to_text_data_collector/venv/lib/python3.10/site-packages/airflow/example_dags/example_complex.py for tasks to queue
[2022-07-06 19:57:41,084] {logging_mixin.py:115} INFO - [2022-07-06 19:57:41,084] {dagbag.py:507} INFO - Filling up the DagBag from /home/hat/dev-env/10Acadamy/week_9/Speech_to_text_data_collector/venv/lib/python3.10/site-packages/airflow/example_dags/example_complex.py
[2022-07-06 19:57:41,112] {processor.py:651} INFO - DAG(s) dict_keys(['example_complex']) retrieved from /home/hat/dev-env/10Acadamy/week_9/Speech_to_text_data_collector/venv/lib/python3.10/site-packages/airflow/example_dags/example_complex.py
[2022-07-06 19:57:41,139] {logging_mixin.py:115} INFO - [2022-07-06 19:57:41,139] {dag.py:2379} INFO - Sync 1 DAGs
[2022-07-06 19:57:41,165] {logging_mixin.py:115} INFO - [2022-07-06 19:57:41,165] {dag.py:2927} INFO - Setting next_dagrun for example_complex to None, run_after=None
[2022-07-06 19:57:41,184] {processor.py:161} INFO - Processing /home/hat/dev-env/10Acadamy/week_9/Speech_to_text_data_collector/venv/lib/python3.10/site-packages/airflow/example_dags/example_complex.py took 0.107 seconds
[2022-07-06 19:58:17,963] {processor.py:153} INFO - Started process (PID=53984) to work on /home/hat/dev-env/10Acadamy/week_9/Speech_to_text_data_collector/venv/lib/python3.10/site-packages/airflow/example_dags/example_complex.py
[2022-07-06 19:58:17,964] {processor.py:641} INFO - Processing file /home/hat/dev-env/10Acadamy/week_9/Speech_to_text_data_collector/venv/lib/python3.10/site-packages/airflow/example_dags/example_complex.py for tasks to queue
[2022-07-06 19:58:17,965] {logging_mixin.py:115} INFO - [2022-07-06 19:58:17,964] {dagbag.py:507} INFO - Filling up the DagBag from /home/hat/dev-env/10Acadamy/week_9/Speech_to_text_data_collector/venv/lib/python3.10/site-packages/airflow/example_dags/example_complex.py
[2022-07-06 19:58:17,983] {processor.py:651} INFO - DAG(s) dict_keys(['example_complex']) retrieved from /home/hat/dev-env/10Acadamy/week_9/Speech_to_text_data_collector/venv/lib/python3.10/site-packages/airflow/example_dags/example_complex.py
[2022-07-06 19:58:18,025] {logging_mixin.py:115} INFO - [2022-07-06 19:58:18,024] {dag.py:2379} INFO - Sync 1 DAGs
[2022-07-06 19:58:18,058] {logging_mixin.py:115} INFO - [2022-07-06 19:58:18,057] {dag.py:2927} INFO - Setting next_dagrun for example_complex to None, run_after=None
[2022-07-06 19:58:18,079] {processor.py:161} INFO - Processing /home/hat/dev-env/10Acadamy/week_9/Speech_to_text_data_collector/venv/lib/python3.10/site-packages/airflow/example_dags/example_complex.py took 0.120 seconds
[2022-07-06 19:58:53,526] {processor.py:153} INFO - Started process (PID=54078) to work on /home/hat/dev-env/10Acadamy/week_9/Speech_to_text_data_collector/venv/lib/python3.10/site-packages/airflow/example_dags/example_complex.py
[2022-07-06 19:58:53,529] {processor.py:641} INFO - Processing file /home/hat/dev-env/10Acadamy/week_9/Speech_to_text_data_collector/venv/lib/python3.10/site-packages/airflow/example_dags/example_complex.py for tasks to queue
[2022-07-06 19:58:53,529] {logging_mixin.py:115} INFO - [2022-07-06 19:58:53,529] {dagbag.py:507} INFO - Filling up the DagBag from /home/hat/dev-env/10Acadamy/week_9/Speech_to_text_data_collector/venv/lib/python3.10/site-packages/airflow/example_dags/example_complex.py
[2022-07-06 19:58:53,546] {processor.py:651} INFO - DAG(s) dict_keys(['example_complex']) retrieved from /home/hat/dev-env/10Acadamy/week_9/Speech_to_text_data_collector/venv/lib/python3.10/site-packages/airflow/example_dags/example_complex.py
[2022-07-06 19:58:53,570] {logging_mixin.py:115} INFO - [2022-07-06 19:58:53,570] {dag.py:2379} INFO - Sync 1 DAGs
[2022-07-06 19:58:53,596] {logging_mixin.py:115} INFO - [2022-07-06 19:58:53,596] {dag.py:2927} INFO - Setting next_dagrun for example_complex to None, run_after=None
[2022-07-06 19:58:53,615] {processor.py:161} INFO - Processing /home/hat/dev-env/10Acadamy/week_9/Speech_to_text_data_collector/venv/lib/python3.10/site-packages/airflow/example_dags/example_complex.py took 0.095 seconds
[2022-07-06 19:59:29,402] {processor.py:153} INFO - Started process (PID=54225) to work on /home/hat/dev-env/10Acadamy/week_9/Speech_to_text_data_collector/venv/lib/python3.10/site-packages/airflow/example_dags/example_complex.py
[2022-07-06 19:59:29,403] {processor.py:641} INFO - Processing file /home/hat/dev-env/10Acadamy/week_9/Speech_to_text_data_collector/venv/lib/python3.10/site-packages/airflow/example_dags/example_complex.py for tasks to queue
[2022-07-06 19:59:29,404] {logging_mixin.py:115} INFO - [2022-07-06 19:59:29,403] {dagbag.py:507} INFO - Filling up the DagBag from /home/hat/dev-env/10Acadamy/week_9/Speech_to_text_data_collector/venv/lib/python3.10/site-packages/airflow/example_dags/example_complex.py
[2022-07-06 19:59:29,420] {processor.py:651} INFO - DAG(s) dict_keys(['example_complex']) retrieved from /home/hat/dev-env/10Acadamy/week_9/Speech_to_text_data_collector/venv/lib/python3.10/site-packages/airflow/example_dags/example_complex.py
[2022-07-06 19:59:29,444] {logging_mixin.py:115} INFO - [2022-07-06 19:59:29,444] {dag.py:2379} INFO - Sync 1 DAGs
[2022-07-06 19:59:29,468] {logging_mixin.py:115} INFO - [2022-07-06 19:59:29,468] {dag.py:2927} INFO - Setting next_dagrun for example_complex to None, run_after=None
[2022-07-06 19:59:29,485] {processor.py:161} INFO - Processing /home/hat/dev-env/10Acadamy/week_9/Speech_to_text_data_collector/venv/lib/python3.10/site-packages/airflow/example_dags/example_complex.py took 0.087 seconds
[2022-07-06 20:00:03,036] {processor.py:153} INFO - Started process (PID=54302) to work on /home/hat/dev-env/10Acadamy/week_9/Speech_to_text_data_collector/venv/lib/python3.10/site-packages/airflow/example_dags/example_complex.py
[2022-07-06 20:00:03,039] {processor.py:641} INFO - Processing file /home/hat/dev-env/10Acadamy/week_9/Speech_to_text_data_collector/venv/lib/python3.10/site-packages/airflow/example_dags/example_complex.py for tasks to queue
[2022-07-06 20:00:03,039] {logging_mixin.py:115} INFO - [2022-07-06 20:00:03,039] {dagbag.py:507} INFO - Filling up the DagBag from /home/hat/dev-env/10Acadamy/week_9/Speech_to_text_data_collector/venv/lib/python3.10/site-packages/airflow/example_dags/example_complex.py
[2022-07-06 20:00:03,058] {processor.py:651} INFO - DAG(s) dict_keys(['example_complex']) retrieved from /home/hat/dev-env/10Acadamy/week_9/Speech_to_text_data_collector/venv/lib/python3.10/site-packages/airflow/example_dags/example_complex.py
[2022-07-06 20:00:03,084] {logging_mixin.py:115} INFO - [2022-07-06 20:00:03,084] {dag.py:2379} INFO - Sync 1 DAGs
[2022-07-06 20:00:03,115] {logging_mixin.py:115} INFO - [2022-07-06 20:00:03,115] {dag.py:2927} INFO - Setting next_dagrun for example_complex to None, run_after=None
[2022-07-06 20:00:03,132] {processor.py:161} INFO - Processing /home/hat/dev-env/10Acadamy/week_9/Speech_to_text_data_collector/venv/lib/python3.10/site-packages/airflow/example_dags/example_complex.py took 0.100 seconds
[2022-07-06 20:00:37,870] {processor.py:153} INFO - Started process (PID=54418) to work on /home/hat/dev-env/10Acadamy/week_9/Speech_to_text_data_collector/venv/lib/python3.10/site-packages/airflow/example_dags/example_complex.py
[2022-07-06 20:00:37,873] {processor.py:641} INFO - Processing file /home/hat/dev-env/10Acadamy/week_9/Speech_to_text_data_collector/venv/lib/python3.10/site-packages/airflow/example_dags/example_complex.py for tasks to queue
[2022-07-06 20:00:37,874] {logging_mixin.py:115} INFO - [2022-07-06 20:00:37,874] {dagbag.py:507} INFO - Filling up the DagBag from /home/hat/dev-env/10Acadamy/week_9/Speech_to_text_data_collector/venv/lib/python3.10/site-packages/airflow/example_dags/example_complex.py
[2022-07-06 20:00:37,897] {processor.py:651} INFO - DAG(s) dict_keys(['example_complex']) retrieved from /home/hat/dev-env/10Acadamy/week_9/Speech_to_text_data_collector/venv/lib/python3.10/site-packages/airflow/example_dags/example_complex.py
[2022-07-06 20:00:37,925] {logging_mixin.py:115} INFO - [2022-07-06 20:00:37,925] {dag.py:2379} INFO - Sync 1 DAGs
[2022-07-06 20:00:37,955] {logging_mixin.py:115} INFO - [2022-07-06 20:00:37,955] {dag.py:2927} INFO - Setting next_dagrun for example_complex to None, run_after=None
[2022-07-06 20:00:37,971] {processor.py:161} INFO - Processing /home/hat/dev-env/10Acadamy/week_9/Speech_to_text_data_collector/venv/lib/python3.10/site-packages/airflow/example_dags/example_complex.py took 0.107 seconds
[2022-07-06 20:01:14,370] {processor.py:153} INFO - Started process (PID=54567) to work on /home/hat/dev-env/10Acadamy/week_9/Speech_to_text_data_collector/venv/lib/python3.10/site-packages/airflow/example_dags/example_complex.py
[2022-07-06 20:01:14,371] {processor.py:641} INFO - Processing file /home/hat/dev-env/10Acadamy/week_9/Speech_to_text_data_collector/venv/lib/python3.10/site-packages/airflow/example_dags/example_complex.py for tasks to queue
[2022-07-06 20:01:14,372] {logging_mixin.py:115} INFO - [2022-07-06 20:01:14,371] {dagbag.py:507} INFO - Filling up the DagBag from /home/hat/dev-env/10Acadamy/week_9/Speech_to_text_data_collector/venv/lib/python3.10/site-packages/airflow/example_dags/example_complex.py
[2022-07-06 20:01:14,409] {processor.py:651} INFO - DAG(s) dict_keys(['example_complex']) retrieved from /home/hat/dev-env/10Acadamy/week_9/Speech_to_text_data_collector/venv/lib/python3.10/site-packages/airflow/example_dags/example_complex.py
[2022-07-06 20:01:14,482] {logging_mixin.py:115} INFO - [2022-07-06 20:01:14,481] {dag.py:2379} INFO - Sync 1 DAGs
[2022-07-06 20:01:14,541] {logging_mixin.py:115} INFO - [2022-07-06 20:01:14,541] {dag.py:2927} INFO - Setting next_dagrun for example_complex to None, run_after=None
[2022-07-06 20:01:14,584] {processor.py:161} INFO - Processing /home/hat/dev-env/10Acadamy/week_9/Speech_to_text_data_collector/venv/lib/python3.10/site-packages/airflow/example_dags/example_complex.py took 0.220 seconds
[2022-07-06 20:01:50,464] {processor.py:153} INFO - Started process (PID=54650) to work on /home/hat/dev-env/10Acadamy/week_9/Speech_to_text_data_collector/venv/lib/python3.10/site-packages/airflow/example_dags/example_complex.py
[2022-07-06 20:01:50,467] {processor.py:641} INFO - Processing file /home/hat/dev-env/10Acadamy/week_9/Speech_to_text_data_collector/venv/lib/python3.10/site-packages/airflow/example_dags/example_complex.py for tasks to queue
[2022-07-06 20:01:50,468] {logging_mixin.py:115} INFO - [2022-07-06 20:01:50,468] {dagbag.py:507} INFO - Filling up the DagBag from /home/hat/dev-env/10Acadamy/week_9/Speech_to_text_data_collector/venv/lib/python3.10/site-packages/airflow/example_dags/example_complex.py
[2022-07-06 20:01:50,484] {processor.py:651} INFO - DAG(s) dict_keys(['example_complex']) retrieved from /home/hat/dev-env/10Acadamy/week_9/Speech_to_text_data_collector/venv/lib/python3.10/site-packages/airflow/example_dags/example_complex.py
[2022-07-06 20:01:50,511] {logging_mixin.py:115} INFO - [2022-07-06 20:01:50,511] {dag.py:2379} INFO - Sync 1 DAGs
[2022-07-06 20:01:50,539] {logging_mixin.py:115} INFO - [2022-07-06 20:01:50,538] {dag.py:2927} INFO - Setting next_dagrun for example_complex to None, run_after=None
[2022-07-06 20:01:50,555] {processor.py:161} INFO - Processing /home/hat/dev-env/10Acadamy/week_9/Speech_to_text_data_collector/venv/lib/python3.10/site-packages/airflow/example_dags/example_complex.py took 0.095 seconds
[2022-07-06 20:02:26,856] {processor.py:153} INFO - Started process (PID=54843) to work on /home/hat/dev-env/10Acadamy/week_9/Speech_to_text_data_collector/venv/lib/python3.10/site-packages/airflow/example_dags/example_complex.py
[2022-07-06 20:02:26,858] {processor.py:641} INFO - Processing file /home/hat/dev-env/10Acadamy/week_9/Speech_to_text_data_collector/venv/lib/python3.10/site-packages/airflow/example_dags/example_complex.py for tasks to queue
[2022-07-06 20:02:26,859] {logging_mixin.py:115} INFO - [2022-07-06 20:02:26,859] {dagbag.py:507} INFO - Filling up the DagBag from /home/hat/dev-env/10Acadamy/week_9/Speech_to_text_data_collector/venv/lib/python3.10/site-packages/airflow/example_dags/example_complex.py
[2022-07-06 20:02:26,877] {processor.py:651} INFO - DAG(s) dict_keys(['example_complex']) retrieved from /home/hat/dev-env/10Acadamy/week_9/Speech_to_text_data_collector/venv/lib/python3.10/site-packages/airflow/example_dags/example_complex.py
[2022-07-06 20:02:26,904] {logging_mixin.py:115} INFO - [2022-07-06 20:02:26,904] {dag.py:2379} INFO - Sync 1 DAGs
[2022-07-06 20:02:26,934] {logging_mixin.py:115} INFO - [2022-07-06 20:02:26,934] {dag.py:2927} INFO - Setting next_dagrun for example_complex to None, run_after=None
[2022-07-06 20:02:26,956] {processor.py:161} INFO - Processing /home/hat/dev-env/10Acadamy/week_9/Speech_to_text_data_collector/venv/lib/python3.10/site-packages/airflow/example_dags/example_complex.py took 0.104 seconds
[2022-07-06 20:03:01,294] {processor.py:153} INFO - Started process (PID=54922) to work on /home/hat/dev-env/10Acadamy/week_9/Speech_to_text_data_collector/venv/lib/python3.10/site-packages/airflow/example_dags/example_complex.py
[2022-07-06 20:03:01,297] {processor.py:641} INFO - Processing file /home/hat/dev-env/10Acadamy/week_9/Speech_to_text_data_collector/venv/lib/python3.10/site-packages/airflow/example_dags/example_complex.py for tasks to queue
[2022-07-06 20:03:01,297] {logging_mixin.py:115} INFO - [2022-07-06 20:03:01,297] {dagbag.py:507} INFO - Filling up the DagBag from /home/hat/dev-env/10Acadamy/week_9/Speech_to_text_data_collector/venv/lib/python3.10/site-packages/airflow/example_dags/example_complex.py
[2022-07-06 20:03:01,315] {processor.py:651} INFO - DAG(s) dict_keys(['example_complex']) retrieved from /home/hat/dev-env/10Acadamy/week_9/Speech_to_text_data_collector/venv/lib/python3.10/site-packages/airflow/example_dags/example_complex.py
[2022-07-06 20:03:01,342] {logging_mixin.py:115} INFO - [2022-07-06 20:03:01,342] {dag.py:2379} INFO - Sync 1 DAGs
[2022-07-06 20:03:01,372] {logging_mixin.py:115} INFO - [2022-07-06 20:03:01,372] {dag.py:2927} INFO - Setting next_dagrun for example_complex to None, run_after=None
[2022-07-06 20:03:01,390] {processor.py:161} INFO - Processing /home/hat/dev-env/10Acadamy/week_9/Speech_to_text_data_collector/venv/lib/python3.10/site-packages/airflow/example_dags/example_complex.py took 0.099 seconds
[2022-07-06 20:03:41,976] {processor.py:153} INFO - Started process (PID=55020) to work on /home/hat/dev-env/10Acadamy/week_9/Speech_to_text_data_collector/venv/lib/python3.10/site-packages/airflow/example_dags/example_complex.py
[2022-07-06 20:03:41,977] {processor.py:641} INFO - Processing file /home/hat/dev-env/10Acadamy/week_9/Speech_to_text_data_collector/venv/lib/python3.10/site-packages/airflow/example_dags/example_complex.py for tasks to queue
[2022-07-06 20:03:41,978] {logging_mixin.py:115} INFO - [2022-07-06 20:03:41,978] {dagbag.py:507} INFO - Filling up the DagBag from /home/hat/dev-env/10Acadamy/week_9/Speech_to_text_data_collector/venv/lib/python3.10/site-packages/airflow/example_dags/example_complex.py
[2022-07-06 20:03:42,004] {processor.py:651} INFO - DAG(s) dict_keys(['example_complex']) retrieved from /home/hat/dev-env/10Acadamy/week_9/Speech_to_text_data_collector/venv/lib/python3.10/site-packages/airflow/example_dags/example_complex.py
[2022-07-06 20:03:42,032] {logging_mixin.py:115} INFO - [2022-07-06 20:03:42,032] {dag.py:2379} INFO - Sync 1 DAGs
[2022-07-06 20:03:42,061] {logging_mixin.py:115} INFO - [2022-07-06 20:03:42,061] {dag.py:2927} INFO - Setting next_dagrun for example_complex to None, run_after=None
[2022-07-06 20:03:42,081] {processor.py:161} INFO - Processing /home/hat/dev-env/10Acadamy/week_9/Speech_to_text_data_collector/venv/lib/python3.10/site-packages/airflow/example_dags/example_complex.py took 0.109 seconds
[2022-07-06 20:04:18,515] {processor.py:153} INFO - Started process (PID=55166) to work on /home/hat/dev-env/10Acadamy/week_9/Speech_to_text_data_collector/venv/lib/python3.10/site-packages/airflow/example_dags/example_complex.py
[2022-07-06 20:04:18,518] {processor.py:641} INFO - Processing file /home/hat/dev-env/10Acadamy/week_9/Speech_to_text_data_collector/venv/lib/python3.10/site-packages/airflow/example_dags/example_complex.py for tasks to queue
[2022-07-06 20:04:18,519] {logging_mixin.py:115} INFO - [2022-07-06 20:04:18,519] {dagbag.py:507} INFO - Filling up the DagBag from /home/hat/dev-env/10Acadamy/week_9/Speech_to_text_data_collector/venv/lib/python3.10/site-packages/airflow/example_dags/example_complex.py
[2022-07-06 20:04:18,538] {processor.py:651} INFO - DAG(s) dict_keys(['example_complex']) retrieved from /home/hat/dev-env/10Acadamy/week_9/Speech_to_text_data_collector/venv/lib/python3.10/site-packages/airflow/example_dags/example_complex.py
[2022-07-06 20:04:18,565] {logging_mixin.py:115} INFO - [2022-07-06 20:04:18,564] {dag.py:2379} INFO - Sync 1 DAGs
[2022-07-06 20:04:18,599] {logging_mixin.py:115} INFO - [2022-07-06 20:04:18,599] {dag.py:2927} INFO - Setting next_dagrun for example_complex to None, run_after=None
[2022-07-06 20:04:18,622] {processor.py:161} INFO - Processing /home/hat/dev-env/10Acadamy/week_9/Speech_to_text_data_collector/venv/lib/python3.10/site-packages/airflow/example_dags/example_complex.py took 0.111 seconds
[2022-07-06 20:04:52,494] {processor.py:153} INFO - Started process (PID=55403) to work on /home/hat/dev-env/10Acadamy/week_9/Speech_to_text_data_collector/venv/lib/python3.10/site-packages/airflow/example_dags/example_complex.py
[2022-07-06 20:04:52,497] {processor.py:641} INFO - Processing file /home/hat/dev-env/10Acadamy/week_9/Speech_to_text_data_collector/venv/lib/python3.10/site-packages/airflow/example_dags/example_complex.py for tasks to queue
[2022-07-06 20:04:52,498] {logging_mixin.py:115} INFO - [2022-07-06 20:04:52,498] {dagbag.py:507} INFO - Filling up the DagBag from /home/hat/dev-env/10Acadamy/week_9/Speech_to_text_data_collector/venv/lib/python3.10/site-packages/airflow/example_dags/example_complex.py
[2022-07-06 20:04:52,516] {processor.py:651} INFO - DAG(s) dict_keys(['example_complex']) retrieved from /home/hat/dev-env/10Acadamy/week_9/Speech_to_text_data_collector/venv/lib/python3.10/site-packages/airflow/example_dags/example_complex.py
[2022-07-06 20:04:52,544] {logging_mixin.py:115} INFO - [2022-07-06 20:04:52,544] {dag.py:2379} INFO - Sync 1 DAGs
[2022-07-06 20:04:52,571] {logging_mixin.py:115} INFO - [2022-07-06 20:04:52,571] {dag.py:2927} INFO - Setting next_dagrun for example_complex to None, run_after=None
[2022-07-06 20:04:52,588] {processor.py:161} INFO - Processing /home/hat/dev-env/10Acadamy/week_9/Speech_to_text_data_collector/venv/lib/python3.10/site-packages/airflow/example_dags/example_complex.py took 0.098 seconds
[2022-07-06 20:05:27,842] {processor.py:153} INFO - Started process (PID=55489) to work on /home/hat/dev-env/10Acadamy/week_9/Speech_to_text_data_collector/venv/lib/python3.10/site-packages/airflow/example_dags/example_complex.py
[2022-07-06 20:05:27,845] {processor.py:641} INFO - Processing file /home/hat/dev-env/10Acadamy/week_9/Speech_to_text_data_collector/venv/lib/python3.10/site-packages/airflow/example_dags/example_complex.py for tasks to queue
[2022-07-06 20:05:27,846] {logging_mixin.py:115} INFO - [2022-07-06 20:05:27,846] {dagbag.py:507} INFO - Filling up the DagBag from /home/hat/dev-env/10Acadamy/week_9/Speech_to_text_data_collector/venv/lib/python3.10/site-packages/airflow/example_dags/example_complex.py
[2022-07-06 20:05:27,881] {processor.py:651} INFO - DAG(s) dict_keys(['example_complex']) retrieved from /home/hat/dev-env/10Acadamy/week_9/Speech_to_text_data_collector/venv/lib/python3.10/site-packages/airflow/example_dags/example_complex.py
[2022-07-06 20:05:27,917] {logging_mixin.py:115} INFO - [2022-07-06 20:05:27,917] {dag.py:2379} INFO - Sync 1 DAGs
[2022-07-06 20:05:27,954] {logging_mixin.py:115} INFO - [2022-07-06 20:05:27,954] {dag.py:2927} INFO - Setting next_dagrun for example_complex to None, run_after=None
[2022-07-06 20:05:27,980] {processor.py:161} INFO - Processing /home/hat/dev-env/10Acadamy/week_9/Speech_to_text_data_collector/venv/lib/python3.10/site-packages/airflow/example_dags/example_complex.py took 0.153 seconds
[2022-07-06 20:06:03,837] {processor.py:153} INFO - Started process (PID=55560) to work on /home/hat/dev-env/10Acadamy/week_9/Speech_to_text_data_collector/venv/lib/python3.10/site-packages/airflow/example_dags/example_complex.py
[2022-07-06 20:06:03,838] {processor.py:641} INFO - Processing file /home/hat/dev-env/10Acadamy/week_9/Speech_to_text_data_collector/venv/lib/python3.10/site-packages/airflow/example_dags/example_complex.py for tasks to queue
[2022-07-06 20:06:03,839] {logging_mixin.py:115} INFO - [2022-07-06 20:06:03,839] {dagbag.py:507} INFO - Filling up the DagBag from /home/hat/dev-env/10Acadamy/week_9/Speech_to_text_data_collector/venv/lib/python3.10/site-packages/airflow/example_dags/example_complex.py
[2022-07-06 20:06:03,867] {processor.py:651} INFO - DAG(s) dict_keys(['example_complex']) retrieved from /home/hat/dev-env/10Acadamy/week_9/Speech_to_text_data_collector/venv/lib/python3.10/site-packages/airflow/example_dags/example_complex.py
[2022-07-06 20:06:03,911] {logging_mixin.py:115} INFO - [2022-07-06 20:06:03,911] {dag.py:2379} INFO - Sync 1 DAGs
[2022-07-06 20:06:03,959] {logging_mixin.py:115} INFO - [2022-07-06 20:06:03,959] {dag.py:2927} INFO - Setting next_dagrun for example_complex to None, run_after=None
[2022-07-06 20:06:03,986] {processor.py:161} INFO - Processing /home/hat/dev-env/10Acadamy/week_9/Speech_to_text_data_collector/venv/lib/python3.10/site-packages/airflow/example_dags/example_complex.py took 0.155 seconds
[2022-07-06 20:06:42,090] {processor.py:153} INFO - Started process (PID=55656) to work on /home/hat/dev-env/10Acadamy/week_9/Speech_to_text_data_collector/venv/lib/python3.10/site-packages/airflow/example_dags/example_complex.py
[2022-07-06 20:06:42,092] {processor.py:641} INFO - Processing file /home/hat/dev-env/10Acadamy/week_9/Speech_to_text_data_collector/venv/lib/python3.10/site-packages/airflow/example_dags/example_complex.py for tasks to queue
[2022-07-06 20:06:42,093] {logging_mixin.py:115} INFO - [2022-07-06 20:06:42,093] {dagbag.py:507} INFO - Filling up the DagBag from /home/hat/dev-env/10Acadamy/week_9/Speech_to_text_data_collector/venv/lib/python3.10/site-packages/airflow/example_dags/example_complex.py
[2022-07-06 20:06:42,115] {processor.py:651} INFO - DAG(s) dict_keys(['example_complex']) retrieved from /home/hat/dev-env/10Acadamy/week_9/Speech_to_text_data_collector/venv/lib/python3.10/site-packages/airflow/example_dags/example_complex.py
[2022-07-06 20:06:42,143] {logging_mixin.py:115} INFO - [2022-07-06 20:06:42,143] {dag.py:2379} INFO - Sync 1 DAGs
[2022-07-06 20:06:42,171] {logging_mixin.py:115} INFO - [2022-07-06 20:06:42,171] {dag.py:2927} INFO - Setting next_dagrun for example_complex to None, run_after=None
[2022-07-06 20:06:42,191] {processor.py:161} INFO - Processing /home/hat/dev-env/10Acadamy/week_9/Speech_to_text_data_collector/venv/lib/python3.10/site-packages/airflow/example_dags/example_complex.py took 0.107 seconds
[2022-07-06 20:07:17,796] {processor.py:153} INFO - Started process (PID=55743) to work on /home/hat/dev-env/10Acadamy/week_9/Speech_to_text_data_collector/venv/lib/python3.10/site-packages/airflow/example_dags/example_complex.py
[2022-07-06 20:07:17,801] {processor.py:641} INFO - Processing file /home/hat/dev-env/10Acadamy/week_9/Speech_to_text_data_collector/venv/lib/python3.10/site-packages/airflow/example_dags/example_complex.py for tasks to queue
[2022-07-06 20:07:17,802] {logging_mixin.py:115} INFO - [2022-07-06 20:07:17,802] {dagbag.py:507} INFO - Filling up the DagBag from /home/hat/dev-env/10Acadamy/week_9/Speech_to_text_data_collector/venv/lib/python3.10/site-packages/airflow/example_dags/example_complex.py
[2022-07-06 20:07:17,829] {processor.py:651} INFO - DAG(s) dict_keys(['example_complex']) retrieved from /home/hat/dev-env/10Acadamy/week_9/Speech_to_text_data_collector/venv/lib/python3.10/site-packages/airflow/example_dags/example_complex.py
[2022-07-06 20:07:17,868] {logging_mixin.py:115} INFO - [2022-07-06 20:07:17,868] {dag.py:2379} INFO - Sync 1 DAGs
[2022-07-06 20:07:17,898] {logging_mixin.py:115} INFO - [2022-07-06 20:07:17,897] {dag.py:2927} INFO - Setting next_dagrun for example_complex to None, run_after=None
[2022-07-06 20:07:17,914] {processor.py:161} INFO - Processing /home/hat/dev-env/10Acadamy/week_9/Speech_to_text_data_collector/venv/lib/python3.10/site-packages/airflow/example_dags/example_complex.py took 0.126 seconds
[2022-07-06 20:07:54,609] {processor.py:153} INFO - Started process (PID=55817) to work on /home/hat/dev-env/10Acadamy/week_9/Speech_to_text_data_collector/venv/lib/python3.10/site-packages/airflow/example_dags/example_complex.py
[2022-07-06 20:07:54,612] {processor.py:641} INFO - Processing file /home/hat/dev-env/10Acadamy/week_9/Speech_to_text_data_collector/venv/lib/python3.10/site-packages/airflow/example_dags/example_complex.py for tasks to queue
[2022-07-06 20:07:54,613] {logging_mixin.py:115} INFO - [2022-07-06 20:07:54,613] {dagbag.py:507} INFO - Filling up the DagBag from /home/hat/dev-env/10Acadamy/week_9/Speech_to_text_data_collector/venv/lib/python3.10/site-packages/airflow/example_dags/example_complex.py
[2022-07-06 20:07:54,632] {processor.py:651} INFO - DAG(s) dict_keys(['example_complex']) retrieved from /home/hat/dev-env/10Acadamy/week_9/Speech_to_text_data_collector/venv/lib/python3.10/site-packages/airflow/example_dags/example_complex.py
[2022-07-06 20:07:54,659] {logging_mixin.py:115} INFO - [2022-07-06 20:07:54,659] {dag.py:2379} INFO - Sync 1 DAGs
[2022-07-06 20:07:54,686] {logging_mixin.py:115} INFO - [2022-07-06 20:07:54,686] {dag.py:2927} INFO - Setting next_dagrun for example_complex to None, run_after=None
[2022-07-06 20:07:54,705] {processor.py:161} INFO - Processing /home/hat/dev-env/10Acadamy/week_9/Speech_to_text_data_collector/venv/lib/python3.10/site-packages/airflow/example_dags/example_complex.py took 0.100 seconds
[2022-07-06 20:08:30,196] {processor.py:153} INFO - Started process (PID=55893) to work on /home/hat/dev-env/10Acadamy/week_9/Speech_to_text_data_collector/venv/lib/python3.10/site-packages/airflow/example_dags/example_complex.py
[2022-07-06 20:08:30,199] {processor.py:641} INFO - Processing file /home/hat/dev-env/10Acadamy/week_9/Speech_to_text_data_collector/venv/lib/python3.10/site-packages/airflow/example_dags/example_complex.py for tasks to queue
[2022-07-06 20:08:30,200] {logging_mixin.py:115} INFO - [2022-07-06 20:08:30,200] {dagbag.py:507} INFO - Filling up the DagBag from /home/hat/dev-env/10Acadamy/week_9/Speech_to_text_data_collector/venv/lib/python3.10/site-packages/airflow/example_dags/example_complex.py
[2022-07-06 20:08:30,221] {processor.py:651} INFO - DAG(s) dict_keys(['example_complex']) retrieved from /home/hat/dev-env/10Acadamy/week_9/Speech_to_text_data_collector/venv/lib/python3.10/site-packages/airflow/example_dags/example_complex.py
[2022-07-06 20:08:30,254] {logging_mixin.py:115} INFO - [2022-07-06 20:08:30,254] {dag.py:2379} INFO - Sync 1 DAGs
[2022-07-06 20:08:30,293] {logging_mixin.py:115} INFO - [2022-07-06 20:08:30,292] {dag.py:2927} INFO - Setting next_dagrun for example_complex to None, run_after=None
[2022-07-06 20:08:30,316] {processor.py:161} INFO - Processing /home/hat/dev-env/10Acadamy/week_9/Speech_to_text_data_collector/venv/lib/python3.10/site-packages/airflow/example_dags/example_complex.py took 0.124 seconds
[2022-07-06 20:09:06,737] {processor.py:153} INFO - Started process (PID=56110) to work on /home/hat/dev-env/10Acadamy/week_9/Speech_to_text_data_collector/venv/lib/python3.10/site-packages/airflow/example_dags/example_complex.py
[2022-07-06 20:09:06,740] {processor.py:641} INFO - Processing file /home/hat/dev-env/10Acadamy/week_9/Speech_to_text_data_collector/venv/lib/python3.10/site-packages/airflow/example_dags/example_complex.py for tasks to queue
[2022-07-06 20:09:06,741] {logging_mixin.py:115} INFO - [2022-07-06 20:09:06,740] {dagbag.py:507} INFO - Filling up the DagBag from /home/hat/dev-env/10Acadamy/week_9/Speech_to_text_data_collector/venv/lib/python3.10/site-packages/airflow/example_dags/example_complex.py
[2022-07-06 20:09:06,762] {processor.py:651} INFO - DAG(s) dict_keys(['example_complex']) retrieved from /home/hat/dev-env/10Acadamy/week_9/Speech_to_text_data_collector/venv/lib/python3.10/site-packages/airflow/example_dags/example_complex.py
[2022-07-06 20:09:06,789] {logging_mixin.py:115} INFO - [2022-07-06 20:09:06,789] {dag.py:2379} INFO - Sync 1 DAGs
[2022-07-06 20:09:06,817] {logging_mixin.py:115} INFO - [2022-07-06 20:09:06,816] {dag.py:2927} INFO - Setting next_dagrun for example_complex to None, run_after=None
[2022-07-06 20:09:06,835] {processor.py:161} INFO - Processing /home/hat/dev-env/10Acadamy/week_9/Speech_to_text_data_collector/venv/lib/python3.10/site-packages/airflow/example_dags/example_complex.py took 0.101 seconds
[2022-07-06 20:09:45,510] {processor.py:153} INFO - Started process (PID=56522) to work on /home/hat/dev-env/10Acadamy/week_9/Speech_to_text_data_collector/venv/lib/python3.10/site-packages/airflow/example_dags/example_complex.py
[2022-07-06 20:09:45,514] {processor.py:641} INFO - Processing file /home/hat/dev-env/10Acadamy/week_9/Speech_to_text_data_collector/venv/lib/python3.10/site-packages/airflow/example_dags/example_complex.py for tasks to queue
[2022-07-06 20:09:45,535] {logging_mixin.py:115} INFO - [2022-07-06 20:09:45,534] {dagbag.py:507} INFO - Filling up the DagBag from /home/hat/dev-env/10Acadamy/week_9/Speech_to_text_data_collector/venv/lib/python3.10/site-packages/airflow/example_dags/example_complex.py
[2022-07-06 20:09:45,597] {processor.py:651} INFO - DAG(s) dict_keys(['example_complex']) retrieved from /home/hat/dev-env/10Acadamy/week_9/Speech_to_text_data_collector/venv/lib/python3.10/site-packages/airflow/example_dags/example_complex.py
[2022-07-06 20:09:45,645] {logging_mixin.py:115} INFO - [2022-07-06 20:09:45,645] {dag.py:2379} INFO - Sync 1 DAGs
[2022-07-06 20:09:45,699] {logging_mixin.py:115} INFO - [2022-07-06 20:09:45,698] {dag.py:2927} INFO - Setting next_dagrun for example_complex to None, run_after=None
[2022-07-06 20:09:45,775] {processor.py:161} INFO - Processing /home/hat/dev-env/10Acadamy/week_9/Speech_to_text_data_collector/venv/lib/python3.10/site-packages/airflow/example_dags/example_complex.py took 0.273 seconds
[2022-07-06 20:10:24,330] {processor.py:153} INFO - Started process (PID=56955) to work on /home/hat/dev-env/10Acadamy/week_9/Speech_to_text_data_collector/venv/lib/python3.10/site-packages/airflow/example_dags/example_complex.py
[2022-07-06 20:10:24,334] {processor.py:641} INFO - Processing file /home/hat/dev-env/10Acadamy/week_9/Speech_to_text_data_collector/venv/lib/python3.10/site-packages/airflow/example_dags/example_complex.py for tasks to queue
[2022-07-06 20:10:24,335] {logging_mixin.py:115} INFO - [2022-07-06 20:10:24,334] {dagbag.py:507} INFO - Filling up the DagBag from /home/hat/dev-env/10Acadamy/week_9/Speech_to_text_data_collector/venv/lib/python3.10/site-packages/airflow/example_dags/example_complex.py
[2022-07-06 20:10:24,358] {processor.py:651} INFO - DAG(s) dict_keys(['example_complex']) retrieved from /home/hat/dev-env/10Acadamy/week_9/Speech_to_text_data_collector/venv/lib/python3.10/site-packages/airflow/example_dags/example_complex.py
[2022-07-06 20:10:24,399] {logging_mixin.py:115} INFO - [2022-07-06 20:10:24,399] {dag.py:2379} INFO - Sync 1 DAGs
[2022-07-06 20:10:24,453] {logging_mixin.py:115} INFO - [2022-07-06 20:10:24,453] {dag.py:2927} INFO - Setting next_dagrun for example_complex to None, run_after=None
[2022-07-06 20:10:24,497] {processor.py:161} INFO - Processing /home/hat/dev-env/10Acadamy/week_9/Speech_to_text_data_collector/venv/lib/python3.10/site-packages/airflow/example_dags/example_complex.py took 0.172 seconds
