[2022-07-06 19:29:39,186] {processor.py:153} INFO - Started process (PID=46338) to work on /home/hat/dev-env/10Acadamy/week_9/Speech_to_text_data_collector/venv/lib/python3.10/site-packages/airflow/example_dags/plugins/workday.py
[2022-07-06 19:29:39,187] {processor.py:641} INFO - Processing file /home/hat/dev-env/10Acadamy/week_9/Speech_to_text_data_collector/venv/lib/python3.10/site-packages/airflow/example_dags/plugins/workday.py for tasks to queue
[2022-07-06 19:29:39,188] {logging_mixin.py:115} INFO - [2022-07-06 19:29:39,188] {dagbag.py:507} INFO - Filling up the DagBag from /home/hat/dev-env/10Acadamy/week_9/Speech_to_text_data_collector/venv/lib/python3.10/site-packages/airflow/example_dags/plugins/workday.py
[2022-07-06 19:29:39,190] {processor.py:653} WARNING - No viable dags retrieved from /home/hat/dev-env/10Acadamy/week_9/Speech_to_text_data_collector/venv/lib/python3.10/site-packages/airflow/example_dags/plugins/workday.py
[2022-07-06 19:29:39,205] {processor.py:161} INFO - Processing /home/hat/dev-env/10Acadamy/week_9/Speech_to_text_data_collector/venv/lib/python3.10/site-packages/airflow/example_dags/plugins/workday.py took 0.022 seconds
[2022-07-06 19:30:17,460] {processor.py:153} INFO - Started process (PID=46730) to work on /home/hat/dev-env/10Acadamy/week_9/Speech_to_text_data_collector/venv/lib/python3.10/site-packages/airflow/example_dags/plugins/workday.py
[2022-07-06 19:30:17,465] {processor.py:641} INFO - Processing file /home/hat/dev-env/10Acadamy/week_9/Speech_to_text_data_collector/venv/lib/python3.10/site-packages/airflow/example_dags/plugins/workday.py for tasks to queue
[2022-07-06 19:30:17,467] {logging_mixin.py:115} INFO - [2022-07-06 19:30:17,466] {dagbag.py:507} INFO - Filling up the DagBag from /home/hat/dev-env/10Acadamy/week_9/Speech_to_text_data_collector/venv/lib/python3.10/site-packages/airflow/example_dags/plugins/workday.py
[2022-07-06 19:30:17,470] {processor.py:653} WARNING - No viable dags retrieved from /home/hat/dev-env/10Acadamy/week_9/Speech_to_text_data_collector/venv/lib/python3.10/site-packages/airflow/example_dags/plugins/workday.py
[2022-07-06 19:30:17,490] {processor.py:161} INFO - Processing /home/hat/dev-env/10Acadamy/week_9/Speech_to_text_data_collector/venv/lib/python3.10/site-packages/airflow/example_dags/plugins/workday.py took 0.033 seconds
[2022-07-06 19:30:54,641] {processor.py:153} INFO - Started process (PID=46931) to work on /home/hat/dev-env/10Acadamy/week_9/Speech_to_text_data_collector/venv/lib/python3.10/site-packages/airflow/example_dags/plugins/workday.py
[2022-07-06 19:30:54,644] {processor.py:641} INFO - Processing file /home/hat/dev-env/10Acadamy/week_9/Speech_to_text_data_collector/venv/lib/python3.10/site-packages/airflow/example_dags/plugins/workday.py for tasks to queue
[2022-07-06 19:30:54,645] {logging_mixin.py:115} INFO - [2022-07-06 19:30:54,645] {dagbag.py:507} INFO - Filling up the DagBag from /home/hat/dev-env/10Acadamy/week_9/Speech_to_text_data_collector/venv/lib/python3.10/site-packages/airflow/example_dags/plugins/workday.py
[2022-07-06 19:30:54,649] {processor.py:653} WARNING - No viable dags retrieved from /home/hat/dev-env/10Acadamy/week_9/Speech_to_text_data_collector/venv/lib/python3.10/site-packages/airflow/example_dags/plugins/workday.py
[2022-07-06 19:30:54,662] {processor.py:161} INFO - Processing /home/hat/dev-env/10Acadamy/week_9/Speech_to_text_data_collector/venv/lib/python3.10/site-packages/airflow/example_dags/plugins/workday.py took 0.025 seconds
[2022-07-06 19:31:27,489] {processor.py:153} INFO - Started process (PID=47444) to work on /home/hat/dev-env/10Acadamy/week_9/Speech_to_text_data_collector/venv/lib/python3.10/site-packages/airflow/example_dags/plugins/workday.py
[2022-07-06 19:31:27,490] {processor.py:641} INFO - Processing file /home/hat/dev-env/10Acadamy/week_9/Speech_to_text_data_collector/venv/lib/python3.10/site-packages/airflow/example_dags/plugins/workday.py for tasks to queue
[2022-07-06 19:31:27,491] {logging_mixin.py:115} INFO - [2022-07-06 19:31:27,491] {dagbag.py:507} INFO - Filling up the DagBag from /home/hat/dev-env/10Acadamy/week_9/Speech_to_text_data_collector/venv/lib/python3.10/site-packages/airflow/example_dags/plugins/workday.py
[2022-07-06 19:31:27,493] {processor.py:653} WARNING - No viable dags retrieved from /home/hat/dev-env/10Acadamy/week_9/Speech_to_text_data_collector/venv/lib/python3.10/site-packages/airflow/example_dags/plugins/workday.py
[2022-07-06 19:31:27,506] {processor.py:161} INFO - Processing /home/hat/dev-env/10Acadamy/week_9/Speech_to_text_data_collector/venv/lib/python3.10/site-packages/airflow/example_dags/plugins/workday.py took 0.019 seconds
[2022-07-06 19:32:00,900] {processor.py:153} INFO - Started process (PID=47608) to work on /home/hat/dev-env/10Acadamy/week_9/Speech_to_text_data_collector/venv/lib/python3.10/site-packages/airflow/example_dags/plugins/workday.py
[2022-07-06 19:32:00,901] {processor.py:641} INFO - Processing file /home/hat/dev-env/10Acadamy/week_9/Speech_to_text_data_collector/venv/lib/python3.10/site-packages/airflow/example_dags/plugins/workday.py for tasks to queue
[2022-07-06 19:32:00,902] {logging_mixin.py:115} INFO - [2022-07-06 19:32:00,901] {dagbag.py:507} INFO - Filling up the DagBag from /home/hat/dev-env/10Acadamy/week_9/Speech_to_text_data_collector/venv/lib/python3.10/site-packages/airflow/example_dags/plugins/workday.py
[2022-07-06 19:32:00,904] {processor.py:653} WARNING - No viable dags retrieved from /home/hat/dev-env/10Acadamy/week_9/Speech_to_text_data_collector/venv/lib/python3.10/site-packages/airflow/example_dags/plugins/workday.py
[2022-07-06 19:32:00,916] {processor.py:161} INFO - Processing /home/hat/dev-env/10Acadamy/week_9/Speech_to_text_data_collector/venv/lib/python3.10/site-packages/airflow/example_dags/plugins/workday.py took 0.019 seconds
[2022-07-06 19:32:37,181] {processor.py:153} INFO - Started process (PID=47698) to work on /home/hat/dev-env/10Acadamy/week_9/Speech_to_text_data_collector/venv/lib/python3.10/site-packages/airflow/example_dags/plugins/workday.py
[2022-07-06 19:32:37,184] {processor.py:641} INFO - Processing file /home/hat/dev-env/10Acadamy/week_9/Speech_to_text_data_collector/venv/lib/python3.10/site-packages/airflow/example_dags/plugins/workday.py for tasks to queue
[2022-07-06 19:32:37,185] {logging_mixin.py:115} INFO - [2022-07-06 19:32:37,185] {dagbag.py:507} INFO - Filling up the DagBag from /home/hat/dev-env/10Acadamy/week_9/Speech_to_text_data_collector/venv/lib/python3.10/site-packages/airflow/example_dags/plugins/workday.py
[2022-07-06 19:32:37,188] {processor.py:653} WARNING - No viable dags retrieved from /home/hat/dev-env/10Acadamy/week_9/Speech_to_text_data_collector/venv/lib/python3.10/site-packages/airflow/example_dags/plugins/workday.py
[2022-07-06 19:32:37,203] {processor.py:161} INFO - Processing /home/hat/dev-env/10Acadamy/week_9/Speech_to_text_data_collector/venv/lib/python3.10/site-packages/airflow/example_dags/plugins/workday.py took 0.025 seconds
[2022-07-06 19:33:13,410] {processor.py:153} INFO - Started process (PID=47778) to work on /home/hat/dev-env/10Acadamy/week_9/Speech_to_text_data_collector/venv/lib/python3.10/site-packages/airflow/example_dags/plugins/workday.py
[2022-07-06 19:33:13,412] {processor.py:641} INFO - Processing file /home/hat/dev-env/10Acadamy/week_9/Speech_to_text_data_collector/venv/lib/python3.10/site-packages/airflow/example_dags/plugins/workday.py for tasks to queue
[2022-07-06 19:33:13,413] {logging_mixin.py:115} INFO - [2022-07-06 19:33:13,413] {dagbag.py:507} INFO - Filling up the DagBag from /home/hat/dev-env/10Acadamy/week_9/Speech_to_text_data_collector/venv/lib/python3.10/site-packages/airflow/example_dags/plugins/workday.py
[2022-07-06 19:33:13,416] {processor.py:653} WARNING - No viable dags retrieved from /home/hat/dev-env/10Acadamy/week_9/Speech_to_text_data_collector/venv/lib/python3.10/site-packages/airflow/example_dags/plugins/workday.py
[2022-07-06 19:33:13,432] {processor.py:161} INFO - Processing /home/hat/dev-env/10Acadamy/week_9/Speech_to_text_data_collector/venv/lib/python3.10/site-packages/airflow/example_dags/plugins/workday.py took 0.026 seconds
[2022-07-06 19:33:47,763] {processor.py:153} INFO - Started process (PID=47989) to work on /home/hat/dev-env/10Acadamy/week_9/Speech_to_text_data_collector/venv/lib/python3.10/site-packages/airflow/example_dags/plugins/workday.py
[2022-07-06 19:33:47,765] {processor.py:641} INFO - Processing file /home/hat/dev-env/10Acadamy/week_9/Speech_to_text_data_collector/venv/lib/python3.10/site-packages/airflow/example_dags/plugins/workday.py for tasks to queue
[2022-07-06 19:33:47,766] {logging_mixin.py:115} INFO - [2022-07-06 19:33:47,766] {dagbag.py:507} INFO - Filling up the DagBag from /home/hat/dev-env/10Acadamy/week_9/Speech_to_text_data_collector/venv/lib/python3.10/site-packages/airflow/example_dags/plugins/workday.py
[2022-07-06 19:33:47,768] {processor.py:653} WARNING - No viable dags retrieved from /home/hat/dev-env/10Acadamy/week_9/Speech_to_text_data_collector/venv/lib/python3.10/site-packages/airflow/example_dags/plugins/workday.py
[2022-07-06 19:33:47,784] {processor.py:161} INFO - Processing /home/hat/dev-env/10Acadamy/week_9/Speech_to_text_data_collector/venv/lib/python3.10/site-packages/airflow/example_dags/plugins/workday.py took 0.025 seconds
[2022-07-06 19:34:23,594] {processor.py:153} INFO - Started process (PID=48097) to work on /home/hat/dev-env/10Acadamy/week_9/Speech_to_text_data_collector/venv/lib/python3.10/site-packages/airflow/example_dags/plugins/workday.py
[2022-07-06 19:34:23,597] {processor.py:641} INFO - Processing file /home/hat/dev-env/10Acadamy/week_9/Speech_to_text_data_collector/venv/lib/python3.10/site-packages/airflow/example_dags/plugins/workday.py for tasks to queue
[2022-07-06 19:34:23,597] {logging_mixin.py:115} INFO - [2022-07-06 19:34:23,597] {dagbag.py:507} INFO - Filling up the DagBag from /home/hat/dev-env/10Acadamy/week_9/Speech_to_text_data_collector/venv/lib/python3.10/site-packages/airflow/example_dags/plugins/workday.py
[2022-07-06 19:34:23,600] {processor.py:653} WARNING - No viable dags retrieved from /home/hat/dev-env/10Acadamy/week_9/Speech_to_text_data_collector/venv/lib/python3.10/site-packages/airflow/example_dags/plugins/workday.py
[2022-07-06 19:34:23,616] {processor.py:161} INFO - Processing /home/hat/dev-env/10Acadamy/week_9/Speech_to_text_data_collector/venv/lib/python3.10/site-packages/airflow/example_dags/plugins/workday.py took 0.026 seconds
[2022-07-06 19:34:56,759] {processor.py:153} INFO - Started process (PID=48249) to work on /home/hat/dev-env/10Acadamy/week_9/Speech_to_text_data_collector/venv/lib/python3.10/site-packages/airflow/example_dags/plugins/workday.py
[2022-07-06 19:34:56,762] {processor.py:641} INFO - Processing file /home/hat/dev-env/10Acadamy/week_9/Speech_to_text_data_collector/venv/lib/python3.10/site-packages/airflow/example_dags/plugins/workday.py for tasks to queue
[2022-07-06 19:34:56,763] {logging_mixin.py:115} INFO - [2022-07-06 19:34:56,763] {dagbag.py:507} INFO - Filling up the DagBag from /home/hat/dev-env/10Acadamy/week_9/Speech_to_text_data_collector/venv/lib/python3.10/site-packages/airflow/example_dags/plugins/workday.py
[2022-07-06 19:34:56,765] {processor.py:653} WARNING - No viable dags retrieved from /home/hat/dev-env/10Acadamy/week_9/Speech_to_text_data_collector/venv/lib/python3.10/site-packages/airflow/example_dags/plugins/workday.py
[2022-07-06 19:34:56,781] {processor.py:161} INFO - Processing /home/hat/dev-env/10Acadamy/week_9/Speech_to_text_data_collector/venv/lib/python3.10/site-packages/airflow/example_dags/plugins/workday.py took 0.026 seconds
[2022-07-06 19:35:30,063] {processor.py:153} INFO - Started process (PID=48354) to work on /home/hat/dev-env/10Acadamy/week_9/Speech_to_text_data_collector/venv/lib/python3.10/site-packages/airflow/example_dags/plugins/workday.py
[2022-07-06 19:35:30,063] {processor.py:641} INFO - Processing file /home/hat/dev-env/10Acadamy/week_9/Speech_to_text_data_collector/venv/lib/python3.10/site-packages/airflow/example_dags/plugins/workday.py for tasks to queue
[2022-07-06 19:35:30,064] {logging_mixin.py:115} INFO - [2022-07-06 19:35:30,064] {dagbag.py:507} INFO - Filling up the DagBag from /home/hat/dev-env/10Acadamy/week_9/Speech_to_text_data_collector/venv/lib/python3.10/site-packages/airflow/example_dags/plugins/workday.py
[2022-07-06 19:35:30,066] {processor.py:653} WARNING - No viable dags retrieved from /home/hat/dev-env/10Acadamy/week_9/Speech_to_text_data_collector/venv/lib/python3.10/site-packages/airflow/example_dags/plugins/workday.py
[2022-07-06 19:35:30,082] {processor.py:161} INFO - Processing /home/hat/dev-env/10Acadamy/week_9/Speech_to_text_data_collector/venv/lib/python3.10/site-packages/airflow/example_dags/plugins/workday.py took 0.022 seconds
[2022-07-06 19:36:05,020] {processor.py:153} INFO - Started process (PID=48458) to work on /home/hat/dev-env/10Acadamy/week_9/Speech_to_text_data_collector/venv/lib/python3.10/site-packages/airflow/example_dags/plugins/workday.py
[2022-07-06 19:36:05,022] {processor.py:641} INFO - Processing file /home/hat/dev-env/10Acadamy/week_9/Speech_to_text_data_collector/venv/lib/python3.10/site-packages/airflow/example_dags/plugins/workday.py for tasks to queue
[2022-07-06 19:36:05,023] {logging_mixin.py:115} INFO - [2022-07-06 19:36:05,023] {dagbag.py:507} INFO - Filling up the DagBag from /home/hat/dev-env/10Acadamy/week_9/Speech_to_text_data_collector/venv/lib/python3.10/site-packages/airflow/example_dags/plugins/workday.py
[2022-07-06 19:36:05,026] {processor.py:653} WARNING - No viable dags retrieved from /home/hat/dev-env/10Acadamy/week_9/Speech_to_text_data_collector/venv/lib/python3.10/site-packages/airflow/example_dags/plugins/workday.py
[2022-07-06 19:36:05,041] {processor.py:161} INFO - Processing /home/hat/dev-env/10Acadamy/week_9/Speech_to_text_data_collector/venv/lib/python3.10/site-packages/airflow/example_dags/plugins/workday.py took 0.025 seconds
[2022-07-06 19:36:39,238] {processor.py:153} INFO - Started process (PID=48586) to work on /home/hat/dev-env/10Acadamy/week_9/Speech_to_text_data_collector/venv/lib/python3.10/site-packages/airflow/example_dags/plugins/workday.py
[2022-07-06 19:36:39,241] {processor.py:641} INFO - Processing file /home/hat/dev-env/10Acadamy/week_9/Speech_to_text_data_collector/venv/lib/python3.10/site-packages/airflow/example_dags/plugins/workday.py for tasks to queue
[2022-07-06 19:36:39,241] {logging_mixin.py:115} INFO - [2022-07-06 19:36:39,241] {dagbag.py:507} INFO - Filling up the DagBag from /home/hat/dev-env/10Acadamy/week_9/Speech_to_text_data_collector/venv/lib/python3.10/site-packages/airflow/example_dags/plugins/workday.py
[2022-07-06 19:36:39,243] {processor.py:653} WARNING - No viable dags retrieved from /home/hat/dev-env/10Acadamy/week_9/Speech_to_text_data_collector/venv/lib/python3.10/site-packages/airflow/example_dags/plugins/workday.py
[2022-07-06 19:36:39,255] {processor.py:161} INFO - Processing /home/hat/dev-env/10Acadamy/week_9/Speech_to_text_data_collector/venv/lib/python3.10/site-packages/airflow/example_dags/plugins/workday.py took 0.020 seconds
[2022-07-06 19:37:12,571] {processor.py:153} INFO - Started process (PID=48755) to work on /home/hat/dev-env/10Acadamy/week_9/Speech_to_text_data_collector/venv/lib/python3.10/site-packages/airflow/example_dags/plugins/workday.py
[2022-07-06 19:37:12,571] {processor.py:641} INFO - Processing file /home/hat/dev-env/10Acadamy/week_9/Speech_to_text_data_collector/venv/lib/python3.10/site-packages/airflow/example_dags/plugins/workday.py for tasks to queue
[2022-07-06 19:37:12,572] {logging_mixin.py:115} INFO - [2022-07-06 19:37:12,572] {dagbag.py:507} INFO - Filling up the DagBag from /home/hat/dev-env/10Acadamy/week_9/Speech_to_text_data_collector/venv/lib/python3.10/site-packages/airflow/example_dags/plugins/workday.py
[2022-07-06 19:37:12,575] {processor.py:653} WARNING - No viable dags retrieved from /home/hat/dev-env/10Acadamy/week_9/Speech_to_text_data_collector/venv/lib/python3.10/site-packages/airflow/example_dags/plugins/workday.py
[2022-07-06 19:37:12,589] {processor.py:161} INFO - Processing /home/hat/dev-env/10Acadamy/week_9/Speech_to_text_data_collector/venv/lib/python3.10/site-packages/airflow/example_dags/plugins/workday.py took 0.023 seconds
[2022-07-06 19:37:48,109] {processor.py:153} INFO - Started process (PID=49066) to work on /home/hat/dev-env/10Acadamy/week_9/Speech_to_text_data_collector/venv/lib/python3.10/site-packages/airflow/example_dags/plugins/workday.py
[2022-07-06 19:37:48,112] {processor.py:641} INFO - Processing file /home/hat/dev-env/10Acadamy/week_9/Speech_to_text_data_collector/venv/lib/python3.10/site-packages/airflow/example_dags/plugins/workday.py for tasks to queue
[2022-07-06 19:37:48,114] {logging_mixin.py:115} INFO - [2022-07-06 19:37:48,113] {dagbag.py:507} INFO - Filling up the DagBag from /home/hat/dev-env/10Acadamy/week_9/Speech_to_text_data_collector/venv/lib/python3.10/site-packages/airflow/example_dags/plugins/workday.py
[2022-07-06 19:37:48,117] {processor.py:653} WARNING - No viable dags retrieved from /home/hat/dev-env/10Acadamy/week_9/Speech_to_text_data_collector/venv/lib/python3.10/site-packages/airflow/example_dags/plugins/workday.py
[2022-07-06 19:37:48,142] {processor.py:161} INFO - Processing /home/hat/dev-env/10Acadamy/week_9/Speech_to_text_data_collector/venv/lib/python3.10/site-packages/airflow/example_dags/plugins/workday.py took 0.048 seconds
[2022-07-06 19:38:26,064] {processor.py:153} INFO - Started process (PID=49259) to work on /home/hat/dev-env/10Acadamy/week_9/Speech_to_text_data_collector/venv/lib/python3.10/site-packages/airflow/example_dags/plugins/workday.py
[2022-07-06 19:38:26,065] {processor.py:641} INFO - Processing file /home/hat/dev-env/10Acadamy/week_9/Speech_to_text_data_collector/venv/lib/python3.10/site-packages/airflow/example_dags/plugins/workday.py for tasks to queue
[2022-07-06 19:38:26,066] {logging_mixin.py:115} INFO - [2022-07-06 19:38:26,065] {dagbag.py:507} INFO - Filling up the DagBag from /home/hat/dev-env/10Acadamy/week_9/Speech_to_text_data_collector/venv/lib/python3.10/site-packages/airflow/example_dags/plugins/workday.py
[2022-07-06 19:38:26,068] {processor.py:653} WARNING - No viable dags retrieved from /home/hat/dev-env/10Acadamy/week_9/Speech_to_text_data_collector/venv/lib/python3.10/site-packages/airflow/example_dags/plugins/workday.py
[2022-07-06 19:38:26,085] {processor.py:161} INFO - Processing /home/hat/dev-env/10Acadamy/week_9/Speech_to_text_data_collector/venv/lib/python3.10/site-packages/airflow/example_dags/plugins/workday.py took 0.025 seconds
[2022-07-06 19:39:02,807] {processor.py:153} INFO - Started process (PID=49542) to work on /home/hat/dev-env/10Acadamy/week_9/Speech_to_text_data_collector/venv/lib/python3.10/site-packages/airflow/example_dags/plugins/workday.py
[2022-07-06 19:39:02,811] {processor.py:641} INFO - Processing file /home/hat/dev-env/10Acadamy/week_9/Speech_to_text_data_collector/venv/lib/python3.10/site-packages/airflow/example_dags/plugins/workday.py for tasks to queue
[2022-07-06 19:39:02,811] {logging_mixin.py:115} INFO - [2022-07-06 19:39:02,811] {dagbag.py:507} INFO - Filling up the DagBag from /home/hat/dev-env/10Acadamy/week_9/Speech_to_text_data_collector/venv/lib/python3.10/site-packages/airflow/example_dags/plugins/workday.py
[2022-07-06 19:39:02,813] {processor.py:653} WARNING - No viable dags retrieved from /home/hat/dev-env/10Acadamy/week_9/Speech_to_text_data_collector/venv/lib/python3.10/site-packages/airflow/example_dags/plugins/workday.py
[2022-07-06 19:39:02,828] {processor.py:161} INFO - Processing /home/hat/dev-env/10Acadamy/week_9/Speech_to_text_data_collector/venv/lib/python3.10/site-packages/airflow/example_dags/plugins/workday.py took 0.024 seconds
[2022-07-06 19:39:36,965] {processor.py:153} INFO - Started process (PID=49796) to work on /home/hat/dev-env/10Acadamy/week_9/Speech_to_text_data_collector/venv/lib/python3.10/site-packages/airflow/example_dags/plugins/workday.py
[2022-07-06 19:39:36,968] {processor.py:641} INFO - Processing file /home/hat/dev-env/10Acadamy/week_9/Speech_to_text_data_collector/venv/lib/python3.10/site-packages/airflow/example_dags/plugins/workday.py for tasks to queue
[2022-07-06 19:39:36,969] {logging_mixin.py:115} INFO - [2022-07-06 19:39:36,968] {dagbag.py:507} INFO - Filling up the DagBag from /home/hat/dev-env/10Acadamy/week_9/Speech_to_text_data_collector/venv/lib/python3.10/site-packages/airflow/example_dags/plugins/workday.py
[2022-07-06 19:39:36,971] {processor.py:653} WARNING - No viable dags retrieved from /home/hat/dev-env/10Acadamy/week_9/Speech_to_text_data_collector/venv/lib/python3.10/site-packages/airflow/example_dags/plugins/workday.py
[2022-07-06 19:39:36,993] {processor.py:161} INFO - Processing /home/hat/dev-env/10Acadamy/week_9/Speech_to_text_data_collector/venv/lib/python3.10/site-packages/airflow/example_dags/plugins/workday.py took 0.031 seconds
[2022-07-06 19:40:57,166] {processor.py:153} INFO - Started process (PID=50715) to work on /home/hat/dev-env/10Acadamy/week_9/Speech_to_text_data_collector/venv/lib/python3.10/site-packages/airflow/example_dags/plugins/workday.py
[2022-07-06 19:40:57,166] {processor.py:641} INFO - Processing file /home/hat/dev-env/10Acadamy/week_9/Speech_to_text_data_collector/venv/lib/python3.10/site-packages/airflow/example_dags/plugins/workday.py for tasks to queue
[2022-07-06 19:40:57,167] {logging_mixin.py:115} INFO - [2022-07-06 19:40:57,167] {dagbag.py:507} INFO - Filling up the DagBag from /home/hat/dev-env/10Acadamy/week_9/Speech_to_text_data_collector/venv/lib/python3.10/site-packages/airflow/example_dags/plugins/workday.py
[2022-07-06 19:40:57,170] {processor.py:653} WARNING - No viable dags retrieved from /home/hat/dev-env/10Acadamy/week_9/Speech_to_text_data_collector/venv/lib/python3.10/site-packages/airflow/example_dags/plugins/workday.py
[2022-07-06 19:40:57,186] {processor.py:161} INFO - Processing /home/hat/dev-env/10Acadamy/week_9/Speech_to_text_data_collector/venv/lib/python3.10/site-packages/airflow/example_dags/plugins/workday.py took 0.023 seconds
[2022-07-06 19:41:37,846] {processor.py:153} INFO - Started process (PID=51218) to work on /home/hat/dev-env/10Acadamy/week_9/Speech_to_text_data_collector/venv/lib/python3.10/site-packages/airflow/example_dags/plugins/workday.py
[2022-07-06 19:41:37,848] {processor.py:641} INFO - Processing file /home/hat/dev-env/10Acadamy/week_9/Speech_to_text_data_collector/venv/lib/python3.10/site-packages/airflow/example_dags/plugins/workday.py for tasks to queue
[2022-07-06 19:41:37,849] {logging_mixin.py:115} INFO - [2022-07-06 19:41:37,849] {dagbag.py:507} INFO - Filling up the DagBag from /home/hat/dev-env/10Acadamy/week_9/Speech_to_text_data_collector/venv/lib/python3.10/site-packages/airflow/example_dags/plugins/workday.py
[2022-07-06 19:41:37,851] {processor.py:653} WARNING - No viable dags retrieved from /home/hat/dev-env/10Acadamy/week_9/Speech_to_text_data_collector/venv/lib/python3.10/site-packages/airflow/example_dags/plugins/workday.py
[2022-07-06 19:41:37,864] {processor.py:161} INFO - Processing /home/hat/dev-env/10Acadamy/week_9/Speech_to_text_data_collector/venv/lib/python3.10/site-packages/airflow/example_dags/plugins/workday.py took 0.021 seconds
[2022-07-06 19:42:11,554] {processor.py:153} INFO - Started process (PID=51292) to work on /home/hat/dev-env/10Acadamy/week_9/Speech_to_text_data_collector/venv/lib/python3.10/site-packages/airflow/example_dags/plugins/workday.py
[2022-07-06 19:42:11,555] {processor.py:641} INFO - Processing file /home/hat/dev-env/10Acadamy/week_9/Speech_to_text_data_collector/venv/lib/python3.10/site-packages/airflow/example_dags/plugins/workday.py for tasks to queue
[2022-07-06 19:42:11,557] {logging_mixin.py:115} INFO - [2022-07-06 19:42:11,557] {dagbag.py:507} INFO - Filling up the DagBag from /home/hat/dev-env/10Acadamy/week_9/Speech_to_text_data_collector/venv/lib/python3.10/site-packages/airflow/example_dags/plugins/workday.py
[2022-07-06 19:42:11,563] {processor.py:653} WARNING - No viable dags retrieved from /home/hat/dev-env/10Acadamy/week_9/Speech_to_text_data_collector/venv/lib/python3.10/site-packages/airflow/example_dags/plugins/workday.py
[2022-07-06 19:42:11,576] {processor.py:161} INFO - Processing /home/hat/dev-env/10Acadamy/week_9/Speech_to_text_data_collector/venv/lib/python3.10/site-packages/airflow/example_dags/plugins/workday.py took 0.027 seconds
[2022-07-06 19:42:48,038] {processor.py:153} INFO - Started process (PID=51420) to work on /home/hat/dev-env/10Acadamy/week_9/Speech_to_text_data_collector/venv/lib/python3.10/site-packages/airflow/example_dags/plugins/workday.py
[2022-07-06 19:42:48,041] {processor.py:641} INFO - Processing file /home/hat/dev-env/10Acadamy/week_9/Speech_to_text_data_collector/venv/lib/python3.10/site-packages/airflow/example_dags/plugins/workday.py for tasks to queue
[2022-07-06 19:42:48,041] {logging_mixin.py:115} INFO - [2022-07-06 19:42:48,041] {dagbag.py:507} INFO - Filling up the DagBag from /home/hat/dev-env/10Acadamy/week_9/Speech_to_text_data_collector/venv/lib/python3.10/site-packages/airflow/example_dags/plugins/workday.py
[2022-07-06 19:42:48,044] {processor.py:653} WARNING - No viable dags retrieved from /home/hat/dev-env/10Acadamy/week_9/Speech_to_text_data_collector/venv/lib/python3.10/site-packages/airflow/example_dags/plugins/workday.py
[2022-07-06 19:42:48,056] {processor.py:161} INFO - Processing /home/hat/dev-env/10Acadamy/week_9/Speech_to_text_data_collector/venv/lib/python3.10/site-packages/airflow/example_dags/plugins/workday.py took 0.022 seconds
[2022-07-06 19:43:23,238] {processor.py:153} INFO - Started process (PID=51528) to work on /home/hat/dev-env/10Acadamy/week_9/Speech_to_text_data_collector/venv/lib/python3.10/site-packages/airflow/example_dags/plugins/workday.py
[2022-07-06 19:43:23,241] {processor.py:641} INFO - Processing file /home/hat/dev-env/10Acadamy/week_9/Speech_to_text_data_collector/venv/lib/python3.10/site-packages/airflow/example_dags/plugins/workday.py for tasks to queue
[2022-07-06 19:43:23,241] {logging_mixin.py:115} INFO - [2022-07-06 19:43:23,241] {dagbag.py:507} INFO - Filling up the DagBag from /home/hat/dev-env/10Acadamy/week_9/Speech_to_text_data_collector/venv/lib/python3.10/site-packages/airflow/example_dags/plugins/workday.py
[2022-07-06 19:43:23,243] {processor.py:653} WARNING - No viable dags retrieved from /home/hat/dev-env/10Acadamy/week_9/Speech_to_text_data_collector/venv/lib/python3.10/site-packages/airflow/example_dags/plugins/workday.py
[2022-07-06 19:43:23,256] {processor.py:161} INFO - Processing /home/hat/dev-env/10Acadamy/week_9/Speech_to_text_data_collector/venv/lib/python3.10/site-packages/airflow/example_dags/plugins/workday.py took 0.021 seconds
[2022-07-06 19:43:59,620] {processor.py:153} INFO - Started process (PID=51617) to work on /home/hat/dev-env/10Acadamy/week_9/Speech_to_text_data_collector/venv/lib/python3.10/site-packages/airflow/example_dags/plugins/workday.py
[2022-07-06 19:43:59,620] {processor.py:641} INFO - Processing file /home/hat/dev-env/10Acadamy/week_9/Speech_to_text_data_collector/venv/lib/python3.10/site-packages/airflow/example_dags/plugins/workday.py for tasks to queue
[2022-07-06 19:43:59,621] {logging_mixin.py:115} INFO - [2022-07-06 19:43:59,621] {dagbag.py:507} INFO - Filling up the DagBag from /home/hat/dev-env/10Acadamy/week_9/Speech_to_text_data_collector/venv/lib/python3.10/site-packages/airflow/example_dags/plugins/workday.py
[2022-07-06 19:43:59,623] {processor.py:653} WARNING - No viable dags retrieved from /home/hat/dev-env/10Acadamy/week_9/Speech_to_text_data_collector/venv/lib/python3.10/site-packages/airflow/example_dags/plugins/workday.py
[2022-07-06 19:43:59,640] {processor.py:161} INFO - Processing /home/hat/dev-env/10Acadamy/week_9/Speech_to_text_data_collector/venv/lib/python3.10/site-packages/airflow/example_dags/plugins/workday.py took 0.024 seconds
[2022-07-06 19:44:37,263] {processor.py:153} INFO - Started process (PID=51777) to work on /home/hat/dev-env/10Acadamy/week_9/Speech_to_text_data_collector/venv/lib/python3.10/site-packages/airflow/example_dags/plugins/workday.py
[2022-07-06 19:44:37,265] {processor.py:641} INFO - Processing file /home/hat/dev-env/10Acadamy/week_9/Speech_to_text_data_collector/venv/lib/python3.10/site-packages/airflow/example_dags/plugins/workday.py for tasks to queue
[2022-07-06 19:44:37,266] {logging_mixin.py:115} INFO - [2022-07-06 19:44:37,266] {dagbag.py:507} INFO - Filling up the DagBag from /home/hat/dev-env/10Acadamy/week_9/Speech_to_text_data_collector/venv/lib/python3.10/site-packages/airflow/example_dags/plugins/workday.py
[2022-07-06 19:44:37,269] {processor.py:653} WARNING - No viable dags retrieved from /home/hat/dev-env/10Acadamy/week_9/Speech_to_text_data_collector/venv/lib/python3.10/site-packages/airflow/example_dags/plugins/workday.py
[2022-07-06 19:44:37,281] {processor.py:161} INFO - Processing /home/hat/dev-env/10Acadamy/week_9/Speech_to_text_data_collector/venv/lib/python3.10/site-packages/airflow/example_dags/plugins/workday.py took 0.021 seconds
[2022-07-06 19:45:11,844] {processor.py:153} INFO - Started process (PID=51874) to work on /home/hat/dev-env/10Acadamy/week_9/Speech_to_text_data_collector/venv/lib/python3.10/site-packages/airflow/example_dags/plugins/workday.py
[2022-07-06 19:45:11,847] {processor.py:641} INFO - Processing file /home/hat/dev-env/10Acadamy/week_9/Speech_to_text_data_collector/venv/lib/python3.10/site-packages/airflow/example_dags/plugins/workday.py for tasks to queue
[2022-07-06 19:45:11,847] {logging_mixin.py:115} INFO - [2022-07-06 19:45:11,847] {dagbag.py:507} INFO - Filling up the DagBag from /home/hat/dev-env/10Acadamy/week_9/Speech_to_text_data_collector/venv/lib/python3.10/site-packages/airflow/example_dags/plugins/workday.py
[2022-07-06 19:45:11,849] {processor.py:653} WARNING - No viable dags retrieved from /home/hat/dev-env/10Acadamy/week_9/Speech_to_text_data_collector/venv/lib/python3.10/site-packages/airflow/example_dags/plugins/workday.py
[2022-07-06 19:45:11,862] {processor.py:161} INFO - Processing /home/hat/dev-env/10Acadamy/week_9/Speech_to_text_data_collector/venv/lib/python3.10/site-packages/airflow/example_dags/plugins/workday.py took 0.021 seconds
[2022-07-06 19:45:50,630] {processor.py:153} INFO - Started process (PID=52015) to work on /home/hat/dev-env/10Acadamy/week_9/Speech_to_text_data_collector/venv/lib/python3.10/site-packages/airflow/example_dags/plugins/workday.py
[2022-07-06 19:45:50,631] {processor.py:641} INFO - Processing file /home/hat/dev-env/10Acadamy/week_9/Speech_to_text_data_collector/venv/lib/python3.10/site-packages/airflow/example_dags/plugins/workday.py for tasks to queue
[2022-07-06 19:45:50,632] {logging_mixin.py:115} INFO - [2022-07-06 19:45:50,632] {dagbag.py:507} INFO - Filling up the DagBag from /home/hat/dev-env/10Acadamy/week_9/Speech_to_text_data_collector/venv/lib/python3.10/site-packages/airflow/example_dags/plugins/workday.py
[2022-07-06 19:45:50,635] {processor.py:653} WARNING - No viable dags retrieved from /home/hat/dev-env/10Acadamy/week_9/Speech_to_text_data_collector/venv/lib/python3.10/site-packages/airflow/example_dags/plugins/workday.py
[2022-07-06 19:45:50,647] {processor.py:161} INFO - Processing /home/hat/dev-env/10Acadamy/week_9/Speech_to_text_data_collector/venv/lib/python3.10/site-packages/airflow/example_dags/plugins/workday.py took 0.020 seconds
[2022-07-06 19:46:29,716] {processor.py:153} INFO - Started process (PID=52105) to work on /home/hat/dev-env/10Acadamy/week_9/Speech_to_text_data_collector/venv/lib/python3.10/site-packages/airflow/example_dags/plugins/workday.py
[2022-07-06 19:46:29,716] {processor.py:641} INFO - Processing file /home/hat/dev-env/10Acadamy/week_9/Speech_to_text_data_collector/venv/lib/python3.10/site-packages/airflow/example_dags/plugins/workday.py for tasks to queue
[2022-07-06 19:46:29,717] {logging_mixin.py:115} INFO - [2022-07-06 19:46:29,717] {dagbag.py:507} INFO - Filling up the DagBag from /home/hat/dev-env/10Acadamy/week_9/Speech_to_text_data_collector/venv/lib/python3.10/site-packages/airflow/example_dags/plugins/workday.py
[2022-07-06 19:46:29,720] {processor.py:653} WARNING - No viable dags retrieved from /home/hat/dev-env/10Acadamy/week_9/Speech_to_text_data_collector/venv/lib/python3.10/site-packages/airflow/example_dags/plugins/workday.py
[2022-07-06 19:46:29,740] {processor.py:161} INFO - Processing /home/hat/dev-env/10Acadamy/week_9/Speech_to_text_data_collector/venv/lib/python3.10/site-packages/airflow/example_dags/plugins/workday.py took 0.033 seconds
[2022-07-06 19:47:02,439] {processor.py:153} INFO - Started process (PID=52169) to work on /home/hat/dev-env/10Acadamy/week_9/Speech_to_text_data_collector/venv/lib/python3.10/site-packages/airflow/example_dags/plugins/workday.py
[2022-07-06 19:47:02,440] {processor.py:641} INFO - Processing file /home/hat/dev-env/10Acadamy/week_9/Speech_to_text_data_collector/venv/lib/python3.10/site-packages/airflow/example_dags/plugins/workday.py for tasks to queue
[2022-07-06 19:47:02,441] {logging_mixin.py:115} INFO - [2022-07-06 19:47:02,440] {dagbag.py:507} INFO - Filling up the DagBag from /home/hat/dev-env/10Acadamy/week_9/Speech_to_text_data_collector/venv/lib/python3.10/site-packages/airflow/example_dags/plugins/workday.py
[2022-07-06 19:47:02,443] {processor.py:653} WARNING - No viable dags retrieved from /home/hat/dev-env/10Acadamy/week_9/Speech_to_text_data_collector/venv/lib/python3.10/site-packages/airflow/example_dags/plugins/workday.py
[2022-07-06 19:47:02,456] {processor.py:161} INFO - Processing /home/hat/dev-env/10Acadamy/week_9/Speech_to_text_data_collector/venv/lib/python3.10/site-packages/airflow/example_dags/plugins/workday.py took 0.020 seconds
[2022-07-06 19:47:38,198] {processor.py:153} INFO - Started process (PID=52237) to work on /home/hat/dev-env/10Acadamy/week_9/Speech_to_text_data_collector/venv/lib/python3.10/site-packages/airflow/example_dags/plugins/workday.py
[2022-07-06 19:47:38,201] {processor.py:641} INFO - Processing file /home/hat/dev-env/10Acadamy/week_9/Speech_to_text_data_collector/venv/lib/python3.10/site-packages/airflow/example_dags/plugins/workday.py for tasks to queue
[2022-07-06 19:47:38,202] {logging_mixin.py:115} INFO - [2022-07-06 19:47:38,202] {dagbag.py:507} INFO - Filling up the DagBag from /home/hat/dev-env/10Acadamy/week_9/Speech_to_text_data_collector/venv/lib/python3.10/site-packages/airflow/example_dags/plugins/workday.py
[2022-07-06 19:47:38,207] {processor.py:653} WARNING - No viable dags retrieved from /home/hat/dev-env/10Acadamy/week_9/Speech_to_text_data_collector/venv/lib/python3.10/site-packages/airflow/example_dags/plugins/workday.py
[2022-07-06 19:47:38,237] {processor.py:161} INFO - Processing /home/hat/dev-env/10Acadamy/week_9/Speech_to_text_data_collector/venv/lib/python3.10/site-packages/airflow/example_dags/plugins/workday.py took 0.046 seconds
[2022-07-06 19:48:16,079] {processor.py:153} INFO - Started process (PID=52343) to work on /home/hat/dev-env/10Acadamy/week_9/Speech_to_text_data_collector/venv/lib/python3.10/site-packages/airflow/example_dags/plugins/workday.py
[2022-07-06 19:48:16,082] {processor.py:641} INFO - Processing file /home/hat/dev-env/10Acadamy/week_9/Speech_to_text_data_collector/venv/lib/python3.10/site-packages/airflow/example_dags/plugins/workday.py for tasks to queue
[2022-07-06 19:48:16,083] {logging_mixin.py:115} INFO - [2022-07-06 19:48:16,082] {dagbag.py:507} INFO - Filling up the DagBag from /home/hat/dev-env/10Acadamy/week_9/Speech_to_text_data_collector/venv/lib/python3.10/site-packages/airflow/example_dags/plugins/workday.py
[2022-07-06 19:48:16,085] {processor.py:653} WARNING - No viable dags retrieved from /home/hat/dev-env/10Acadamy/week_9/Speech_to_text_data_collector/venv/lib/python3.10/site-packages/airflow/example_dags/plugins/workday.py
[2022-07-06 19:48:16,104] {processor.py:161} INFO - Processing /home/hat/dev-env/10Acadamy/week_9/Speech_to_text_data_collector/venv/lib/python3.10/site-packages/airflow/example_dags/plugins/workday.py took 0.029 seconds
[2022-07-06 19:48:51,478] {processor.py:153} INFO - Started process (PID=52415) to work on /home/hat/dev-env/10Acadamy/week_9/Speech_to_text_data_collector/venv/lib/python3.10/site-packages/airflow/example_dags/plugins/workday.py
[2022-07-06 19:48:51,479] {processor.py:641} INFO - Processing file /home/hat/dev-env/10Acadamy/week_9/Speech_to_text_data_collector/venv/lib/python3.10/site-packages/airflow/example_dags/plugins/workday.py for tasks to queue
[2022-07-06 19:48:51,480] {logging_mixin.py:115} INFO - [2022-07-06 19:48:51,480] {dagbag.py:507} INFO - Filling up the DagBag from /home/hat/dev-env/10Acadamy/week_9/Speech_to_text_data_collector/venv/lib/python3.10/site-packages/airflow/example_dags/plugins/workday.py
[2022-07-06 19:48:51,483] {processor.py:653} WARNING - No viable dags retrieved from /home/hat/dev-env/10Acadamy/week_9/Speech_to_text_data_collector/venv/lib/python3.10/site-packages/airflow/example_dags/plugins/workday.py
[2022-07-06 19:48:51,497] {processor.py:161} INFO - Processing /home/hat/dev-env/10Acadamy/week_9/Speech_to_text_data_collector/venv/lib/python3.10/site-packages/airflow/example_dags/plugins/workday.py took 0.022 seconds
[2022-07-06 19:49:26,290] {processor.py:153} INFO - Started process (PID=52534) to work on /home/hat/dev-env/10Acadamy/week_9/Speech_to_text_data_collector/venv/lib/python3.10/site-packages/airflow/example_dags/plugins/workday.py
[2022-07-06 19:49:26,292] {processor.py:641} INFO - Processing file /home/hat/dev-env/10Acadamy/week_9/Speech_to_text_data_collector/venv/lib/python3.10/site-packages/airflow/example_dags/plugins/workday.py for tasks to queue
[2022-07-06 19:49:26,294] {logging_mixin.py:115} INFO - [2022-07-06 19:49:26,294] {dagbag.py:507} INFO - Filling up the DagBag from /home/hat/dev-env/10Acadamy/week_9/Speech_to_text_data_collector/venv/lib/python3.10/site-packages/airflow/example_dags/plugins/workday.py
[2022-07-06 19:49:26,300] {processor.py:653} WARNING - No viable dags retrieved from /home/hat/dev-env/10Acadamy/week_9/Speech_to_text_data_collector/venv/lib/python3.10/site-packages/airflow/example_dags/plugins/workday.py
[2022-07-06 19:49:26,341] {processor.py:161} INFO - Processing /home/hat/dev-env/10Acadamy/week_9/Speech_to_text_data_collector/venv/lib/python3.10/site-packages/airflow/example_dags/plugins/workday.py took 0.060 seconds
[2022-07-06 19:50:07,820] {processor.py:153} INFO - Started process (PID=52739) to work on /home/hat/dev-env/10Acadamy/week_9/Speech_to_text_data_collector/venv/lib/python3.10/site-packages/airflow/example_dags/plugins/workday.py
[2022-07-06 19:50:07,824] {processor.py:641} INFO - Processing file /home/hat/dev-env/10Acadamy/week_9/Speech_to_text_data_collector/venv/lib/python3.10/site-packages/airflow/example_dags/plugins/workday.py for tasks to queue
[2022-07-06 19:50:07,826] {logging_mixin.py:115} INFO - [2022-07-06 19:50:07,826] {dagbag.py:507} INFO - Filling up the DagBag from /home/hat/dev-env/10Acadamy/week_9/Speech_to_text_data_collector/venv/lib/python3.10/site-packages/airflow/example_dags/plugins/workday.py
[2022-07-06 19:50:07,830] {processor.py:653} WARNING - No viable dags retrieved from /home/hat/dev-env/10Acadamy/week_9/Speech_to_text_data_collector/venv/lib/python3.10/site-packages/airflow/example_dags/plugins/workday.py
[2022-07-06 19:50:07,847] {processor.py:161} INFO - Processing /home/hat/dev-env/10Acadamy/week_9/Speech_to_text_data_collector/venv/lib/python3.10/site-packages/airflow/example_dags/plugins/workday.py took 0.033 seconds
[2022-07-06 19:50:42,815] {processor.py:153} INFO - Started process (PID=52845) to work on /home/hat/dev-env/10Acadamy/week_9/Speech_to_text_data_collector/venv/lib/python3.10/site-packages/airflow/example_dags/plugins/workday.py
[2022-07-06 19:50:42,817] {processor.py:641} INFO - Processing file /home/hat/dev-env/10Acadamy/week_9/Speech_to_text_data_collector/venv/lib/python3.10/site-packages/airflow/example_dags/plugins/workday.py for tasks to queue
[2022-07-06 19:50:42,818] {logging_mixin.py:115} INFO - [2022-07-06 19:50:42,818] {dagbag.py:507} INFO - Filling up the DagBag from /home/hat/dev-env/10Acadamy/week_9/Speech_to_text_data_collector/venv/lib/python3.10/site-packages/airflow/example_dags/plugins/workday.py
[2022-07-06 19:50:42,822] {processor.py:653} WARNING - No viable dags retrieved from /home/hat/dev-env/10Acadamy/week_9/Speech_to_text_data_collector/venv/lib/python3.10/site-packages/airflow/example_dags/plugins/workday.py
[2022-07-06 19:50:42,839] {processor.py:161} INFO - Processing /home/hat/dev-env/10Acadamy/week_9/Speech_to_text_data_collector/venv/lib/python3.10/site-packages/airflow/example_dags/plugins/workday.py took 0.029 seconds
[2022-07-06 19:51:20,372] {processor.py:153} INFO - Started process (PID=52935) to work on /home/hat/dev-env/10Acadamy/week_9/Speech_to_text_data_collector/venv/lib/python3.10/site-packages/airflow/example_dags/plugins/workday.py
[2022-07-06 19:51:20,375] {processor.py:641} INFO - Processing file /home/hat/dev-env/10Acadamy/week_9/Speech_to_text_data_collector/venv/lib/python3.10/site-packages/airflow/example_dags/plugins/workday.py for tasks to queue
[2022-07-06 19:51:20,375] {logging_mixin.py:115} INFO - [2022-07-06 19:51:20,375] {dagbag.py:507} INFO - Filling up the DagBag from /home/hat/dev-env/10Acadamy/week_9/Speech_to_text_data_collector/venv/lib/python3.10/site-packages/airflow/example_dags/plugins/workday.py
[2022-07-06 19:51:20,379] {processor.py:653} WARNING - No viable dags retrieved from /home/hat/dev-env/10Acadamy/week_9/Speech_to_text_data_collector/venv/lib/python3.10/site-packages/airflow/example_dags/plugins/workday.py
[2022-07-06 19:51:20,397] {processor.py:161} INFO - Processing /home/hat/dev-env/10Acadamy/week_9/Speech_to_text_data_collector/venv/lib/python3.10/site-packages/airflow/example_dags/plugins/workday.py took 0.030 seconds
[2022-07-06 19:51:54,704] {processor.py:153} INFO - Started process (PID=53007) to work on /home/hat/dev-env/10Acadamy/week_9/Speech_to_text_data_collector/venv/lib/python3.10/site-packages/airflow/example_dags/plugins/workday.py
[2022-07-06 19:51:54,707] {processor.py:641} INFO - Processing file /home/hat/dev-env/10Acadamy/week_9/Speech_to_text_data_collector/venv/lib/python3.10/site-packages/airflow/example_dags/plugins/workday.py for tasks to queue
[2022-07-06 19:51:54,709] {logging_mixin.py:115} INFO - [2022-07-06 19:51:54,708] {dagbag.py:507} INFO - Filling up the DagBag from /home/hat/dev-env/10Acadamy/week_9/Speech_to_text_data_collector/venv/lib/python3.10/site-packages/airflow/example_dags/plugins/workday.py
[2022-07-06 19:51:54,713] {processor.py:653} WARNING - No viable dags retrieved from /home/hat/dev-env/10Acadamy/week_9/Speech_to_text_data_collector/venv/lib/python3.10/site-packages/airflow/example_dags/plugins/workday.py
[2022-07-06 19:51:54,725] {processor.py:161} INFO - Processing /home/hat/dev-env/10Acadamy/week_9/Speech_to_text_data_collector/venv/lib/python3.10/site-packages/airflow/example_dags/plugins/workday.py took 0.025 seconds
[2022-07-06 19:52:31,462] {processor.py:153} INFO - Started process (PID=53082) to work on /home/hat/dev-env/10Acadamy/week_9/Speech_to_text_data_collector/venv/lib/python3.10/site-packages/airflow/example_dags/plugins/workday.py
[2022-07-06 19:52:31,464] {processor.py:641} INFO - Processing file /home/hat/dev-env/10Acadamy/week_9/Speech_to_text_data_collector/venv/lib/python3.10/site-packages/airflow/example_dags/plugins/workday.py for tasks to queue
[2022-07-06 19:52:31,465] {logging_mixin.py:115} INFO - [2022-07-06 19:52:31,465] {dagbag.py:507} INFO - Filling up the DagBag from /home/hat/dev-env/10Acadamy/week_9/Speech_to_text_data_collector/venv/lib/python3.10/site-packages/airflow/example_dags/plugins/workday.py
[2022-07-06 19:52:31,467] {processor.py:653} WARNING - No viable dags retrieved from /home/hat/dev-env/10Acadamy/week_9/Speech_to_text_data_collector/venv/lib/python3.10/site-packages/airflow/example_dags/plugins/workday.py
[2022-07-06 19:52:31,480] {processor.py:161} INFO - Processing /home/hat/dev-env/10Acadamy/week_9/Speech_to_text_data_collector/venv/lib/python3.10/site-packages/airflow/example_dags/plugins/workday.py took 0.022 seconds
[2022-07-06 19:53:06,484] {processor.py:153} INFO - Started process (PID=53169) to work on /home/hat/dev-env/10Acadamy/week_9/Speech_to_text_data_collector/venv/lib/python3.10/site-packages/airflow/example_dags/plugins/workday.py
[2022-07-06 19:53:06,485] {processor.py:641} INFO - Processing file /home/hat/dev-env/10Acadamy/week_9/Speech_to_text_data_collector/venv/lib/python3.10/site-packages/airflow/example_dags/plugins/workday.py for tasks to queue
[2022-07-06 19:53:06,486] {logging_mixin.py:115} INFO - [2022-07-06 19:53:06,486] {dagbag.py:507} INFO - Filling up the DagBag from /home/hat/dev-env/10Acadamy/week_9/Speech_to_text_data_collector/venv/lib/python3.10/site-packages/airflow/example_dags/plugins/workday.py
[2022-07-06 19:53:06,488] {processor.py:653} WARNING - No viable dags retrieved from /home/hat/dev-env/10Acadamy/week_9/Speech_to_text_data_collector/venv/lib/python3.10/site-packages/airflow/example_dags/plugins/workday.py
[2022-07-06 19:53:06,500] {processor.py:161} INFO - Processing /home/hat/dev-env/10Acadamy/week_9/Speech_to_text_data_collector/venv/lib/python3.10/site-packages/airflow/example_dags/plugins/workday.py took 0.019 seconds
[2022-07-06 19:53:44,769] {processor.py:153} INFO - Started process (PID=53279) to work on /home/hat/dev-env/10Acadamy/week_9/Speech_to_text_data_collector/venv/lib/python3.10/site-packages/airflow/example_dags/plugins/workday.py
[2022-07-06 19:53:44,772] {processor.py:641} INFO - Processing file /home/hat/dev-env/10Acadamy/week_9/Speech_to_text_data_collector/venv/lib/python3.10/site-packages/airflow/example_dags/plugins/workday.py for tasks to queue
[2022-07-06 19:53:44,773] {logging_mixin.py:115} INFO - [2022-07-06 19:53:44,773] {dagbag.py:507} INFO - Filling up the DagBag from /home/hat/dev-env/10Acadamy/week_9/Speech_to_text_data_collector/venv/lib/python3.10/site-packages/airflow/example_dags/plugins/workday.py
[2022-07-06 19:53:44,779] {processor.py:653} WARNING - No viable dags retrieved from /home/hat/dev-env/10Acadamy/week_9/Speech_to_text_data_collector/venv/lib/python3.10/site-packages/airflow/example_dags/plugins/workday.py
[2022-07-06 19:53:44,817] {processor.py:161} INFO - Processing /home/hat/dev-env/10Acadamy/week_9/Speech_to_text_data_collector/venv/lib/python3.10/site-packages/airflow/example_dags/plugins/workday.py took 0.060 seconds
[2022-07-06 19:54:22,652] {processor.py:153} INFO - Started process (PID=53365) to work on /home/hat/dev-env/10Acadamy/week_9/Speech_to_text_data_collector/venv/lib/python3.10/site-packages/airflow/example_dags/plugins/workday.py
[2022-07-06 19:54:22,659] {processor.py:641} INFO - Processing file /home/hat/dev-env/10Acadamy/week_9/Speech_to_text_data_collector/venv/lib/python3.10/site-packages/airflow/example_dags/plugins/workday.py for tasks to queue
[2022-07-06 19:54:22,661] {logging_mixin.py:115} INFO - [2022-07-06 19:54:22,660] {dagbag.py:507} INFO - Filling up the DagBag from /home/hat/dev-env/10Acadamy/week_9/Speech_to_text_data_collector/venv/lib/python3.10/site-packages/airflow/example_dags/plugins/workday.py
[2022-07-06 19:54:22,666] {processor.py:653} WARNING - No viable dags retrieved from /home/hat/dev-env/10Acadamy/week_9/Speech_to_text_data_collector/venv/lib/python3.10/site-packages/airflow/example_dags/plugins/workday.py
[2022-07-06 19:54:22,730] {processor.py:161} INFO - Processing /home/hat/dev-env/10Acadamy/week_9/Speech_to_text_data_collector/venv/lib/python3.10/site-packages/airflow/example_dags/plugins/workday.py took 0.087 seconds
[2022-07-06 19:55:00,852] {processor.py:153} INFO - Started process (PID=53510) to work on /home/hat/dev-env/10Acadamy/week_9/Speech_to_text_data_collector/venv/lib/python3.10/site-packages/airflow/example_dags/plugins/workday.py
[2022-07-06 19:55:00,855] {processor.py:641} INFO - Processing file /home/hat/dev-env/10Acadamy/week_9/Speech_to_text_data_collector/venv/lib/python3.10/site-packages/airflow/example_dags/plugins/workday.py for tasks to queue
[2022-07-06 19:55:00,856] {logging_mixin.py:115} INFO - [2022-07-06 19:55:00,856] {dagbag.py:507} INFO - Filling up the DagBag from /home/hat/dev-env/10Acadamy/week_9/Speech_to_text_data_collector/venv/lib/python3.10/site-packages/airflow/example_dags/plugins/workday.py
[2022-07-06 19:55:00,860] {processor.py:653} WARNING - No viable dags retrieved from /home/hat/dev-env/10Acadamy/week_9/Speech_to_text_data_collector/venv/lib/python3.10/site-packages/airflow/example_dags/plugins/workday.py
[2022-07-06 19:55:00,901] {processor.py:161} INFO - Processing /home/hat/dev-env/10Acadamy/week_9/Speech_to_text_data_collector/venv/lib/python3.10/site-packages/airflow/example_dags/plugins/workday.py took 0.066 seconds
[2022-07-06 19:55:35,600] {processor.py:153} INFO - Started process (PID=53619) to work on /home/hat/dev-env/10Acadamy/week_9/Speech_to_text_data_collector/venv/lib/python3.10/site-packages/airflow/example_dags/plugins/workday.py
[2022-07-06 19:55:35,603] {processor.py:641} INFO - Processing file /home/hat/dev-env/10Acadamy/week_9/Speech_to_text_data_collector/venv/lib/python3.10/site-packages/airflow/example_dags/plugins/workday.py for tasks to queue
[2022-07-06 19:55:35,603] {logging_mixin.py:115} INFO - [2022-07-06 19:55:35,603] {dagbag.py:507} INFO - Filling up the DagBag from /home/hat/dev-env/10Acadamy/week_9/Speech_to_text_data_collector/venv/lib/python3.10/site-packages/airflow/example_dags/plugins/workday.py
[2022-07-06 19:55:35,606] {processor.py:653} WARNING - No viable dags retrieved from /home/hat/dev-env/10Acadamy/week_9/Speech_to_text_data_collector/venv/lib/python3.10/site-packages/airflow/example_dags/plugins/workday.py
[2022-07-06 19:55:35,620] {processor.py:161} INFO - Processing /home/hat/dev-env/10Acadamy/week_9/Speech_to_text_data_collector/venv/lib/python3.10/site-packages/airflow/example_dags/plugins/workday.py took 0.023 seconds
[2022-07-06 19:56:10,510] {processor.py:153} INFO - Started process (PID=53703) to work on /home/hat/dev-env/10Acadamy/week_9/Speech_to_text_data_collector/venv/lib/python3.10/site-packages/airflow/example_dags/plugins/workday.py
[2022-07-06 19:56:10,513] {processor.py:641} INFO - Processing file /home/hat/dev-env/10Acadamy/week_9/Speech_to_text_data_collector/venv/lib/python3.10/site-packages/airflow/example_dags/plugins/workday.py for tasks to queue
[2022-07-06 19:56:10,517] {logging_mixin.py:115} INFO - [2022-07-06 19:56:10,516] {dagbag.py:507} INFO - Filling up the DagBag from /home/hat/dev-env/10Acadamy/week_9/Speech_to_text_data_collector/venv/lib/python3.10/site-packages/airflow/example_dags/plugins/workday.py
[2022-07-06 19:56:10,521] {processor.py:653} WARNING - No viable dags retrieved from /home/hat/dev-env/10Acadamy/week_9/Speech_to_text_data_collector/venv/lib/python3.10/site-packages/airflow/example_dags/plugins/workday.py
[2022-07-06 19:56:10,541] {processor.py:161} INFO - Processing /home/hat/dev-env/10Acadamy/week_9/Speech_to_text_data_collector/venv/lib/python3.10/site-packages/airflow/example_dags/plugins/workday.py took 0.037 seconds
[2022-07-06 19:56:48,678] {processor.py:153} INFO - Started process (PID=53774) to work on /home/hat/dev-env/10Acadamy/week_9/Speech_to_text_data_collector/venv/lib/python3.10/site-packages/airflow/example_dags/plugins/workday.py
[2022-07-06 19:56:48,681] {processor.py:641} INFO - Processing file /home/hat/dev-env/10Acadamy/week_9/Speech_to_text_data_collector/venv/lib/python3.10/site-packages/airflow/example_dags/plugins/workday.py for tasks to queue
[2022-07-06 19:56:48,681] {logging_mixin.py:115} INFO - [2022-07-06 19:56:48,681] {dagbag.py:507} INFO - Filling up the DagBag from /home/hat/dev-env/10Acadamy/week_9/Speech_to_text_data_collector/venv/lib/python3.10/site-packages/airflow/example_dags/plugins/workday.py
[2022-07-06 19:56:48,684] {processor.py:653} WARNING - No viable dags retrieved from /home/hat/dev-env/10Acadamy/week_9/Speech_to_text_data_collector/venv/lib/python3.10/site-packages/airflow/example_dags/plugins/workday.py
[2022-07-06 19:56:48,697] {processor.py:161} INFO - Processing /home/hat/dev-env/10Acadamy/week_9/Speech_to_text_data_collector/venv/lib/python3.10/site-packages/airflow/example_dags/plugins/workday.py took 0.022 seconds
[2022-07-06 19:57:24,766] {processor.py:153} INFO - Started process (PID=53843) to work on /home/hat/dev-env/10Acadamy/week_9/Speech_to_text_data_collector/venv/lib/python3.10/site-packages/airflow/example_dags/plugins/workday.py
[2022-07-06 19:57:24,769] {processor.py:641} INFO - Processing file /home/hat/dev-env/10Acadamy/week_9/Speech_to_text_data_collector/venv/lib/python3.10/site-packages/airflow/example_dags/plugins/workday.py for tasks to queue
[2022-07-06 19:57:24,771] {logging_mixin.py:115} INFO - [2022-07-06 19:57:24,770] {dagbag.py:507} INFO - Filling up the DagBag from /home/hat/dev-env/10Acadamy/week_9/Speech_to_text_data_collector/venv/lib/python3.10/site-packages/airflow/example_dags/plugins/workday.py
[2022-07-06 19:57:24,774] {processor.py:653} WARNING - No viable dags retrieved from /home/hat/dev-env/10Acadamy/week_9/Speech_to_text_data_collector/venv/lib/python3.10/site-packages/airflow/example_dags/plugins/workday.py
[2022-07-06 19:57:24,797] {processor.py:161} INFO - Processing /home/hat/dev-env/10Acadamy/week_9/Speech_to_text_data_collector/venv/lib/python3.10/site-packages/airflow/example_dags/plugins/workday.py took 0.039 seconds
[2022-07-06 19:57:58,652] {processor.py:153} INFO - Started process (PID=53922) to work on /home/hat/dev-env/10Acadamy/week_9/Speech_to_text_data_collector/venv/lib/python3.10/site-packages/airflow/example_dags/plugins/workday.py
[2022-07-06 19:57:58,653] {processor.py:641} INFO - Processing file /home/hat/dev-env/10Acadamy/week_9/Speech_to_text_data_collector/venv/lib/python3.10/site-packages/airflow/example_dags/plugins/workday.py for tasks to queue
[2022-07-06 19:57:58,654] {logging_mixin.py:115} INFO - [2022-07-06 19:57:58,654] {dagbag.py:507} INFO - Filling up the DagBag from /home/hat/dev-env/10Acadamy/week_9/Speech_to_text_data_collector/venv/lib/python3.10/site-packages/airflow/example_dags/plugins/workday.py
[2022-07-06 19:57:58,656] {processor.py:653} WARNING - No viable dags retrieved from /home/hat/dev-env/10Acadamy/week_9/Speech_to_text_data_collector/venv/lib/python3.10/site-packages/airflow/example_dags/plugins/workday.py
[2022-07-06 19:57:58,677] {processor.py:161} INFO - Processing /home/hat/dev-env/10Acadamy/week_9/Speech_to_text_data_collector/venv/lib/python3.10/site-packages/airflow/example_dags/plugins/workday.py took 0.035 seconds
[2022-07-06 19:58:36,032] {processor.py:153} INFO - Started process (PID=54038) to work on /home/hat/dev-env/10Acadamy/week_9/Speech_to_text_data_collector/venv/lib/python3.10/site-packages/airflow/example_dags/plugins/workday.py
[2022-07-06 19:58:36,035] {processor.py:641} INFO - Processing file /home/hat/dev-env/10Acadamy/week_9/Speech_to_text_data_collector/venv/lib/python3.10/site-packages/airflow/example_dags/plugins/workday.py for tasks to queue
[2022-07-06 19:58:36,035] {logging_mixin.py:115} INFO - [2022-07-06 19:58:36,035] {dagbag.py:507} INFO - Filling up the DagBag from /home/hat/dev-env/10Acadamy/week_9/Speech_to_text_data_collector/venv/lib/python3.10/site-packages/airflow/example_dags/plugins/workday.py
[2022-07-06 19:58:36,038] {processor.py:653} WARNING - No viable dags retrieved from /home/hat/dev-env/10Acadamy/week_9/Speech_to_text_data_collector/venv/lib/python3.10/site-packages/airflow/example_dags/plugins/workday.py
[2022-07-06 19:58:36,051] {processor.py:161} INFO - Processing /home/hat/dev-env/10Acadamy/week_9/Speech_to_text_data_collector/venv/lib/python3.10/site-packages/airflow/example_dags/plugins/workday.py took 0.022 seconds
[2022-07-06 19:59:11,502] {processor.py:153} INFO - Started process (PID=54113) to work on /home/hat/dev-env/10Acadamy/week_9/Speech_to_text_data_collector/venv/lib/python3.10/site-packages/airflow/example_dags/plugins/workday.py
[2022-07-06 19:59:11,502] {processor.py:641} INFO - Processing file /home/hat/dev-env/10Acadamy/week_9/Speech_to_text_data_collector/venv/lib/python3.10/site-packages/airflow/example_dags/plugins/workday.py for tasks to queue
[2022-07-06 19:59:11,503] {logging_mixin.py:115} INFO - [2022-07-06 19:59:11,503] {dagbag.py:507} INFO - Filling up the DagBag from /home/hat/dev-env/10Acadamy/week_9/Speech_to_text_data_collector/venv/lib/python3.10/site-packages/airflow/example_dags/plugins/workday.py
[2022-07-06 19:59:11,506] {processor.py:653} WARNING - No viable dags retrieved from /home/hat/dev-env/10Acadamy/week_9/Speech_to_text_data_collector/venv/lib/python3.10/site-packages/airflow/example_dags/plugins/workday.py
[2022-07-06 19:59:11,521] {processor.py:161} INFO - Processing /home/hat/dev-env/10Acadamy/week_9/Speech_to_text_data_collector/venv/lib/python3.10/site-packages/airflow/example_dags/plugins/workday.py took 0.024 seconds
[2022-07-06 19:59:47,022] {processor.py:153} INFO - Started process (PID=54268) to work on /home/hat/dev-env/10Acadamy/week_9/Speech_to_text_data_collector/venv/lib/python3.10/site-packages/airflow/example_dags/plugins/workday.py
[2022-07-06 19:59:47,022] {processor.py:641} INFO - Processing file /home/hat/dev-env/10Acadamy/week_9/Speech_to_text_data_collector/venv/lib/python3.10/site-packages/airflow/example_dags/plugins/workday.py for tasks to queue
[2022-07-06 19:59:47,023] {logging_mixin.py:115} INFO - [2022-07-06 19:59:47,023] {dagbag.py:507} INFO - Filling up the DagBag from /home/hat/dev-env/10Acadamy/week_9/Speech_to_text_data_collector/venv/lib/python3.10/site-packages/airflow/example_dags/plugins/workday.py
[2022-07-06 19:59:47,025] {processor.py:653} WARNING - No viable dags retrieved from /home/hat/dev-env/10Acadamy/week_9/Speech_to_text_data_collector/venv/lib/python3.10/site-packages/airflow/example_dags/plugins/workday.py
[2022-07-06 19:59:47,038] {processor.py:161} INFO - Processing /home/hat/dev-env/10Acadamy/week_9/Speech_to_text_data_collector/venv/lib/python3.10/site-packages/airflow/example_dags/plugins/workday.py took 0.019 seconds
[2022-07-06 20:00:21,597] {processor.py:153} INFO - Started process (PID=54380) to work on /home/hat/dev-env/10Acadamy/week_9/Speech_to_text_data_collector/venv/lib/python3.10/site-packages/airflow/example_dags/plugins/workday.py
[2022-07-06 20:00:21,597] {processor.py:641} INFO - Processing file /home/hat/dev-env/10Acadamy/week_9/Speech_to_text_data_collector/venv/lib/python3.10/site-packages/airflow/example_dags/plugins/workday.py for tasks to queue
[2022-07-06 20:00:21,598] {logging_mixin.py:115} INFO - [2022-07-06 20:00:21,598] {dagbag.py:507} INFO - Filling up the DagBag from /home/hat/dev-env/10Acadamy/week_9/Speech_to_text_data_collector/venv/lib/python3.10/site-packages/airflow/example_dags/plugins/workday.py
[2022-07-06 20:00:21,601] {processor.py:653} WARNING - No viable dags retrieved from /home/hat/dev-env/10Acadamy/week_9/Speech_to_text_data_collector/venv/lib/python3.10/site-packages/airflow/example_dags/plugins/workday.py
[2022-07-06 20:00:21,613] {processor.py:161} INFO - Processing /home/hat/dev-env/10Acadamy/week_9/Speech_to_text_data_collector/venv/lib/python3.10/site-packages/airflow/example_dags/plugins/workday.py took 0.020 seconds
[2022-07-06 20:00:56,702] {processor.py:153} INFO - Started process (PID=54528) to work on /home/hat/dev-env/10Acadamy/week_9/Speech_to_text_data_collector/venv/lib/python3.10/site-packages/airflow/example_dags/plugins/workday.py
[2022-07-06 20:00:56,704] {processor.py:641} INFO - Processing file /home/hat/dev-env/10Acadamy/week_9/Speech_to_text_data_collector/venv/lib/python3.10/site-packages/airflow/example_dags/plugins/workday.py for tasks to queue
[2022-07-06 20:00:56,706] {logging_mixin.py:115} INFO - [2022-07-06 20:00:56,705] {dagbag.py:507} INFO - Filling up the DagBag from /home/hat/dev-env/10Acadamy/week_9/Speech_to_text_data_collector/venv/lib/python3.10/site-packages/airflow/example_dags/plugins/workday.py
[2022-07-06 20:00:56,712] {processor.py:653} WARNING - No viable dags retrieved from /home/hat/dev-env/10Acadamy/week_9/Speech_to_text_data_collector/venv/lib/python3.10/site-packages/airflow/example_dags/plugins/workday.py
[2022-07-06 20:00:56,727] {processor.py:161} INFO - Processing /home/hat/dev-env/10Acadamy/week_9/Speech_to_text_data_collector/venv/lib/python3.10/site-packages/airflow/example_dags/plugins/workday.py took 0.029 seconds
[2022-07-06 20:01:33,026] {processor.py:153} INFO - Started process (PID=54615) to work on /home/hat/dev-env/10Acadamy/week_9/Speech_to_text_data_collector/venv/lib/python3.10/site-packages/airflow/example_dags/plugins/workday.py
[2022-07-06 20:01:33,027] {processor.py:641} INFO - Processing file /home/hat/dev-env/10Acadamy/week_9/Speech_to_text_data_collector/venv/lib/python3.10/site-packages/airflow/example_dags/plugins/workday.py for tasks to queue
[2022-07-06 20:01:33,027] {logging_mixin.py:115} INFO - [2022-07-06 20:01:33,027] {dagbag.py:507} INFO - Filling up the DagBag from /home/hat/dev-env/10Acadamy/week_9/Speech_to_text_data_collector/venv/lib/python3.10/site-packages/airflow/example_dags/plugins/workday.py
[2022-07-06 20:01:33,030] {processor.py:653} WARNING - No viable dags retrieved from /home/hat/dev-env/10Acadamy/week_9/Speech_to_text_data_collector/venv/lib/python3.10/site-packages/airflow/example_dags/plugins/workday.py
[2022-07-06 20:01:33,048] {processor.py:161} INFO - Processing /home/hat/dev-env/10Acadamy/week_9/Speech_to_text_data_collector/venv/lib/python3.10/site-packages/airflow/example_dags/plugins/workday.py took 0.027 seconds
[2022-07-06 20:02:08,837] {processor.py:153} INFO - Started process (PID=54699) to work on /home/hat/dev-env/10Acadamy/week_9/Speech_to_text_data_collector/venv/lib/python3.10/site-packages/airflow/example_dags/plugins/workday.py
[2022-07-06 20:02:08,839] {processor.py:641} INFO - Processing file /home/hat/dev-env/10Acadamy/week_9/Speech_to_text_data_collector/venv/lib/python3.10/site-packages/airflow/example_dags/plugins/workday.py for tasks to queue
[2022-07-06 20:02:08,840] {logging_mixin.py:115} INFO - [2022-07-06 20:02:08,840] {dagbag.py:507} INFO - Filling up the DagBag from /home/hat/dev-env/10Acadamy/week_9/Speech_to_text_data_collector/venv/lib/python3.10/site-packages/airflow/example_dags/plugins/workday.py
[2022-07-06 20:02:08,843] {processor.py:653} WARNING - No viable dags retrieved from /home/hat/dev-env/10Acadamy/week_9/Speech_to_text_data_collector/venv/lib/python3.10/site-packages/airflow/example_dags/plugins/workday.py
[2022-07-06 20:02:08,857] {processor.py:161} INFO - Processing /home/hat/dev-env/10Acadamy/week_9/Speech_to_text_data_collector/venv/lib/python3.10/site-packages/airflow/example_dags/plugins/workday.py took 0.024 seconds
[2022-07-06 20:02:44,356] {processor.py:153} INFO - Started process (PID=54881) to work on /home/hat/dev-env/10Acadamy/week_9/Speech_to_text_data_collector/venv/lib/python3.10/site-packages/airflow/example_dags/plugins/workday.py
[2022-07-06 20:02:44,356] {processor.py:641} INFO - Processing file /home/hat/dev-env/10Acadamy/week_9/Speech_to_text_data_collector/venv/lib/python3.10/site-packages/airflow/example_dags/plugins/workday.py for tasks to queue
[2022-07-06 20:02:44,357] {logging_mixin.py:115} INFO - [2022-07-06 20:02:44,357] {dagbag.py:507} INFO - Filling up the DagBag from /home/hat/dev-env/10Acadamy/week_9/Speech_to_text_data_collector/venv/lib/python3.10/site-packages/airflow/example_dags/plugins/workday.py
[2022-07-06 20:02:44,359] {processor.py:653} WARNING - No viable dags retrieved from /home/hat/dev-env/10Acadamy/week_9/Speech_to_text_data_collector/venv/lib/python3.10/site-packages/airflow/example_dags/plugins/workday.py
[2022-07-06 20:02:44,373] {processor.py:161} INFO - Processing /home/hat/dev-env/10Acadamy/week_9/Speech_to_text_data_collector/venv/lib/python3.10/site-packages/airflow/example_dags/plugins/workday.py took 0.021 seconds
[2022-07-06 20:03:21,162] {processor.py:153} INFO - Started process (PID=54958) to work on /home/hat/dev-env/10Acadamy/week_9/Speech_to_text_data_collector/venv/lib/python3.10/site-packages/airflow/example_dags/plugins/workday.py
[2022-07-06 20:03:21,165] {processor.py:641} INFO - Processing file /home/hat/dev-env/10Acadamy/week_9/Speech_to_text_data_collector/venv/lib/python3.10/site-packages/airflow/example_dags/plugins/workday.py for tasks to queue
[2022-07-06 20:03:21,168] {logging_mixin.py:115} INFO - [2022-07-06 20:03:21,167] {dagbag.py:507} INFO - Filling up the DagBag from /home/hat/dev-env/10Acadamy/week_9/Speech_to_text_data_collector/venv/lib/python3.10/site-packages/airflow/example_dags/plugins/workday.py
[2022-07-06 20:03:21,176] {processor.py:653} WARNING - No viable dags retrieved from /home/hat/dev-env/10Acadamy/week_9/Speech_to_text_data_collector/venv/lib/python3.10/site-packages/airflow/example_dags/plugins/workday.py
[2022-07-06 20:03:21,209] {processor.py:161} INFO - Processing /home/hat/dev-env/10Acadamy/week_9/Speech_to_text_data_collector/venv/lib/python3.10/site-packages/airflow/example_dags/plugins/workday.py took 0.057 seconds
[2022-07-06 20:04:00,194] {processor.py:153} INFO - Started process (PID=55056) to work on /home/hat/dev-env/10Acadamy/week_9/Speech_to_text_data_collector/venv/lib/python3.10/site-packages/airflow/example_dags/plugins/workday.py
[2022-07-06 20:04:00,197] {processor.py:641} INFO - Processing file /home/hat/dev-env/10Acadamy/week_9/Speech_to_text_data_collector/venv/lib/python3.10/site-packages/airflow/example_dags/plugins/workday.py for tasks to queue
[2022-07-06 20:04:00,198] {logging_mixin.py:115} INFO - [2022-07-06 20:04:00,198] {dagbag.py:507} INFO - Filling up the DagBag from /home/hat/dev-env/10Acadamy/week_9/Speech_to_text_data_collector/venv/lib/python3.10/site-packages/airflow/example_dags/plugins/workday.py
[2022-07-06 20:04:00,201] {processor.py:653} WARNING - No viable dags retrieved from /home/hat/dev-env/10Acadamy/week_9/Speech_to_text_data_collector/venv/lib/python3.10/site-packages/airflow/example_dags/plugins/workday.py
[2022-07-06 20:04:00,216] {processor.py:161} INFO - Processing /home/hat/dev-env/10Acadamy/week_9/Speech_to_text_data_collector/venv/lib/python3.10/site-packages/airflow/example_dags/plugins/workday.py took 0.025 seconds
[2022-07-06 20:04:35,763] {processor.py:153} INFO - Started process (PID=55363) to work on /home/hat/dev-env/10Acadamy/week_9/Speech_to_text_data_collector/venv/lib/python3.10/site-packages/airflow/example_dags/plugins/workday.py
[2022-07-06 20:04:35,765] {processor.py:641} INFO - Processing file /home/hat/dev-env/10Acadamy/week_9/Speech_to_text_data_collector/venv/lib/python3.10/site-packages/airflow/example_dags/plugins/workday.py for tasks to queue
[2022-07-06 20:04:35,766] {logging_mixin.py:115} INFO - [2022-07-06 20:04:35,766] {dagbag.py:507} INFO - Filling up the DagBag from /home/hat/dev-env/10Acadamy/week_9/Speech_to_text_data_collector/venv/lib/python3.10/site-packages/airflow/example_dags/plugins/workday.py
[2022-07-06 20:04:35,769] {processor.py:653} WARNING - No viable dags retrieved from /home/hat/dev-env/10Acadamy/week_9/Speech_to_text_data_collector/venv/lib/python3.10/site-packages/airflow/example_dags/plugins/workday.py
[2022-07-06 20:04:35,784] {processor.py:161} INFO - Processing /home/hat/dev-env/10Acadamy/week_9/Speech_to_text_data_collector/venv/lib/python3.10/site-packages/airflow/example_dags/plugins/workday.py took 0.025 seconds
[2022-07-06 20:05:09,586] {processor.py:153} INFO - Started process (PID=55432) to work on /home/hat/dev-env/10Acadamy/week_9/Speech_to_text_data_collector/venv/lib/python3.10/site-packages/airflow/example_dags/plugins/workday.py
[2022-07-06 20:05:09,589] {processor.py:641} INFO - Processing file /home/hat/dev-env/10Acadamy/week_9/Speech_to_text_data_collector/venv/lib/python3.10/site-packages/airflow/example_dags/plugins/workday.py for tasks to queue
[2022-07-06 20:05:09,589] {logging_mixin.py:115} INFO - [2022-07-06 20:05:09,589] {dagbag.py:507} INFO - Filling up the DagBag from /home/hat/dev-env/10Acadamy/week_9/Speech_to_text_data_collector/venv/lib/python3.10/site-packages/airflow/example_dags/plugins/workday.py
[2022-07-06 20:05:09,593] {processor.py:653} WARNING - No viable dags retrieved from /home/hat/dev-env/10Acadamy/week_9/Speech_to_text_data_collector/venv/lib/python3.10/site-packages/airflow/example_dags/plugins/workday.py
[2022-07-06 20:05:09,614] {processor.py:161} INFO - Processing /home/hat/dev-env/10Acadamy/week_9/Speech_to_text_data_collector/venv/lib/python3.10/site-packages/airflow/example_dags/plugins/workday.py took 0.036 seconds
[2022-07-06 20:05:46,529] {processor.py:153} INFO - Started process (PID=55528) to work on /home/hat/dev-env/10Acadamy/week_9/Speech_to_text_data_collector/venv/lib/python3.10/site-packages/airflow/example_dags/plugins/workday.py
[2022-07-06 20:05:46,532] {processor.py:641} INFO - Processing file /home/hat/dev-env/10Acadamy/week_9/Speech_to_text_data_collector/venv/lib/python3.10/site-packages/airflow/example_dags/plugins/workday.py for tasks to queue
[2022-07-06 20:05:46,533] {logging_mixin.py:115} INFO - [2022-07-06 20:05:46,533] {dagbag.py:507} INFO - Filling up the DagBag from /home/hat/dev-env/10Acadamy/week_9/Speech_to_text_data_collector/venv/lib/python3.10/site-packages/airflow/example_dags/plugins/workday.py
[2022-07-06 20:05:46,535] {processor.py:653} WARNING - No viable dags retrieved from /home/hat/dev-env/10Acadamy/week_9/Speech_to_text_data_collector/venv/lib/python3.10/site-packages/airflow/example_dags/plugins/workday.py
[2022-07-06 20:05:46,550] {processor.py:161} INFO - Processing /home/hat/dev-env/10Acadamy/week_9/Speech_to_text_data_collector/venv/lib/python3.10/site-packages/airflow/example_dags/plugins/workday.py took 0.024 seconds
[2022-07-06 20:06:23,381] {processor.py:153} INFO - Started process (PID=55609) to work on /home/hat/dev-env/10Acadamy/week_9/Speech_to_text_data_collector/venv/lib/python3.10/site-packages/airflow/example_dags/plugins/workday.py
[2022-07-06 20:06:23,383] {processor.py:641} INFO - Processing file /home/hat/dev-env/10Acadamy/week_9/Speech_to_text_data_collector/venv/lib/python3.10/site-packages/airflow/example_dags/plugins/workday.py for tasks to queue
[2022-07-06 20:06:23,385] {logging_mixin.py:115} INFO - [2022-07-06 20:06:23,384] {dagbag.py:507} INFO - Filling up the DagBag from /home/hat/dev-env/10Acadamy/week_9/Speech_to_text_data_collector/venv/lib/python3.10/site-packages/airflow/example_dags/plugins/workday.py
[2022-07-06 20:06:23,388] {processor.py:653} WARNING - No viable dags retrieved from /home/hat/dev-env/10Acadamy/week_9/Speech_to_text_data_collector/venv/lib/python3.10/site-packages/airflow/example_dags/plugins/workday.py
[2022-07-06 20:06:23,405] {processor.py:161} INFO - Processing /home/hat/dev-env/10Acadamy/week_9/Speech_to_text_data_collector/venv/lib/python3.10/site-packages/airflow/example_dags/plugins/workday.py took 0.029 seconds
[2022-07-06 20:06:59,568] {processor.py:153} INFO - Started process (PID=55686) to work on /home/hat/dev-env/10Acadamy/week_9/Speech_to_text_data_collector/venv/lib/python3.10/site-packages/airflow/example_dags/plugins/workday.py
[2022-07-06 20:06:59,569] {processor.py:641} INFO - Processing file /home/hat/dev-env/10Acadamy/week_9/Speech_to_text_data_collector/venv/lib/python3.10/site-packages/airflow/example_dags/plugins/workday.py for tasks to queue
[2022-07-06 20:06:59,569] {logging_mixin.py:115} INFO - [2022-07-06 20:06:59,569] {dagbag.py:507} INFO - Filling up the DagBag from /home/hat/dev-env/10Acadamy/week_9/Speech_to_text_data_collector/venv/lib/python3.10/site-packages/airflow/example_dags/plugins/workday.py
[2022-07-06 20:06:59,572] {processor.py:653} WARNING - No viable dags retrieved from /home/hat/dev-env/10Acadamy/week_9/Speech_to_text_data_collector/venv/lib/python3.10/site-packages/airflow/example_dags/plugins/workday.py
[2022-07-06 20:06:59,594] {processor.py:161} INFO - Processing /home/hat/dev-env/10Acadamy/week_9/Speech_to_text_data_collector/venv/lib/python3.10/site-packages/airflow/example_dags/plugins/workday.py took 0.029 seconds
[2022-07-06 20:07:36,697] {processor.py:153} INFO - Started process (PID=55775) to work on /home/hat/dev-env/10Acadamy/week_9/Speech_to_text_data_collector/venv/lib/python3.10/site-packages/airflow/example_dags/plugins/workday.py
[2022-07-06 20:07:36,700] {processor.py:641} INFO - Processing file /home/hat/dev-env/10Acadamy/week_9/Speech_to_text_data_collector/venv/lib/python3.10/site-packages/airflow/example_dags/plugins/workday.py for tasks to queue
[2022-07-06 20:07:36,702] {logging_mixin.py:115} INFO - [2022-07-06 20:07:36,702] {dagbag.py:507} INFO - Filling up the DagBag from /home/hat/dev-env/10Acadamy/week_9/Speech_to_text_data_collector/venv/lib/python3.10/site-packages/airflow/example_dags/plugins/workday.py
[2022-07-06 20:07:36,706] {processor.py:653} WARNING - No viable dags retrieved from /home/hat/dev-env/10Acadamy/week_9/Speech_to_text_data_collector/venv/lib/python3.10/site-packages/airflow/example_dags/plugins/workday.py
[2022-07-06 20:07:36,740] {processor.py:161} INFO - Processing /home/hat/dev-env/10Acadamy/week_9/Speech_to_text_data_collector/venv/lib/python3.10/site-packages/airflow/example_dags/plugins/workday.py took 0.048 seconds
[2022-07-06 20:08:11,384] {processor.py:153} INFO - Started process (PID=55852) to work on /home/hat/dev-env/10Acadamy/week_9/Speech_to_text_data_collector/venv/lib/python3.10/site-packages/airflow/example_dags/plugins/workday.py
[2022-07-06 20:08:11,385] {processor.py:641} INFO - Processing file /home/hat/dev-env/10Acadamy/week_9/Speech_to_text_data_collector/venv/lib/python3.10/site-packages/airflow/example_dags/plugins/workday.py for tasks to queue
[2022-07-06 20:08:11,387] {logging_mixin.py:115} INFO - [2022-07-06 20:08:11,387] {dagbag.py:507} INFO - Filling up the DagBag from /home/hat/dev-env/10Acadamy/week_9/Speech_to_text_data_collector/venv/lib/python3.10/site-packages/airflow/example_dags/plugins/workday.py
[2022-07-06 20:08:11,393] {processor.py:653} WARNING - No viable dags retrieved from /home/hat/dev-env/10Acadamy/week_9/Speech_to_text_data_collector/venv/lib/python3.10/site-packages/airflow/example_dags/plugins/workday.py
[2022-07-06 20:08:11,422] {processor.py:161} INFO - Processing /home/hat/dev-env/10Acadamy/week_9/Speech_to_text_data_collector/venv/lib/python3.10/site-packages/airflow/example_dags/plugins/workday.py took 0.044 seconds
[2022-07-06 20:08:48,549] {processor.py:153} INFO - Started process (PID=55942) to work on /home/hat/dev-env/10Acadamy/week_9/Speech_to_text_data_collector/venv/lib/python3.10/site-packages/airflow/example_dags/plugins/workday.py
[2022-07-06 20:08:48,552] {processor.py:641} INFO - Processing file /home/hat/dev-env/10Acadamy/week_9/Speech_to_text_data_collector/venv/lib/python3.10/site-packages/airflow/example_dags/plugins/workday.py for tasks to queue
[2022-07-06 20:08:48,553] {logging_mixin.py:115} INFO - [2022-07-06 20:08:48,553] {dagbag.py:507} INFO - Filling up the DagBag from /home/hat/dev-env/10Acadamy/week_9/Speech_to_text_data_collector/venv/lib/python3.10/site-packages/airflow/example_dags/plugins/workday.py
[2022-07-06 20:08:48,556] {processor.py:653} WARNING - No viable dags retrieved from /home/hat/dev-env/10Acadamy/week_9/Speech_to_text_data_collector/venv/lib/python3.10/site-packages/airflow/example_dags/plugins/workday.py
[2022-07-06 20:08:48,579] {processor.py:161} INFO - Processing /home/hat/dev-env/10Acadamy/week_9/Speech_to_text_data_collector/venv/lib/python3.10/site-packages/airflow/example_dags/plugins/workday.py took 0.034 seconds
[2022-07-06 20:09:27,656] {processor.py:153} INFO - Started process (PID=56276) to work on /home/hat/dev-env/10Acadamy/week_9/Speech_to_text_data_collector/venv/lib/python3.10/site-packages/airflow/example_dags/plugins/workday.py
[2022-07-06 20:09:27,659] {processor.py:641} INFO - Processing file /home/hat/dev-env/10Acadamy/week_9/Speech_to_text_data_collector/venv/lib/python3.10/site-packages/airflow/example_dags/plugins/workday.py for tasks to queue
[2022-07-06 20:09:27,660] {logging_mixin.py:115} INFO - [2022-07-06 20:09:27,660] {dagbag.py:507} INFO - Filling up the DagBag from /home/hat/dev-env/10Acadamy/week_9/Speech_to_text_data_collector/venv/lib/python3.10/site-packages/airflow/example_dags/plugins/workday.py
[2022-07-06 20:09:27,665] {processor.py:653} WARNING - No viable dags retrieved from /home/hat/dev-env/10Acadamy/week_9/Speech_to_text_data_collector/venv/lib/python3.10/site-packages/airflow/example_dags/plugins/workday.py
[2022-07-06 20:09:27,694] {processor.py:161} INFO - Processing /home/hat/dev-env/10Acadamy/week_9/Speech_to_text_data_collector/venv/lib/python3.10/site-packages/airflow/example_dags/plugins/workday.py took 0.051 seconds
[2022-07-06 20:10:06,224] {processor.py:153} INFO - Started process (PID=56772) to work on /home/hat/dev-env/10Acadamy/week_9/Speech_to_text_data_collector/venv/lib/python3.10/site-packages/airflow/example_dags/plugins/workday.py
[2022-07-06 20:10:06,227] {processor.py:641} INFO - Processing file /home/hat/dev-env/10Acadamy/week_9/Speech_to_text_data_collector/venv/lib/python3.10/site-packages/airflow/example_dags/plugins/workday.py for tasks to queue
[2022-07-06 20:10:06,228] {logging_mixin.py:115} INFO - [2022-07-06 20:10:06,227] {dagbag.py:507} INFO - Filling up the DagBag from /home/hat/dev-env/10Acadamy/week_9/Speech_to_text_data_collector/venv/lib/python3.10/site-packages/airflow/example_dags/plugins/workday.py
[2022-07-06 20:10:06,232] {processor.py:653} WARNING - No viable dags retrieved from /home/hat/dev-env/10Acadamy/week_9/Speech_to_text_data_collector/venv/lib/python3.10/site-packages/airflow/example_dags/plugins/workday.py
[2022-07-06 20:10:06,251] {processor.py:161} INFO - Processing /home/hat/dev-env/10Acadamy/week_9/Speech_to_text_data_collector/venv/lib/python3.10/site-packages/airflow/example_dags/plugins/workday.py took 0.032 seconds
